<?xml version="1.0" encoding="UTF-8"?>
<testsuite name="com.thelegendofbald.model.sounds.SoundManagerTest" tests="8" skipped="0" failures="0" errors="0" timestamp="2025-08-30T19:25:29.496Z" hostname="Vramoss-MacBook-Pro.local" time="2.575">
  <properties/>
  <testcase name="testSoundPlayerCloseDoesNotThrow()" classname="com.thelegendofbald.model.sounds.SoundManagerTest" time="0.422"/>
  <testcase name="testAddSoundPlayerSetsVolume()" classname="com.thelegendofbald.model.sounds.SoundManagerTest" time="0.004"/>
  <testcase name="testSoundPlayerSetVolumeValid()" classname="com.thelegendofbald.model.sounds.SoundManagerTest" time="0.007"/>
  <testcase name="testSetMasterVolumeThrowsOnInvalid()" classname="com.thelegendofbald.model.sounds.SoundManagerTest" time="0.005"/>
  <testcase name="testSoundPlayerPlayDoesNotThrow()" classname="com.thelegendofbald.model.sounds.SoundManagerTest" time="0.089"/>
  <testcase name="testSoundPlayerSetVolumeInvalid()" classname="com.thelegendofbald.model.sounds.SoundManagerTest" time="2.022"/>
  <testcase name="testCloseAllDoesNotThrow()" classname="com.thelegendofbald.model.sounds.SoundManagerTest" time="0.012"/>
  <testcase name="testSetMasterVolumeUpdatesPlayers()" classname="com.thelegendofbald.model.sounds.SoundManagerTest" time="0.008"/>
  <system-out><![CDATA[]]></system-out>
  <system-err><![CDATA[]]></system-err>
</testsuite>
