<?xml version="1.0" encoding="UTF-8"?>
<testsuite name="com.thelegendofbald.model.common.DataManagerTest" tests="3" skipped="0" failures="0" errors="0" timestamp="2025-08-23T09:11:29.845Z" hostname="Vramoss-MacBook-Pro.local" time="0.262">
  <properties/>
  <testcase name="testLoadGameRunsReturnsEmptyListIfFileDoesNotExist()" classname="com.thelegendofbald.model.common.DataManagerTest" time="0.097"/>
  <testcase name="testSaveMultipleGameRuns()" classname="com.thelegendofbald.model.common.DataManagerTest" time="0.154"/>
  <testcase name="testSaveAndLoadGameRun()" classname="com.thelegendofbald.model.common.DataManagerTest" time="0.009"/>
  <system-out><![CDATA[]]></system-out>
  <system-err><![CDATA[]]></system-err>
</testsuite>
