<?xml version="1.0" encoding="UTF-8"?>
<testsuite name="com.thelegendofbald.model.inventory.InventoryManagerTest" tests="4" skipped="0" failures="0" errors="0" timestamp="2025-08-23T09:11:30.112Z" hostname="Vramoss-MacBook-Pro.local" time="0.453">
  <properties/>
  <testcase name="testClearInventory()" classname="com.thelegendofbald.model.inventory.InventoryManagerTest" time="0.173"/>
  <testcase name="testRemoveWeapon()" classname="com.thelegendofbald.model.inventory.InventoryManagerTest" time="0.13"/>
  <testcase name="testAddWeapon()" classname="com.thelegendofbald.model.inventory.InventoryManagerTest" time="0.072"/>
  <testcase name="testSetWeaponAtSpecificPosition()" classname="com.thelegendofbald.model.inventory.InventoryManagerTest" time="0.075"/>
  <system-out><![CDATA[]]></system-out>
  <system-err><![CDATA[]]></system-err>
</testsuite>
