<?xml version="1.0" encoding="UTF-8"?>
<testsuite name="com.thelegendofbald.model.sounds.SoundManagerTest" tests="8" skipped="0" failures="0" errors="0" timestamp="2025-08-04T13:23:32.722Z" hostname="DESKTOP-UD627CF" time="2.46">
  <properties/>
  <testcase name="testSoundPlayerCloseDoesNotThrow()" classname="com.thelegendofbald.model.sounds.SoundManagerTest" time="0.217"/>
  <testcase name="testAddSoundPlayerSetsVolume()" classname="com.thelegendofbald.model.sounds.SoundManagerTest" time="0.012"/>
  <testcase name="testSoundPlayerSetVolumeValid()" classname="com.thelegendofbald.model.sounds.SoundManagerTest" time="0.026"/>
  <testcase name="testSetMasterVolumeThrowsOnInvalid()" classname="com.thelegendofbald.model.sounds.SoundManagerTest" time="0.007"/>
  <testcase name="testSoundPlayerPlayDoesNotThrow()" classname="com.thelegendofbald.model.sounds.SoundManagerTest" time="0.021"/>
  <testcase name="testSoundPlayerSetVolumeInvalid()" classname="com.thelegendofbald.model.sounds.SoundManagerTest" time="2.068"/>
  <testcase name="testCloseAllDoesNotThrow()" classname="com.thelegendofbald.model.sounds.SoundManagerTest" time="0.059"/>
  <testcase name="testSetMasterVolumeUpdatesPlayers()" classname="com.thelegendofbald.model.sounds.SoundManagerTest" time="0.034"/>
  <system-out><![CDATA[]]></system-out>
  <system-err><![CDATA[]]></system-err>
</testsuite>
