<?xml version="1.0" encoding="UTF-8"?>
<testsuite name="com.thelegendofbald.model.common.DataManagerTest" tests="3" skipped="0" failures="0" errors="0" timestamp="2025-08-04T13:23:31.991Z" hostname="DESKTOP-UD627CF" time="0.265">
  <properties/>
  <testcase name="testLoadGameRunsReturnsEmptyListIfFileDoesNotExist()" classname="com.thelegendofbald.model.common.DataManagerTest" time="0.132"/>
  <testcase name="testSaveMultipleGameRuns()" classname="com.thelegendofbald.model.common.DataManagerTest" time="0.123"/>
  <testcase name="testSaveAndLoadGameRun()" classname="com.thelegendofbald.model.common.DataManagerTest" time="0.007"/>
  <system-out><![CDATA[]]></system-out>
  <system-err><![CDATA[]]></system-err>
</testsuite>
