<?xml version="1.0" encoding="UTF-8"?>
<testsuite name="com.thelegendofbald.model.inventory.InventoryManagerTest" tests="4" skipped="0" failures="0" errors="0" timestamp="2025-08-04T13:23:32.264Z" hostname="DESKTOP-UD627CF" time="0.454">
  <properties/>
  <testcase name="testClearInventory()" classname="com.thelegendofbald.model.inventory.InventoryManagerTest" time="0.206"/>
  <testcase name="testRemoveWeapon()" classname="com.thelegendofbald.model.inventory.InventoryManagerTest" time="0.102"/>
  <testcase name="testAddWeapon()" classname="com.thelegendofbald.model.inventory.InventoryManagerTest" time="0.085"/>
  <testcase name="testSetWeaponAtSpecificPosition()" classname="com.thelegendofbald.model.inventory.InventoryManagerTest" time="0.058"/>
  <system-out><![CDATA[]]></system-out>
  <system-err><![CDATA[]]></system-err>
</testsuite>
