<?xml version="1.0" encoding="UTF-8"?>
<checkstyle version="10.21.2">
<file name="C:\Users\Utente\Desktop\the-legend-of-bald\src\main\java\com\thelegendofbald\api\buttons\JButtonFactory.java">
</file>
<file name="C:\Users\Utente\Desktop\the-legend-of-bald\src\main\java\com\thelegendofbald\api\buttons\TemplateButton.java">
</file>
<file name="C:\Users\Utente\Desktop\the-legend-of-bald\src\main\java\com\thelegendofbald\api\common\GridBagConstraintsFactory.java">
</file>
<file name="C:\Users\Utente\Desktop\the-legend-of-bald\src\main\java\com\thelegendofbald\api\common\Resizable.java">
</file>
<file name="C:\Users\Utente\Desktop\the-legend-of-bald\src\main\java\com\thelegendofbald\api\common\TextLabelFactory.java">
</file>
<file name="C:\Users\Utente\Desktop\the-legend-of-bald\src\main\java\com\thelegendofbald\api\game\Game.java">
</file>
<file name="C:\Users\Utente\Desktop\the-legend-of-bald\src\main\java\com\thelegendofbald\api\game_options\Buttons.java">
</file>
<file name="C:\Users\Utente\Desktop\the-legend-of-bald\src\main\java\com\thelegendofbald\api\inventory\Inventory.java">
</file>
<file name="C:\Users\Utente\Desktop\the-legend-of-bald\src\main\java\com\thelegendofbald\api\mainmenu\Buttons.java">
</file>
<file name="C:\Users\Utente\Desktop\the-legend-of-bald\src\main\java\com\thelegendofbald\api\panels\AdapterPanel.java">
</file>
<file name="C:\Users\Utente\Desktop\the-legend-of-bald\src\main\java\com\thelegendofbald\api\panels\BasePanel.java">
</file>
<file name="C:\Users\Utente\Desktop\the-legend-of-bald\src\main\java\com\thelegendofbald\api\panels\InteractivePanel.java">
</file>
<file name="C:\Users\Utente\Desktop\the-legend-of-bald\src\main\java\com\thelegendofbald\api\panels\LifePanel.java">
<error line="9" column="1" severity="error" message="Missing a Javadoc comment." source="com.puppycrawl.tools.checkstyle.checks.javadoc.MissingJavadocTypeCheck"/>
<error line="11" severity="error" message="Line has trailing spaces." source="com.puppycrawl.tools.checkstyle.checks.regexp.RegexpSinglelineCheck"/>
<error line="13" column="5" severity="error" message="Missing a Javadoc comment." source="com.puppycrawl.tools.checkstyle.checks.javadoc.MissingJavadocMethodCheck"/>
<error line="13" column="22" severity="error" message="Parameter size should be final." source="com.puppycrawl.tools.checkstyle.checks.FinalParametersCheck"/>
<error line="13" column="32" severity="error" message="Variable &apos;size&apos; should be declared final." source="com.puppycrawl.tools.checkstyle.checks.coding.FinalLocalVariableCheck"/>
<error line="13" column="38" severity="error" message="Parameter lifeComponent should be final." source="com.puppycrawl.tools.checkstyle.checks.FinalParametersCheck"/>
<error line="13" column="52" severity="error" message="Variable &apos;lifeComponent&apos; should be declared final." source="com.puppycrawl.tools.checkstyle.checks.coding.FinalLocalVariableCheck"/>
<error line="18" column="5" severity="error" message="Class &apos;LifePanel&apos; looks like designed for extension (can be subclassed), but the method &apos;initializeComponents&apos; does not have javadoc that explains how to do that safely. If class is not designed for extension consider making the class &apos;LifePanel&apos; final or making the method &apos;initializeComponents&apos; static/final/abstract/empty, or adding allowed annotation for the method." source="com.puppycrawl.tools.checkstyle.checks.design.DesignForExtensionCheck"/>
<error line="29" column="5" severity="error" message="Class &apos;LifePanel&apos; looks like designed for extension (can be subclassed), but the method &apos;updateView&apos; does not have javadoc that explains how to do that safely. If class is not designed for extension consider making the class &apos;LifePanel&apos; final or making the method &apos;updateView&apos; static/final/abstract/empty, or adding allowed annotation for the method." source="com.puppycrawl.tools.checkstyle.checks.design.DesignForExtensionCheck"/>
<error line="32" severity="error" message="Line has trailing spaces." source="com.puppycrawl.tools.checkstyle.checks.regexp.RegexpSinglelineCheck"/>
<error line="35" column="5" severity="error" message="Class &apos;LifePanel&apos; looks like designed for extension (can be subclassed), but the method &apos;paintComponent&apos; does not have javadoc that explains how to do that safely. If class is not designed for extension consider making the class &apos;LifePanel&apos; final or making the method &apos;paintComponent&apos; static/final/abstract/empty, or adding allowed annotation for the method." source="com.puppycrawl.tools.checkstyle.checks.design.DesignForExtensionCheck"/>
<error line="36" column="32" severity="error" message="Parameter g should be final." source="com.puppycrawl.tools.checkstyle.checks.FinalParametersCheck"/>
<error line="36" column="41" severity="error" message="Variable &apos;g&apos; should be declared final." source="com.puppycrawl.tools.checkstyle.checks.coding.FinalLocalVariableCheck"/>
<error line="39" column="16" severity="error" message="Variable &apos;perc&apos; should be declared final." source="com.puppycrawl.tools.checkstyle.checks.coding.FinalLocalVariableCheck"/>
<error line="40" column="13" severity="error" message="Variable &apos;width&apos; should be declared final." source="com.puppycrawl.tools.checkstyle.checks.coding.FinalLocalVariableCheck"/>
</file>
<file name="C:\Users\Utente\Desktop\the-legend-of-bald\src\main\java\com\thelegendofbald\api\panels\MenuPanel.java">
</file>
<file name="C:\Users\Utente\Desktop\the-legend-of-bald\src\main\java\com\thelegendofbald\api\panels\Panels.java">
</file>
<file name="C:\Users\Utente\Desktop\the-legend-of-bald\src\main\java\com\thelegendofbald\api\settingsmenu\AudioSettings.java">
</file>
<file name="C:\Users\Utente\Desktop\the-legend-of-bald\src\main\java\com\thelegendofbald\api\settingsmenu\ControlsSettings.java">
</file>
<file name="C:\Users\Utente\Desktop\the-legend-of-bald\src\main\java\com\thelegendofbald\api\settingsmenu\SettingOption.java">
</file>
<file name="C:\Users\Utente\Desktop\the-legend-of-bald\src\main\java\com\thelegendofbald\api\settingsmenu\Settings.java">
</file>
<file name="C:\Users\Utente\Desktop\the-legend-of-bald\src\main\java\com\thelegendofbald\api\settingsmenu\SettingsEditorsManager.java">
</file>
<file name="C:\Users\Utente\Desktop\the-legend-of-bald\src\main\java\com\thelegendofbald\api\settingsmenu\VideoSettings.java">
</file>
<file name="C:\Users\Utente\Desktop\the-legend-of-bald\src\main\java\com\thelegendofbald\api\settingsmenu\WindowMode.java">
</file>
<file name="C:\Users\Utente\Desktop\the-legend-of-bald\src\main\java\com\thelegendofbald\api\views\MainView.java">
</file>
<file name="C:\Users\Utente\Desktop\the-legend-of-bald\src\main\java\com\thelegendofbald\api\views\MenuView.java">
</file>
<file name="C:\Users\Utente\Desktop\the-legend-of-bald\src\main\java\com\thelegendofbald\api\views\View.java">
</file>
<file name="C:\Users\Utente\Desktop\the-legend-of-bald\src\main\java\com\thelegendofbald\characters\Bald.java">
<error line="1" severity="error" message="File does not end with a newline." source="com.puppycrawl.tools.checkstyle.checks.NewlineAtEndOfFileCheck"/>
<error line="23" column="1" severity="error" message="Missing a Javadoc comment." source="com.puppycrawl.tools.checkstyle.checks.javadoc.MissingJavadocTypeCheck"/>
<error line="29" column="5" severity="error" message="Static variable definition in wrong order." source="com.puppycrawl.tools.checkstyle.checks.coding.DeclarationOrderCheck"/>
<error line="29" column="5" severity="error" message="Missing a Javadoc comment." source="com.puppycrawl.tools.checkstyle.checks.javadoc.JavadocVariableCheck"/>
<error line="29" column="32" severity="error" message="Name &apos;SpeedX&apos; must match pattern &apos;^[A-Z][A-Z0-9]*(_[A-Z0-9]+)*$&apos;." source="com.puppycrawl.tools.checkstyle.checks.naming.ConstantNameCheck"/>
<error line="34" column="20" severity="error" message="Variable &apos;speedX&apos; explicitly initialized to &apos;0&apos; (default value for its type)." source="com.puppycrawl.tools.checkstyle.checks.coding.ExplicitInitializationCheck"/>
<error line="37" column="5" severity="error" message="Class &apos;Bald&apos; looks like designed for extension (can be subclassed), but the method &apos;getSpeedX&apos; does not have javadoc that explains how to do that safely. If class is not designed for extension consider making the class &apos;Bald&apos; final or making the method &apos;getSpeedX&apos; static/final/abstract/empty, or adding allowed annotation for the method." source="com.puppycrawl.tools.checkstyle.checks.design.DesignForExtensionCheck"/>
<error line="37" column="5" severity="error" message="Missing a Javadoc comment." source="com.puppycrawl.tools.checkstyle.checks.javadoc.MissingJavadocMethodCheck"/>
<error line="41" column="5" severity="error" message="Class &apos;Bald&apos; looks like designed for extension (can be subclassed), but the method &apos;getSpeedY&apos; does not have javadoc that explains how to do that safely. If class is not designed for extension consider making the class &apos;Bald&apos; final or making the method &apos;getSpeedY&apos; static/final/abstract/empty, or adding allowed annotation for the method." source="com.puppycrawl.tools.checkstyle.checks.design.DesignForExtensionCheck"/>
<error line="41" column="5" severity="error" message="Missing a Javadoc comment." source="com.puppycrawl.tools.checkstyle.checks.javadoc.MissingJavadocMethodCheck"/>
<error line="45" column="5" severity="error" message="Class &apos;Bald&apos; looks like designed for extension (can be subclassed), but the method &apos;getWallet&apos; does not have javadoc that explains how to do that safely. If class is not designed for extension consider making the class &apos;Bald&apos; final or making the method &apos;getWallet&apos; static/final/abstract/empty, or adding allowed annotation for the method." source="com.puppycrawl.tools.checkstyle.checks.design.DesignForExtensionCheck"/>
<error line="45" column="5" severity="error" message="Missing a Javadoc comment." source="com.puppycrawl.tools.checkstyle.checks.javadoc.MissingJavadocMethodCheck"/>
<error line="49" column="5" severity="error" message="Instance variable definition in wrong order." source="com.puppycrawl.tools.checkstyle.checks.coding.DeclarationOrderCheck"/>
<error line="49" column="20" severity="error" message="Variable &apos;speedY&apos; explicitly initialized to &apos;0&apos; (default value for its type)." source="com.puppycrawl.tools.checkstyle.checks.coding.ExplicitInitializationCheck"/>
<error line="50" column="5" severity="error" message="Instance variable definition in wrong order." source="com.puppycrawl.tools.checkstyle.checks.coding.DeclarationOrderCheck"/>
<error line="51" column="5" severity="error" message="Instance variable definition in wrong order." source="com.puppycrawl.tools.checkstyle.checks.coding.DeclarationOrderCheck"/>
<error line="52" column="5" severity="error" message="Instance variable definition in wrong order." source="com.puppycrawl.tools.checkstyle.checks.coding.DeclarationOrderCheck"/>
<error line="53" column="5" severity="error" message="Instance variable definition in wrong order." source="com.puppycrawl.tools.checkstyle.checks.coding.DeclarationOrderCheck"/>
<error line="53" column="17" severity="error" message="Variable &apos;currentFrame&apos; explicitly initialized to &apos;0&apos; (default value for its type)." source="com.puppycrawl.tools.checkstyle.checks.coding.ExplicitInitializationCheck"/>
<error line="54" column="5" severity="error" message="Instance variable definition in wrong order." source="com.puppycrawl.tools.checkstyle.checks.coding.DeclarationOrderCheck"/>
<error line="54" column="30" severity="error" message="&apos;5&apos; is a magic number." source="com.puppycrawl.tools.checkstyle.checks.coding.MagicNumberCheck"/>
<error line="55" column="5" severity="error" message="Instance variable definition in wrong order." source="com.puppycrawl.tools.checkstyle.checks.coding.DeclarationOrderCheck"/>
<error line="55" column="17" severity="error" message="Variable &apos;frameCounter&apos; explicitly initialized to &apos;0&apos; (default value for its type)." source="com.puppycrawl.tools.checkstyle.checks.coding.ExplicitInitializationCheck"/>
<error line="56" column="5" severity="error" message="Instance variable definition in wrong order." source="com.puppycrawl.tools.checkstyle.checks.coding.DeclarationOrderCheck"/>
<error line="56" column="21" severity="error" message="Variable &apos;isAttacking&apos; explicitly initialized to &apos;false&apos; (default value for its type)." source="com.puppycrawl.tools.checkstyle.checks.coding.ExplicitInitializationCheck"/>
<error line="57" column="5" severity="error" message="Instance variable definition in wrong order." source="com.puppycrawl.tools.checkstyle.checks.coding.DeclarationOrderCheck"/>
<error line="57" column="17" severity="error" message="Variable &apos;currentAttackFrame&apos; explicitly initialized to &apos;0&apos; (default value for its type)." source="com.puppycrawl.tools.checkstyle.checks.coding.ExplicitInitializationCheck"/>
<error line="58" column="5" severity="error" message="Instance variable definition in wrong order." source="com.puppycrawl.tools.checkstyle.checks.coding.DeclarationOrderCheck"/>
<error line="59" column="5" severity="error" message="Instance variable definition in wrong order." source="com.puppycrawl.tools.checkstyle.checks.coding.DeclarationOrderCheck"/>
<error line="60" column="5" severity="error" message="Instance variable definition in wrong order." source="com.puppycrawl.tools.checkstyle.checks.coding.DeclarationOrderCheck"/>
<error line="62" column="5" severity="error" message="Constructor definition in wrong order." source="com.puppycrawl.tools.checkstyle.checks.coding.DeclarationOrderCheck"/>
<error line="62" column="5" severity="error" message="Missing a Javadoc comment." source="com.puppycrawl.tools.checkstyle.checks.javadoc.MissingJavadocMethodCheck"/>
<error line="62" column="17" severity="error" message="Parameter x should be final." source="com.puppycrawl.tools.checkstyle.checks.FinalParametersCheck"/>
<error line="62" column="21" severity="error" message="Variable &apos;x&apos; should be declared final." source="com.puppycrawl.tools.checkstyle.checks.coding.FinalLocalVariableCheck"/>
<error line="62" column="24" severity="error" message="Parameter y should be final." source="com.puppycrawl.tools.checkstyle.checks.FinalParametersCheck"/>
<error line="62" column="28" severity="error" message="Variable &apos;y&apos; should be declared final." source="com.puppycrawl.tools.checkstyle.checks.coding.FinalLocalVariableCheck"/>
<error line="62" column="31" severity="error" message="Parameter maxHealth should be final." source="com.puppycrawl.tools.checkstyle.checks.FinalParametersCheck"/>
<error line="62" column="35" severity="error" message="Variable &apos;maxHealth&apos; should be declared final." source="com.puppycrawl.tools.checkstyle.checks.coding.FinalLocalVariableCheck"/>
<error line="62" column="46" severity="error" message="Parameter name should be final." source="com.puppycrawl.tools.checkstyle.checks.FinalParametersCheck"/>
<error line="62" column="53" severity="error" message="Variable &apos;name&apos; should be declared final." source="com.puppycrawl.tools.checkstyle.checks.coding.FinalLocalVariableCheck"/>
<error line="62" column="59" severity="error" message="Parameter attackPower should be final." source="com.puppycrawl.tools.checkstyle.checks.FinalParametersCheck"/>
<error line="62" column="63" severity="error" message="Variable &apos;attackPower&apos; should be declared final." source="com.puppycrawl.tools.checkstyle.checks.coding.FinalLocalVariableCheck"/>
<error line="69" column="5" severity="error" message="Class &apos;Bald&apos; looks like designed for extension (can be subclassed), but the method &apos;startAttackAnimation&apos; does not have javadoc that explains how to do that safely. If class is not designed for extension consider making the class &apos;Bald&apos; final or making the method &apos;startAttackAnimation&apos; static/final/abstract/empty, or adding allowed annotation for the method." source="com.puppycrawl.tools.checkstyle.checks.design.DesignForExtensionCheck"/>
<error line="69" column="5" severity="error" message="Missing a Javadoc comment." source="com.puppycrawl.tools.checkstyle.checks.javadoc.MissingJavadocMethodCheck"/>
<error line="77" column="22" severity="error" message="Variable &apos;weaponNames&apos; should be declared final." source="com.puppycrawl.tools.checkstyle.checks.coding.FinalLocalVariableCheck"/>
<error line="78" column="13" severity="error" message="Variable &apos;numFrames&apos; should be declared final." source="com.puppycrawl.tools.checkstyle.checks.coding.FinalLocalVariableCheck"/>
<error line="81" column="20" severity="error" message="Variable &apos;startingPath&apos; should be declared final." source="com.puppycrawl.tools.checkstyle.checks.coding.FinalLocalVariableCheck"/>
<error line="82" column="29" severity="error" message="Variable &apos;frames&apos; should be declared final." source="com.puppycrawl.tools.checkstyle.checks.coding.FinalLocalVariableCheck"/>
<error line="85" column="24" severity="error" message="Variable &apos;framePath&apos; should be declared final." source="com.puppycrawl.tools.checkstyle.checks.coding.FinalLocalVariableCheck"/>
<error line="86" column="29" severity="error" message="Variable &apos;inputStream&apos; should be declared final." source="com.puppycrawl.tools.checkstyle.checks.coding.FinalLocalVariableCheck"/>
<error line="92" column="42" severity="error" message="Variable &apos;e&apos; should be declared final." source="com.puppycrawl.tools.checkstyle.checks.coding.FinalLocalVariableCheck"/>
<error line="105" column="5" severity="error" message="Class &apos;Bald&apos; looks like designed for extension (can be subclassed), but the method &apos;setTileMap&apos; does not have javadoc that explains how to do that safely. If class is not designed for extension consider making the class &apos;Bald&apos; final or making the method &apos;setTileMap&apos; static/final/abstract/empty, or adding allowed annotation for the method." source="com.puppycrawl.tools.checkstyle.checks.design.DesignForExtensionCheck"/>
<error line="105" column="5" severity="error" message="Missing a Javadoc comment." source="com.puppycrawl.tools.checkstyle.checks.javadoc.MissingJavadocMethodCheck"/>
<error line="105" column="28" severity="error" message="Parameter tileMap should be final." source="com.puppycrawl.tools.checkstyle.checks.FinalParametersCheck"/>
<error line="105" column="36" severity="error" message="Variable &apos;tileMap&apos; should be declared final." source="com.puppycrawl.tools.checkstyle.checks.coding.FinalLocalVariableCheck"/>
<error line="107" severity="error" message="Line has trailing spaces." source="com.puppycrawl.tools.checkstyle.checks.regexp.RegexpSinglelineCheck"/>
<error line="109" column="5" severity="error" message="Class &apos;Bald&apos; looks like designed for extension (can be subclassed), but the method &apos;setSpawnPosition&apos; does not have javadoc that explains how to do that safely. If class is not designed for extension consider making the class &apos;Bald&apos; final or making the method &apos;setSpawnPosition&apos; static/final/abstract/empty, or adding allowed annotation for the method." source="com.puppycrawl.tools.checkstyle.checks.design.DesignForExtensionCheck"/>
<error line="109" column="5" severity="error" message="Missing a Javadoc comment." source="com.puppycrawl.tools.checkstyle.checks.javadoc.MissingJavadocMethodCheck"/>
<error line="109" column="34" severity="error" message="Parameter spawnTileId should be final." source="com.puppycrawl.tools.checkstyle.checks.FinalParametersCheck"/>
<error line="109" column="38" severity="error" message="Variable &apos;spawnTileId&apos; should be declared final." source="com.puppycrawl.tools.checkstyle.checks.coding.FinalLocalVariableCheck"/>
<error line="109" column="51" severity="error" message="Parameter tileSize should be final." source="com.puppycrawl.tools.checkstyle.checks.FinalParametersCheck"/>
<error line="109" column="55" severity="error" message="Variable &apos;tileSize&apos; should be declared final." source="com.puppycrawl.tools.checkstyle.checks.coding.FinalLocalVariableCheck"/>
<error line="110" column="15" severity="error" message="Variable &apos;spawnPoint&apos; should be declared final." source="com.puppycrawl.tools.checkstyle.checks.coding.FinalLocalVariableCheck"/>
<error line="113" column="17" severity="error" message="Variable &apos;x&apos; should be declared final." source="com.puppycrawl.tools.checkstyle.checks.coding.FinalLocalVariableCheck"/>
<error line="114" column="17" severity="error" message="Variable &apos;y&apos; should be declared final." source="com.puppycrawl.tools.checkstyle.checks.coding.FinalLocalVariableCheck"/>
<error line="122" column="17" severity="error" message="Variable &apos;numFrames&apos; should be declared final." source="com.puppycrawl.tools.checkstyle.checks.coding.FinalLocalVariableCheck"/>
<error line="122" column="29" severity="error" message="&apos;9&apos; is a magic number." source="com.puppycrawl.tools.checkstyle.checks.coding.MagicNumberCheck"/>
<error line="125" column="24" severity="error" message="Variable &apos;framePath&apos; should be declared final." source="com.puppycrawl.tools.checkstyle.checks.coding.FinalLocalVariableCheck"/>
<error line="127" column="29" severity="error" message="Variable &apos;is&apos; should be declared final." source="com.puppycrawl.tools.checkstyle.checks.coding.FinalLocalVariableCheck"/>
<error line="134" column="30" severity="error" message="Variable &apos;e&apos; should be declared final." source="com.puppycrawl.tools.checkstyle.checks.coding.FinalLocalVariableCheck"/>
<error line="139" column="5" severity="error" message="Class &apos;Bald&apos; looks like designed for extension (can be subclassed), but the method &apos;getAttackPower&apos; does not have javadoc that explains how to do that safely. If class is not designed for extension consider making the class &apos;Bald&apos; final or making the method &apos;getAttackPower&apos; static/final/abstract/empty, or adding allowed annotation for the method." source="com.puppycrawl.tools.checkstyle.checks.design.DesignForExtensionCheck"/>
<error line="139" column="5" severity="error" message="Missing a Javadoc comment." source="com.puppycrawl.tools.checkstyle.checks.javadoc.MissingJavadocMethodCheck"/>
<error line="143" column="5" severity="error" message="Class &apos;Bald&apos; looks like designed for extension (can be subclassed), but the method &apos;setAttackPower&apos; does not have javadoc that explains how to do that safely. If class is not designed for extension consider making the class &apos;Bald&apos; final or making the method &apos;setAttackPower&apos; static/final/abstract/empty, or adding allowed annotation for the method." source="com.puppycrawl.tools.checkstyle.checks.design.DesignForExtensionCheck"/>
<error line="143" column="5" severity="error" message="Missing a Javadoc comment." source="com.puppycrawl.tools.checkstyle.checks.javadoc.MissingJavadocMethodCheck"/>
<error line="143" column="32" severity="error" message="Parameter attackPower should be final." source="com.puppycrawl.tools.checkstyle.checks.FinalParametersCheck"/>
<error line="143" column="36" severity="error" message="Variable &apos;attackPower&apos; should be declared final." source="com.puppycrawl.tools.checkstyle.checks.coding.FinalLocalVariableCheck"/>
<error line="147" column="5" severity="error" message="Class &apos;Bald&apos; looks like designed for extension (can be subclassed), but the method &apos;updateAnimation&apos; does not have javadoc that explains how to do that safely. If class is not designed for extension consider making the class &apos;Bald&apos; final or making the method &apos;updateAnimation&apos; static/final/abstract/empty, or adding allowed annotation for the method." source="com.puppycrawl.tools.checkstyle.checks.design.DesignForExtensionCheck"/>
<error line="147" column="5" severity="error" message="Missing a Javadoc comment." source="com.puppycrawl.tools.checkstyle.checks.javadoc.MissingJavadocMethodCheck"/>
<error line="166" column="5" severity="error" message="Class &apos;Bald&apos; looks like designed for extension (can be subclassed), but the method &apos;render&apos; does not have javadoc that explains how to do that safely. If class is not designed for extension consider making the class &apos;Bald&apos; final or making the method &apos;render&apos; static/final/abstract/empty, or adding allowed annotation for the method." source="com.puppycrawl.tools.checkstyle.checks.design.DesignForExtensionCheck"/>
<error line="166" column="5" severity="error" message="Missing a Javadoc comment." source="com.puppycrawl.tools.checkstyle.checks.javadoc.MissingJavadocMethodCheck"/>
<error line="166" column="24" severity="error" message="Parameter g should be final." source="com.puppycrawl.tools.checkstyle.checks.FinalParametersCheck"/>
<error line="166" column="33" severity="error" message="Variable &apos;g&apos; should be declared final." source="com.puppycrawl.tools.checkstyle.checks.coding.FinalLocalVariableCheck"/>
<error line="170" column="75" severity="error" message="&apos;50&apos; is a magic number." source="com.puppycrawl.tools.checkstyle.checks.coding.MagicNumberCheck"/>
<error line="170" column="79" severity="error" message="&apos;50&apos; is a magic number." source="com.puppycrawl.tools.checkstyle.checks.coding.MagicNumberCheck"/>
<error line="173" column="73" severity="error" message="&apos;50&apos; is a magic number." source="com.puppycrawl.tools.checkstyle.checks.coding.MagicNumberCheck"/>
<error line="173" column="80" severity="error" message="&apos;-50&apos; is a magic number." source="com.puppycrawl.tools.checkstyle.checks.coding.MagicNumberCheck"/>
<error line="173" column="85" severity="error" message="&apos;50&apos; is a magic number." source="com.puppycrawl.tools.checkstyle.checks.coding.MagicNumberCheck"/>
<error line="181" column="58" severity="error" message="&apos;50&apos; is a magic number." source="com.puppycrawl.tools.checkstyle.checks.coding.MagicNumberCheck"/>
<error line="181" column="65" severity="error" message="&apos;-50&apos; is a magic number." source="com.puppycrawl.tools.checkstyle.checks.coding.MagicNumberCheck"/>
<error line="186" column="30" severity="error" message="&apos;50&apos; is a magic number." source="com.puppycrawl.tools.checkstyle.checks.coding.MagicNumberCheck"/>
<error line="186" column="34" severity="error" message="&apos;50&apos; is a magic number." source="com.puppycrawl.tools.checkstyle.checks.coding.MagicNumberCheck"/>
<error line="190" column="5" severity="error" message="Class &apos;Bald&apos; looks like designed for extension (can be subclassed), but the method &apos;setSpeedX&apos; does not have javadoc that explains how to do that safely. If class is not designed for extension consider making the class &apos;Bald&apos; final or making the method &apos;setSpeedX&apos; static/final/abstract/empty, or adding allowed annotation for the method." source="com.puppycrawl.tools.checkstyle.checks.design.DesignForExtensionCheck"/>
<error line="190" column="5" severity="error" message="Missing a Javadoc comment." source="com.puppycrawl.tools.checkstyle.checks.javadoc.MissingJavadocMethodCheck"/>
<error line="190" column="27" severity="error" message="Parameter speedX should be final." source="com.puppycrawl.tools.checkstyle.checks.FinalParametersCheck"/>
<error line="190" column="34" severity="error" message="Variable &apos;speedX&apos; should be declared final." source="com.puppycrawl.tools.checkstyle.checks.coding.FinalLocalVariableCheck"/>
<error line="195" column="5" severity="error" message="Class &apos;Bald&apos; looks like designed for extension (can be subclassed), but the method &apos;setSpeedY&apos; does not have javadoc that explains how to do that safely. If class is not designed for extension consider making the class &apos;Bald&apos; final or making the method &apos;setSpeedY&apos; static/final/abstract/empty, or adding allowed annotation for the method." source="com.puppycrawl.tools.checkstyle.checks.design.DesignForExtensionCheck"/>
<error line="195" column="5" severity="error" message="Missing a Javadoc comment." source="com.puppycrawl.tools.checkstyle.checks.javadoc.MissingJavadocMethodCheck"/>
<error line="195" column="27" severity="error" message="Parameter speedY should be final." source="com.puppycrawl.tools.checkstyle.checks.FinalParametersCheck"/>
<error line="195" column="34" severity="error" message="Variable &apos;speedY&apos; should be declared final." source="com.puppycrawl.tools.checkstyle.checks.coding.FinalLocalVariableCheck"/>
<error line="200" column="5" severity="error" message="Class &apos;Bald&apos; looks like designed for extension (can be subclassed), but the method &apos;move&apos; does not have javadoc that explains how to do that safely. If class is not designed for extension consider making the class &apos;Bald&apos; final or making the method &apos;move&apos; static/final/abstract/empty, or adding allowed annotation for the method." source="com.puppycrawl.tools.checkstyle.checks.design.DesignForExtensionCheck"/>
<error line="200" column="5" severity="error" message="Missing a Javadoc comment." source="com.puppycrawl.tools.checkstyle.checks.javadoc.MissingJavadocMethodCheck"/>
<error line="206" severity="error" message="Line has trailing spaces." source="com.puppycrawl.tools.checkstyle.checks.regexp.RegexpSinglelineCheck"/>
<error line="213" column="5" severity="error" message="Class &apos;Bald&apos; looks like designed for extension (can be subclassed), but the method &apos;getHeight&apos; does not have javadoc that explains how to do that safely. If class is not designed for extension consider making the class &apos;Bald&apos; final or making the method &apos;getHeight&apos; static/final/abstract/empty, or adding allowed annotation for the method." source="com.puppycrawl.tools.checkstyle.checks.design.DesignForExtensionCheck"/>
<error line="213" column="5" severity="error" message="Missing a Javadoc comment." source="com.puppycrawl.tools.checkstyle.checks.javadoc.MissingJavadocMethodCheck"/>
<error line="214" column="16" severity="error" message="&apos;50&apos; is a magic number." source="com.puppycrawl.tools.checkstyle.checks.coding.MagicNumberCheck"/>
<error line="217" column="5" severity="error" message="Class &apos;Bald&apos; looks like designed for extension (can be subclassed), but the method &apos;getWidth&apos; does not have javadoc that explains how to do that safely. If class is not designed for extension consider making the class &apos;Bald&apos; final or making the method &apos;getWidth&apos; static/final/abstract/empty, or adding allowed annotation for the method." source="com.puppycrawl.tools.checkstyle.checks.design.DesignForExtensionCheck"/>
<error line="217" column="5" severity="error" message="Missing a Javadoc comment." source="com.puppycrawl.tools.checkstyle.checks.javadoc.MissingJavadocMethodCheck"/>
<error line="218" column="16" severity="error" message="&apos;50&apos; is a magic number." source="com.puppycrawl.tools.checkstyle.checks.coding.MagicNumberCheck"/>
<error line="221" column="5" severity="error" message="Class &apos;Bald&apos; looks like designed for extension (can be subclassed), but the method &apos;takeDamage&apos; does not have javadoc that explains how to do that safely. If class is not designed for extension consider making the class &apos;Bald&apos; final or making the method &apos;takeDamage&apos; static/final/abstract/empty, or adding allowed annotation for the method." source="com.puppycrawl.tools.checkstyle.checks.design.DesignForExtensionCheck"/>
<error line="222" column="28" severity="error" message="Parameter damage should be final." source="com.puppycrawl.tools.checkstyle.checks.FinalParametersCheck"/>
<error line="222" column="32" severity="error" message="Variable &apos;damage&apos; should be declared final." source="com.puppycrawl.tools.checkstyle.checks.coding.FinalLocalVariableCheck"/>
<error line="228" column="5" severity="error" message="Class &apos;Bald&apos; looks like designed for extension (can be subclassed), but the method &apos;isAlive&apos; does not have javadoc that explains how to do that safely. If class is not designed for extension consider making the class &apos;Bald&apos; final or making the method &apos;isAlive&apos; static/final/abstract/empty, or adding allowed annotation for the method." source="com.puppycrawl.tools.checkstyle.checks.design.DesignForExtensionCheck"/>
<error line="228" column="5" severity="error" message="Missing a Javadoc comment." source="com.puppycrawl.tools.checkstyle.checks.javadoc.MissingJavadocMethodCheck"/>
<error line="232" column="5" severity="error" message="Class &apos;Bald&apos; looks like designed for extension (can be subclassed), but the method &apos;canShoot&apos; does not have javadoc that explains how to do that safely. If class is not designed for extension consider making the class &apos;Bald&apos; final or making the method &apos;canShoot&apos; static/final/abstract/empty, or adding allowed annotation for the method." source="com.puppycrawl.tools.checkstyle.checks.design.DesignForExtensionCheck"/>
<error line="232" column="5" severity="error" message="Missing a Javadoc comment." source="com.puppycrawl.tools.checkstyle.checks.javadoc.MissingJavadocMethodCheck"/>
<error line="236" column="5" severity="error" message="Class &apos;Bald&apos; looks like designed for extension (can be subclassed), but the method &apos;shootProjectile&apos; does not have javadoc that explains how to do that safely. If class is not designed for extension consider making the class &apos;Bald&apos; final or making the method &apos;shootProjectile&apos; static/final/abstract/empty, or adding allowed annotation for the method." source="com.puppycrawl.tools.checkstyle.checks.design.DesignForExtensionCheck"/>
<error line="236" column="5" severity="error" message="Missing a Javadoc comment." source="com.puppycrawl.tools.checkstyle.checks.javadoc.MissingJavadocMethodCheck"/>
<error line="241" column="5" severity="error" message="Class &apos;Bald&apos; looks like designed for extension (can be subclassed), but the method &apos;getWeapon&apos; does not have javadoc that explains how to do that safely. If class is not designed for extension consider making the class &apos;Bald&apos; final or making the method &apos;getWeapon&apos; static/final/abstract/empty, or adding allowed annotation for the method." source="com.puppycrawl.tools.checkstyle.checks.design.DesignForExtensionCheck"/>
<error line="241" column="5" severity="error" message="Missing a Javadoc comment." source="com.puppycrawl.tools.checkstyle.checks.javadoc.MissingJavadocMethodCheck"/>
<error line="245" column="5" severity="error" message="Class &apos;Bald&apos; looks like designed for extension (can be subclassed), but the method &apos;setWeapon&apos; does not have javadoc that explains how to do that safely. If class is not designed for extension consider making the class &apos;Bald&apos; final or making the method &apos;setWeapon&apos; static/final/abstract/empty, or adding allowed annotation for the method." source="com.puppycrawl.tools.checkstyle.checks.design.DesignForExtensionCheck"/>
<error line="245" column="5" severity="error" message="Missing a Javadoc comment." source="com.puppycrawl.tools.checkstyle.checks.javadoc.MissingJavadocMethodCheck"/>
<error line="245" column="27" severity="error" message="Parameter weapon should be final." source="com.puppycrawl.tools.checkstyle.checks.FinalParametersCheck"/>
<error line="245" column="34" severity="error" message="Variable &apos;weapon&apos; should be declared final." source="com.puppycrawl.tools.checkstyle.checks.coding.FinalLocalVariableCheck"/>
<error line="249" column="5" severity="error" message="Class &apos;Bald&apos; looks like designed for extension (can be subclassed), but the method &apos;isAttacking&apos; does not have javadoc that explains how to do that safely. If class is not designed for extension consider making the class &apos;Bald&apos; final or making the method &apos;isAttacking&apos; static/final/abstract/empty, or adding allowed annotation for the method." source="com.puppycrawl.tools.checkstyle.checks.design.DesignForExtensionCheck"/>
<error line="249" column="5" severity="error" message="Missing a Javadoc comment." source="com.puppycrawl.tools.checkstyle.checks.javadoc.MissingJavadocMethodCheck"/>
<error line="253" column="5" severity="error" message="Class &apos;Bald&apos; looks like designed for extension (can be subclassed), but the method &apos;attack&apos; does not have javadoc that explains how to do that safely. If class is not designed for extension consider making the class &apos;Bald&apos; final or making the method &apos;attack&apos; static/final/abstract/empty, or adding allowed annotation for the method." source="com.puppycrawl.tools.checkstyle.checks.design.DesignForExtensionCheck"/>
<error line="253" column="5" severity="error" message="Missing a Javadoc comment." source="com.puppycrawl.tools.checkstyle.checks.javadoc.MissingJavadocMethodCheck"/>
</file>
<file name="C:\Users\Utente\Desktop\the-legend-of-bald\src\main\java\com\thelegendofbald\characters\DummyEnemy.java">
<error line="14" column="1" severity="error" message="Missing a Javadoc comment." source="com.puppycrawl.tools.checkstyle.checks.javadoc.MissingJavadocTypeCheck"/>
<error line="14" column="61" severity="error" message="&apos;{&apos; is not preceded with whitespace." source="com.puppycrawl.tools.checkstyle.checks.whitespace.WhitespaceAroundCheck"/>
<error line="20" column="37" severity="error" message="Array brackets at illegal position." source="com.puppycrawl.tools.checkstyle.checks.ArrayTypeStyleCheck"/>
<error line="28" column="17" severity="error" message="Variable &apos;currentFrame&apos; explicitly initialized to &apos;0&apos; (default value for its type)." source="com.puppycrawl.tools.checkstyle.checks.coding.ExplicitInitializationCheck"/>
<error line="29" column="30" severity="error" message="&apos;5&apos; is a magic number." source="com.puppycrawl.tools.checkstyle.checks.coding.MagicNumberCheck"/>
<error line="30" column="17" severity="error" message="Variable &apos;frameCounter&apos; explicitly initialized to &apos;0&apos; (default value for its type)." source="com.puppycrawl.tools.checkstyle.checks.coding.ExplicitInitializationCheck"/>
<error line="32" column="18" severity="error" message="Variable &apos;lastAttackTime&apos; explicitly initialized to &apos;0&apos; (default value for its type)." source="com.puppycrawl.tools.checkstyle.checks.coding.ExplicitInitializationCheck"/>
<error line="35" column="5" severity="error" message="Missing a Javadoc comment." source="com.puppycrawl.tools.checkstyle.checks.javadoc.MissingJavadocMethodCheck"/>
<error line="35" column="23" severity="error" message="Parameter x should be final." source="com.puppycrawl.tools.checkstyle.checks.FinalParametersCheck"/>
<error line="35" column="27" severity="error" message="Variable &apos;x&apos; should be declared final." source="com.puppycrawl.tools.checkstyle.checks.coding.FinalLocalVariableCheck"/>
<error line="35" column="30" severity="error" message="Parameter y should be final." source="com.puppycrawl.tools.checkstyle.checks.FinalParametersCheck"/>
<error line="35" column="34" severity="error" message="Variable &apos;y&apos; should be declared final." source="com.puppycrawl.tools.checkstyle.checks.coding.FinalLocalVariableCheck"/>
<error line="35" column="37" severity="error" message="Parameter health should be final." source="com.puppycrawl.tools.checkstyle.checks.FinalParametersCheck"/>
<error line="35" column="41" severity="error" message="Variable &apos;health&apos; should be declared final." source="com.puppycrawl.tools.checkstyle.checks.coding.FinalLocalVariableCheck"/>
<error line="35" column="49" severity="error" message="Parameter name should be final." source="com.puppycrawl.tools.checkstyle.checks.FinalParametersCheck"/>
<error line="35" column="56" severity="error" message="Variable &apos;name&apos; should be declared final." source="com.puppycrawl.tools.checkstyle.checks.coding.FinalLocalVariableCheck"/>
<error line="35" column="62" severity="error" message="Parameter attackPower should be final." source="com.puppycrawl.tools.checkstyle.checks.FinalParametersCheck"/>
<error line="35" column="66" severity="error" message="Variable &apos;attackPower&apos; should be declared final." source="com.puppycrawl.tools.checkstyle.checks.coding.FinalLocalVariableCheck"/>
<error line="41" column="5" severity="error" message="Instance variable definition in wrong order." source="com.puppycrawl.tools.checkstyle.checks.coding.DeclarationOrderCheck"/>
<error line="48" column="17" severity="error" message="Variable &apos;numFrames&apos; should be declared final." source="com.puppycrawl.tools.checkstyle.checks.coding.FinalLocalVariableCheck"/>
<error line="48" column="29" severity="error" message="&apos;9&apos; is a magic number." source="com.puppycrawl.tools.checkstyle.checks.coding.MagicNumberCheck"/>
<error line="51" column="24" severity="error" message="Variable &apos;framePath&apos; should be declared final." source="com.puppycrawl.tools.checkstyle.checks.coding.FinalLocalVariableCheck"/>
<error line="52" column="29" severity="error" message="Variable &apos;is&apos; should be declared final." source="com.puppycrawl.tools.checkstyle.checks.coding.FinalLocalVariableCheck"/>
<error line="59" column="30" severity="error" message="Variable &apos;e&apos; should be declared final." source="com.puppycrawl.tools.checkstyle.checks.coding.FinalLocalVariableCheck"/>
<error line="64" column="5" severity="error" message="Class &apos;DummyEnemy&apos; looks like designed for extension (can be subclassed), but the method &apos;getAttackPower&apos; does not have javadoc that explains how to do that safely. If class is not designed for extension consider making the class &apos;DummyEnemy&apos; final or making the method &apos;getAttackPower&apos; static/final/abstract/empty, or adding allowed annotation for the method." source="com.puppycrawl.tools.checkstyle.checks.design.DesignForExtensionCheck"/>
<error line="64" column="5" severity="error" message="Missing a Javadoc comment." source="com.puppycrawl.tools.checkstyle.checks.javadoc.MissingJavadocMethodCheck"/>
<error line="69" column="5" severity="error" message="Class &apos;DummyEnemy&apos; looks like designed for extension (can be subclassed), but the method &apos;takeDamage&apos; does not have javadoc that explains how to do that safely. If class is not designed for extension consider making the class &apos;DummyEnemy&apos; final or making the method &apos;takeDamage&apos; static/final/abstract/empty, or adding allowed annotation for the method." source="com.puppycrawl.tools.checkstyle.checks.design.DesignForExtensionCheck"/>
<error line="69" column="5" severity="error" message="Missing a Javadoc comment." source="com.puppycrawl.tools.checkstyle.checks.javadoc.MissingJavadocMethodCheck"/>
<error line="69" column="28" severity="error" message="Parameter damage should be final." source="com.puppycrawl.tools.checkstyle.checks.FinalParametersCheck"/>
<error line="69" column="32" severity="error" message="Variable &apos;damage&apos; should be declared final." source="com.puppycrawl.tools.checkstyle.checks.coding.FinalLocalVariableCheck"/>
<error line="73" column="5" severity="error" message="Class &apos;DummyEnemy&apos; looks like designed for extension (can be subclassed), but the method &apos;heal&apos; does not have javadoc that explains how to do that safely. If class is not designed for extension consider making the class &apos;DummyEnemy&apos; final or making the method &apos;heal&apos; static/final/abstract/empty, or adding allowed annotation for the method." source="com.puppycrawl.tools.checkstyle.checks.design.DesignForExtensionCheck"/>
<error line="73" column="5" severity="error" message="Missing a Javadoc comment." source="com.puppycrawl.tools.checkstyle.checks.javadoc.MissingJavadocMethodCheck"/>
<error line="73" column="22" severity="error" message="Parameter amount should be final." source="com.puppycrawl.tools.checkstyle.checks.FinalParametersCheck"/>
<error line="73" column="26" severity="error" message="Variable &apos;amount&apos; should be declared final." source="com.puppycrawl.tools.checkstyle.checks.coding.FinalLocalVariableCheck"/>
<error line="79" column="5" severity="error" message="Class &apos;DummyEnemy&apos; looks like designed for extension (can be subclassed), but the method &apos;updateAnimation&apos; does not have javadoc that explains how to do that safely. If class is not designed for extension consider making the class &apos;DummyEnemy&apos; final or making the method &apos;updateAnimation&apos; static/final/abstract/empty, or adding allowed annotation for the method." source="com.puppycrawl.tools.checkstyle.checks.design.DesignForExtensionCheck"/>
<error line="79" column="5" severity="error" message="Missing a Javadoc comment." source="com.puppycrawl.tools.checkstyle.checks.javadoc.MissingJavadocMethodCheck"/>
<error line="87" severity="error" message="Line has trailing spaces." source="com.puppycrawl.tools.checkstyle.checks.regexp.RegexpSinglelineCheck"/>
<error line="88" column="5" severity="error" message="Class &apos;DummyEnemy&apos; looks like designed for extension (can be subclassed), but the method &apos;render&apos; does not have javadoc that explains how to do that safely. If class is not designed for extension consider making the class &apos;DummyEnemy&apos; final or making the method &apos;render&apos; static/final/abstract/empty, or adding allowed annotation for the method." source="com.puppycrawl.tools.checkstyle.checks.design.DesignForExtensionCheck"/>
<error line="88" column="5" severity="error" message="Missing a Javadoc comment." source="com.puppycrawl.tools.checkstyle.checks.javadoc.MissingJavadocMethodCheck"/>
<error line="88" column="24" severity="error" message="Parameter g should be final." source="com.puppycrawl.tools.checkstyle.checks.FinalParametersCheck"/>
<error line="88" column="33" severity="error" message="Variable &apos;g&apos; should be declared final." source="com.puppycrawl.tools.checkstyle.checks.coding.FinalLocalVariableCheck"/>
<error line="92" column="60" severity="error" message="&apos;50&apos; is a magic number." source="com.puppycrawl.tools.checkstyle.checks.coding.MagicNumberCheck"/>
<error line="92" column="64" severity="error" message="&apos;50&apos; is a magic number." source="com.puppycrawl.tools.checkstyle.checks.coding.MagicNumberCheck"/>
<error line="95" column="58" severity="error" message="&apos;50&apos; is a magic number." source="com.puppycrawl.tools.checkstyle.checks.coding.MagicNumberCheck"/>
<error line="95" column="65" severity="error" message="&apos;-50&apos; is a magic number." source="com.puppycrawl.tools.checkstyle.checks.coding.MagicNumberCheck"/>
<error line="95" column="70" severity="error" message="&apos;50&apos; is a magic number." source="com.puppycrawl.tools.checkstyle.checks.coding.MagicNumberCheck"/>
<error line="100" column="30" severity="error" message="&apos;50&apos; is a magic number." source="com.puppycrawl.tools.checkstyle.checks.coding.MagicNumberCheck"/>
<error line="100" column="34" severity="error" message="&apos;50&apos; is a magic number." source="com.puppycrawl.tools.checkstyle.checks.coding.MagicNumberCheck"/>
<error line="104" column="5" severity="error" message="Class &apos;DummyEnemy&apos; looks like designed for extension (can be subclassed), but the method &apos;followPlayer&apos; does not have javadoc that explains how to do that safely. If class is not designed for extension consider making the class &apos;DummyEnemy&apos; final or making the method &apos;followPlayer&apos; static/final/abstract/empty, or adding allowed annotation for the method." source="com.puppycrawl.tools.checkstyle.checks.design.DesignForExtensionCheck"/>
<error line="104" column="5" severity="error" message="Missing a Javadoc comment." source="com.puppycrawl.tools.checkstyle.checks.javadoc.MissingJavadocMethodCheck"/>
<error line="104" column="30" severity="error" message="Parameter bald should be final." source="com.puppycrawl.tools.checkstyle.checks.FinalParametersCheck"/>
<error line="104" column="35" severity="error" message="Variable &apos;bald&apos; should be declared final." source="com.puppycrawl.tools.checkstyle.checks.coding.FinalLocalVariableCheck"/>
<error line="105" column="34" severity="error" message="&apos;)&apos; is preceded with whitespace." source="com.puppycrawl.tools.checkstyle.checks.whitespace.ParenPadCheck"/>
<error line="108" column="41" severity="error" message="&apos;)&apos; is preceded with whitespace." source="com.puppycrawl.tools.checkstyle.checks.whitespace.ParenPadCheck"/>
<error line="112" severity="error" message="Line has trailing spaces." source="com.puppycrawl.tools.checkstyle.checks.regexp.RegexpSinglelineCheck"/>
<error line="113" column="34" severity="error" message="&apos;)&apos; is preceded with whitespace." source="com.puppycrawl.tools.checkstyle.checks.whitespace.ParenPadCheck"/>
<error line="115" column="41" severity="error" message="&apos;)&apos; is preceded with whitespace." source="com.puppycrawl.tools.checkstyle.checks.whitespace.ParenPadCheck"/>
<error line="118" severity="error" message="Line has trailing spaces." source="com.puppycrawl.tools.checkstyle.checks.regexp.RegexpSinglelineCheck"/>
<error line="122" column="5" severity="error" message="Class &apos;DummyEnemy&apos; looks like designed for extension (can be subclassed), but the method &apos;isAlive&apos; does not have javadoc that explains how to do that safely. If class is not designed for extension consider making the class &apos;DummyEnemy&apos; final or making the method &apos;isAlive&apos; static/final/abstract/empty, or adding allowed annotation for the method." source="com.puppycrawl.tools.checkstyle.checks.design.DesignForExtensionCheck"/>
<error line="122" column="5" severity="error" message="Missing a Javadoc comment." source="com.puppycrawl.tools.checkstyle.checks.javadoc.MissingJavadocMethodCheck"/>
<error line="127" column="5" severity="error" message="Class &apos;DummyEnemy&apos; looks like designed for extension (can be subclassed), but the method &apos;getLastAttackTime&apos; does not have javadoc that explains how to do that safely. If class is not designed for extension consider making the class &apos;DummyEnemy&apos; final or making the method &apos;getLastAttackTime&apos; static/final/abstract/empty, or adding allowed annotation for the method." source="com.puppycrawl.tools.checkstyle.checks.design.DesignForExtensionCheck"/>
<error line="127" column="5" severity="error" message="Missing a Javadoc comment." source="com.puppycrawl.tools.checkstyle.checks.javadoc.MissingJavadocMethodCheck"/>
<error line="131" column="5" severity="error" message="Class &apos;DummyEnemy&apos; looks like designed for extension (can be subclassed), but the method &apos;setLastAttackTime&apos; does not have javadoc that explains how to do that safely. If class is not designed for extension consider making the class &apos;DummyEnemy&apos; final or making the method &apos;setLastAttackTime&apos; static/final/abstract/empty, or adding allowed annotation for the method." source="com.puppycrawl.tools.checkstyle.checks.design.DesignForExtensionCheck"/>
<error line="131" column="5" severity="error" message="Missing a Javadoc comment." source="com.puppycrawl.tools.checkstyle.checks.javadoc.MissingJavadocMethodCheck"/>
<error line="131" column="35" severity="error" message="Parameter time should be final." source="com.puppycrawl.tools.checkstyle.checks.FinalParametersCheck"/>
<error line="131" column="40" severity="error" message="Variable &apos;time&apos; should be declared final." source="com.puppycrawl.tools.checkstyle.checks.coding.FinalLocalVariableCheck"/>
<error line="135" column="5" severity="error" message="Class &apos;DummyEnemy&apos; looks like designed for extension (can be subclassed), but the method &apos;isCloseTo&apos; does not have javadoc that explains how to do that safely. If class is not designed for extension consider making the class &apos;DummyEnemy&apos; final or making the method &apos;isCloseTo&apos; static/final/abstract/empty, or adding allowed annotation for the method." source="com.puppycrawl.tools.checkstyle.checks.design.DesignForExtensionCheck"/>
<error line="135" column="5" severity="error" message="Missing a Javadoc comment." source="com.puppycrawl.tools.checkstyle.checks.javadoc.MissingJavadocMethodCheck"/>
<error line="135" column="30" severity="error" message="Parameter bald should be final." source="com.puppycrawl.tools.checkstyle.checks.FinalParametersCheck"/>
<error line="135" column="35" severity="error" message="Variable &apos;bald&apos; should be declared final." source="com.puppycrawl.tools.checkstyle.checks.coding.FinalLocalVariableCheck"/>
<error line="136" column="20" severity="error" message="Variable &apos;dx&apos; should be declared final." source="com.puppycrawl.tools.checkstyle.checks.coding.FinalLocalVariableCheck"/>
<error line="137" column="20" severity="error" message="Variable &apos;dy&apos; should be declared final." source="com.puppycrawl.tools.checkstyle.checks.coding.FinalLocalVariableCheck"/>
<error line="138" column="20" severity="error" message="Variable &apos;distance&apos; should be declared final." source="com.puppycrawl.tools.checkstyle.checks.coding.FinalLocalVariableCheck"/>
</file>
<file name="C:\Users\Utente\Desktop\the-legend-of-bald\src\main\java\com\thelegendofbald\characters\Entity.java">
<error line="8" column="1" severity="error" message="Missing a Javadoc comment." source="com.puppycrawl.tools.checkstyle.checks.javadoc.MissingJavadocTypeCheck"/>
<error line="9" column="5" severity="error" message="Missing a Javadoc comment." source="com.puppycrawl.tools.checkstyle.checks.javadoc.JavadocVariableCheck"/>
<error line="9" column="19" severity="error" message="Variable &apos;x&apos; must be private and have accessor methods." source="com.puppycrawl.tools.checkstyle.checks.design.VisibilityModifierCheck"/>
<error line="9" column="22" severity="error" message="Variable &apos;y&apos; must be private and have accessor methods." source="com.puppycrawl.tools.checkstyle.checks.design.VisibilityModifierCheck"/>
<error line="10" column="5" severity="error" message="Missing a Javadoc comment." source="com.puppycrawl.tools.checkstyle.checks.javadoc.JavadocVariableCheck"/>
<error line="10" column="19" severity="error" message="Variable &apos;width&apos; must be private and have accessor methods." source="com.puppycrawl.tools.checkstyle.checks.design.VisibilityModifierCheck"/>
<error line="10" column="26" severity="error" message="Variable &apos;height&apos; must be private and have accessor methods." source="com.puppycrawl.tools.checkstyle.checks.design.VisibilityModifierCheck"/>
<error line="11" column="5" severity="error" message="Missing a Javadoc comment." source="com.puppycrawl.tools.checkstyle.checks.javadoc.JavadocVariableCheck"/>
<error line="11" column="22" severity="error" message="Variable &apos;name&apos; must be private and have accessor methods." source="com.puppycrawl.tools.checkstyle.checks.design.VisibilityModifierCheck"/>
<error line="12" column="5" severity="error" message="Missing a Javadoc comment." source="com.puppycrawl.tools.checkstyle.checks.javadoc.JavadocVariableCheck"/>
<error line="12" column="29" severity="error" message="Variable &apos;lifeComponent&apos; must be private and have accessor methods." source="com.puppycrawl.tools.checkstyle.checks.design.VisibilityModifierCheck"/>
<error line="14" column="5" severity="error" message="Missing a Javadoc comment." source="com.puppycrawl.tools.checkstyle.checks.javadoc.JavadocVariableCheck"/>
<error line="14" column="23" severity="error" message="Variable &apos;facingRight&apos; must be private and have accessor methods." source="com.puppycrawl.tools.checkstyle.checks.design.VisibilityModifierCheck"/>
<error line="16" column="5" severity="error" message="Missing a Javadoc comment." source="com.puppycrawl.tools.checkstyle.checks.javadoc.MissingJavadocMethodCheck"/>
<error line="16" column="19" severity="error" message="Parameter x should be final." source="com.puppycrawl.tools.checkstyle.checks.FinalParametersCheck"/>
<error line="16" column="23" severity="error" message="Variable &apos;x&apos; should be declared final." source="com.puppycrawl.tools.checkstyle.checks.coding.FinalLocalVariableCheck"/>
<error line="16" column="26" severity="error" message="Parameter y should be final." source="com.puppycrawl.tools.checkstyle.checks.FinalParametersCheck"/>
<error line="16" column="30" severity="error" message="Variable &apos;y&apos; should be declared final." source="com.puppycrawl.tools.checkstyle.checks.coding.FinalLocalVariableCheck"/>
<error line="16" column="33" severity="error" message="Parameter width should be final." source="com.puppycrawl.tools.checkstyle.checks.FinalParametersCheck"/>
<error line="16" column="37" severity="error" message="Variable &apos;width&apos; should be declared final." source="com.puppycrawl.tools.checkstyle.checks.coding.FinalLocalVariableCheck"/>
<error line="16" column="44" severity="error" message="Parameter height should be final." source="com.puppycrawl.tools.checkstyle.checks.FinalParametersCheck"/>
<error line="16" column="48" severity="error" message="Variable &apos;height&apos; should be declared final." source="com.puppycrawl.tools.checkstyle.checks.coding.FinalLocalVariableCheck"/>
<error line="16" column="56" severity="error" message="Parameter name should be final." source="com.puppycrawl.tools.checkstyle.checks.FinalParametersCheck"/>
<error line="16" column="63" severity="error" message="Variable &apos;name&apos; should be declared final." source="com.puppycrawl.tools.checkstyle.checks.coding.FinalLocalVariableCheck"/>
<error line="16" column="69" severity="error" message="Parameter lifeComponent should be final." source="com.puppycrawl.tools.checkstyle.checks.FinalParametersCheck"/>
<error line="16" column="83" severity="error" message="Variable &apos;lifeComponent&apos; should be declared final." source="com.puppycrawl.tools.checkstyle.checks.coding.FinalLocalVariableCheck"/>
<error line="25" column="5" severity="error" message="Class &apos;Entity&apos; looks like designed for extension (can be subclassed), but the method &apos;getX&apos; does not have javadoc that explains how to do that safely. If class is not designed for extension consider making the class &apos;Entity&apos; final or making the method &apos;getX&apos; static/final/abstract/empty, or adding allowed annotation for the method." source="com.puppycrawl.tools.checkstyle.checks.design.DesignForExtensionCheck"/>
<error line="25" column="23" severity="error" message="&apos;{&apos; at column 23 should have line break after." source="com.puppycrawl.tools.checkstyle.checks.blocks.LeftCurlyCheck"/>
<error line="26" column="5" severity="error" message="Class &apos;Entity&apos; looks like designed for extension (can be subclassed), but the method &apos;setX&apos; does not have javadoc that explains how to do that safely. If class is not designed for extension consider making the class &apos;Entity&apos; final or making the method &apos;setX&apos; static/final/abstract/empty, or adding allowed annotation for the method." source="com.puppycrawl.tools.checkstyle.checks.design.DesignForExtensionCheck"/>
<error line="26" column="22" severity="error" message="Parameter x should be final." source="com.puppycrawl.tools.checkstyle.checks.FinalParametersCheck"/>
<error line="26" column="26" severity="error" message="Variable &apos;x&apos; should be declared final." source="com.puppycrawl.tools.checkstyle.checks.coding.FinalLocalVariableCheck"/>
<error line="26" column="29" severity="error" message="&apos;{&apos; at column 29 should have line break after." source="com.puppycrawl.tools.checkstyle.checks.blocks.LeftCurlyCheck"/>
<error line="27" column="5" severity="error" message="Class &apos;Entity&apos; looks like designed for extension (can be subclassed), but the method &apos;getY&apos; does not have javadoc that explains how to do that safely. If class is not designed for extension consider making the class &apos;Entity&apos; final or making the method &apos;getY&apos; static/final/abstract/empty, or adding allowed annotation for the method." source="com.puppycrawl.tools.checkstyle.checks.design.DesignForExtensionCheck"/>
<error line="27" column="23" severity="error" message="&apos;{&apos; at column 23 should have line break after." source="com.puppycrawl.tools.checkstyle.checks.blocks.LeftCurlyCheck"/>
<error line="28" column="5" severity="error" message="Class &apos;Entity&apos; looks like designed for extension (can be subclassed), but the method &apos;setY&apos; does not have javadoc that explains how to do that safely. If class is not designed for extension consider making the class &apos;Entity&apos; final or making the method &apos;setY&apos; static/final/abstract/empty, or adding allowed annotation for the method." source="com.puppycrawl.tools.checkstyle.checks.design.DesignForExtensionCheck"/>
<error line="28" column="22" severity="error" message="Parameter y should be final." source="com.puppycrawl.tools.checkstyle.checks.FinalParametersCheck"/>
<error line="28" column="26" severity="error" message="Variable &apos;y&apos; should be declared final." source="com.puppycrawl.tools.checkstyle.checks.coding.FinalLocalVariableCheck"/>
<error line="28" column="29" severity="error" message="&apos;{&apos; at column 29 should have line break after." source="com.puppycrawl.tools.checkstyle.checks.blocks.LeftCurlyCheck"/>
<error line="30" column="5" severity="error" message="Class &apos;Entity&apos; looks like designed for extension (can be subclassed), but the method &apos;getWidth&apos; does not have javadoc that explains how to do that safely. If class is not designed for extension consider making the class &apos;Entity&apos; final or making the method &apos;getWidth&apos; static/final/abstract/empty, or adding allowed annotation for the method." source="com.puppycrawl.tools.checkstyle.checks.design.DesignForExtensionCheck"/>
<error line="30" column="27" severity="error" message="&apos;{&apos; at column 27 should have line break after." source="com.puppycrawl.tools.checkstyle.checks.blocks.LeftCurlyCheck"/>
<error line="31" column="5" severity="error" message="Class &apos;Entity&apos; looks like designed for extension (can be subclassed), but the method &apos;setWidth&apos; does not have javadoc that explains how to do that safely. If class is not designed for extension consider making the class &apos;Entity&apos; final or making the method &apos;setWidth&apos; static/final/abstract/empty, or adding allowed annotation for the method." source="com.puppycrawl.tools.checkstyle.checks.design.DesignForExtensionCheck"/>
<error line="31" column="26" severity="error" message="Parameter width should be final." source="com.puppycrawl.tools.checkstyle.checks.FinalParametersCheck"/>
<error line="31" column="30" severity="error" message="Variable &apos;width&apos; should be declared final." source="com.puppycrawl.tools.checkstyle.checks.coding.FinalLocalVariableCheck"/>
<error line="31" column="37" severity="error" message="&apos;{&apos; at column 37 should have line break after." source="com.puppycrawl.tools.checkstyle.checks.blocks.LeftCurlyCheck"/>
<error line="32" column="5" severity="error" message="Class &apos;Entity&apos; looks like designed for extension (can be subclassed), but the method &apos;getHeight&apos; does not have javadoc that explains how to do that safely. If class is not designed for extension consider making the class &apos;Entity&apos; final or making the method &apos;getHeight&apos; static/final/abstract/empty, or adding allowed annotation for the method." source="com.puppycrawl.tools.checkstyle.checks.design.DesignForExtensionCheck"/>
<error line="32" column="28" severity="error" message="&apos;{&apos; at column 28 should have line break after." source="com.puppycrawl.tools.checkstyle.checks.blocks.LeftCurlyCheck"/>
<error line="33" column="5" severity="error" message="Class &apos;Entity&apos; looks like designed for extension (can be subclassed), but the method &apos;setHeight&apos; does not have javadoc that explains how to do that safely. If class is not designed for extension consider making the class &apos;Entity&apos; final or making the method &apos;setHeight&apos; static/final/abstract/empty, or adding allowed annotation for the method." source="com.puppycrawl.tools.checkstyle.checks.design.DesignForExtensionCheck"/>
<error line="33" column="27" severity="error" message="Parameter height should be final." source="com.puppycrawl.tools.checkstyle.checks.FinalParametersCheck"/>
<error line="33" column="31" severity="error" message="Variable &apos;height&apos; should be declared final." source="com.puppycrawl.tools.checkstyle.checks.coding.FinalLocalVariableCheck"/>
<error line="33" column="39" severity="error" message="&apos;{&apos; at column 39 should have line break after." source="com.puppycrawl.tools.checkstyle.checks.blocks.LeftCurlyCheck"/>
<error line="35" column="5" severity="error" message="Class &apos;Entity&apos; looks like designed for extension (can be subclassed), but the method &apos;isFacingRight&apos; does not have javadoc that explains how to do that safely. If class is not designed for extension consider making the class &apos;Entity&apos; final or making the method &apos;isFacingRight&apos; static/final/abstract/empty, or adding allowed annotation for the method." source="com.puppycrawl.tools.checkstyle.checks.design.DesignForExtensionCheck"/>
<error line="35" column="5" severity="error" message="Missing a Javadoc comment." source="com.puppycrawl.tools.checkstyle.checks.javadoc.MissingJavadocMethodCheck"/>
<error line="39" column="5" severity="error" message="Class &apos;Entity&apos; looks like designed for extension (can be subclassed), but the method &apos;setFacingRight&apos; does not have javadoc that explains how to do that safely. If class is not designed for extension consider making the class &apos;Entity&apos; final or making the method &apos;setFacingRight&apos; static/final/abstract/empty, or adding allowed annotation for the method." source="com.puppycrawl.tools.checkstyle.checks.design.DesignForExtensionCheck"/>
<error line="39" column="5" severity="error" message="Missing a Javadoc comment." source="com.puppycrawl.tools.checkstyle.checks.javadoc.MissingJavadocMethodCheck"/>
<error line="39" column="32" severity="error" message="Parameter facingRight should be final." source="com.puppycrawl.tools.checkstyle.checks.FinalParametersCheck"/>
<error line="39" column="40" severity="error" message="Variable &apos;facingRight&apos; should be declared final." source="com.puppycrawl.tools.checkstyle.checks.coding.FinalLocalVariableCheck"/>
<error line="44" column="5" severity="error" message="Class &apos;Entity&apos; looks like designed for extension (can be subclassed), but the method &apos;getLifeComponent&apos; does not have javadoc that explains how to do that safely. If class is not designed for extension consider making the class &apos;Entity&apos; final or making the method &apos;getLifeComponent&apos; static/final/abstract/empty, or adding allowed annotation for the method." source="com.puppycrawl.tools.checkstyle.checks.design.DesignForExtensionCheck"/>
<error line="44" column="5" severity="error" message="Missing a Javadoc comment." source="com.puppycrawl.tools.checkstyle.checks.javadoc.MissingJavadocMethodCheck"/>
<error line="44" column="44" severity="error" message="&apos;{&apos; is not preceded with whitespace." source="com.puppycrawl.tools.checkstyle.checks.whitespace.WhitespaceAroundCheck"/>
<error line="48" column="5" severity="error" message="Class &apos;Entity&apos; looks like designed for extension (can be subclassed), but the method &apos;getBounds&apos; does not have javadoc that explains how to do that safely. If class is not designed for extension consider making the class &apos;Entity&apos; final or making the method &apos;getBounds&apos; static/final/abstract/empty, or adding allowed annotation for the method." source="com.puppycrawl.tools.checkstyle.checks.design.DesignForExtensionCheck"/>
<error line="48" column="5" severity="error" message="Missing a Javadoc comment." source="com.puppycrawl.tools.checkstyle.checks.javadoc.MissingJavadocMethodCheck"/>
</file>
<file name="C:\Users\Utente\Desktop\the-legend-of-bald\src\main\java\com\thelegendofbald\combat\Combatant.java">
<error line="5" column="1" severity="error" message="Missing a Javadoc comment." source="com.puppycrawl.tools.checkstyle.checks.javadoc.MissingJavadocTypeCheck"/>
<error line="6" column="5" severity="error" message="Missing a Javadoc comment." source="com.puppycrawl.tools.checkstyle.checks.javadoc.MissingJavadocMethodCheck"/>
<error line="7" column="5" severity="error" message="Missing a Javadoc comment." source="com.puppycrawl.tools.checkstyle.checks.javadoc.MissingJavadocMethodCheck"/>
<error line="8" column="5" severity="error" message="Missing a Javadoc comment." source="com.puppycrawl.tools.checkstyle.checks.javadoc.MissingJavadocMethodCheck"/>
<error line="9" column="5" severity="error" message="Missing a Javadoc comment." source="com.puppycrawl.tools.checkstyle.checks.javadoc.MissingJavadocMethodCheck"/>
<error line="10" severity="error" message="Line has trailing spaces." source="com.puppycrawl.tools.checkstyle.checks.regexp.RegexpSinglelineCheck"/>
</file>
<file name="C:\Users\Utente\Desktop\the-legend-of-bald\src\main\java\com\thelegendofbald\combat\projectile\Projectile.java">
<error line="11" column="1" severity="error" message="Missing a Javadoc comment." source="com.puppycrawl.tools.checkstyle.checks.javadoc.MissingJavadocTypeCheck"/>
<error line="18" column="5" severity="error" message="Missing a Javadoc comment." source="com.puppycrawl.tools.checkstyle.checks.javadoc.MissingJavadocMethodCheck"/>
<error line="18" column="23" severity="error" message="Parameter x should be final." source="com.puppycrawl.tools.checkstyle.checks.FinalParametersCheck"/>
<error line="18" column="27" severity="error" message="Variable &apos;x&apos; should be declared final." source="com.puppycrawl.tools.checkstyle.checks.coding.FinalLocalVariableCheck"/>
<error line="18" column="30" severity="error" message="Parameter y should be final." source="com.puppycrawl.tools.checkstyle.checks.FinalParametersCheck"/>
<error line="18" column="34" severity="error" message="Variable &apos;y&apos; should be declared final." source="com.puppycrawl.tools.checkstyle.checks.coding.FinalLocalVariableCheck"/>
<error line="18" column="37" severity="error" message="Parameter direction should be final." source="com.puppycrawl.tools.checkstyle.checks.FinalParametersCheck"/>
<error line="18" column="41" severity="error" message="Variable &apos;direction&apos; should be declared final." source="com.puppycrawl.tools.checkstyle.checks.coding.FinalLocalVariableCheck"/>
<error line="18" column="52" severity="error" message="Parameter speed should be final." source="com.puppycrawl.tools.checkstyle.checks.FinalParametersCheck"/>
<error line="18" column="56" severity="error" message="Variable &apos;speed&apos; should be declared final." source="com.puppycrawl.tools.checkstyle.checks.coding.FinalLocalVariableCheck"/>
<error line="18" column="63" severity="error" message="Parameter damage should be final." source="com.puppycrawl.tools.checkstyle.checks.FinalParametersCheck"/>
<error line="18" column="67" severity="error" message="Variable &apos;damage&apos; should be declared final." source="com.puppycrawl.tools.checkstyle.checks.coding.FinalLocalVariableCheck"/>
<error line="19" column="21" severity="error" message="&apos;6&apos; is a magic number." source="com.puppycrawl.tools.checkstyle.checks.coding.MagicNumberCheck"/>
<error line="19" column="24" severity="error" message="&apos;6&apos; is a magic number." source="com.puppycrawl.tools.checkstyle.checks.coding.MagicNumberCheck"/>
<error line="27" column="5" severity="error" message="Class &apos;Projectile&apos; looks like designed for extension (can be subclassed), but the method &apos;move&apos; does not have javadoc that explains how to do that safely. If class is not designed for extension consider making the class &apos;Projectile&apos; final or making the method &apos;move&apos; static/final/abstract/empty, or adding allowed annotation for the method." source="com.puppycrawl.tools.checkstyle.checks.design.DesignForExtensionCheck"/>
<error line="27" column="5" severity="error" message="Missing a Javadoc comment." source="com.puppycrawl.tools.checkstyle.checks.javadoc.MissingJavadocMethodCheck"/>
<error line="28" column="9" severity="error" message="&apos;if&apos; construct must use &apos;{}&apos;s." source="com.puppycrawl.tools.checkstyle.checks.blocks.NeedBracesCheck"/>
<error line="29" column="9" severity="error" message="&apos;if&apos; construct must use &apos;{}&apos;s." source="com.puppycrawl.tools.checkstyle.checks.blocks.NeedBracesCheck"/>
<error line="33" column="5" severity="error" message="Class &apos;Projectile&apos; looks like designed for extension (can be subclassed), but the method &apos;render&apos; does not have javadoc that explains how to do that safely. If class is not designed for extension consider making the class &apos;Projectile&apos; final or making the method &apos;render&apos; static/final/abstract/empty, or adding allowed annotation for the method." source="com.puppycrawl.tools.checkstyle.checks.design.DesignForExtensionCheck"/>
<error line="33" column="5" severity="error" message="Missing a Javadoc comment." source="com.puppycrawl.tools.checkstyle.checks.javadoc.MissingJavadocMethodCheck"/>
<error line="33" column="24" severity="error" message="Parameter g should be final." source="com.puppycrawl.tools.checkstyle.checks.FinalParametersCheck"/>
<error line="33" column="33" severity="error" message="Variable &apos;g&apos; should be declared final." source="com.puppycrawl.tools.checkstyle.checks.coding.FinalLocalVariableCheck"/>
<error line="35" column="26" severity="error" message="&apos;6&apos; is a magic number." source="com.puppycrawl.tools.checkstyle.checks.coding.MagicNumberCheck"/>
<error line="35" column="29" severity="error" message="&apos;6&apos; is a magic number." source="com.puppycrawl.tools.checkstyle.checks.coding.MagicNumberCheck"/>
<error line="38" column="5" severity="error" message="Class &apos;Projectile&apos; looks like designed for extension (can be subclassed), but the method &apos;getBounds&apos; does not have javadoc that explains how to do that safely. If class is not designed for extension consider making the class &apos;Projectile&apos; final or making the method &apos;getBounds&apos; static/final/abstract/empty, or adding allowed annotation for the method." source="com.puppycrawl.tools.checkstyle.checks.design.DesignForExtensionCheck"/>
<error line="38" column="5" severity="error" message="Missing a Javadoc comment." source="com.puppycrawl.tools.checkstyle.checks.javadoc.MissingJavadocMethodCheck"/>
<error line="39" column="36" severity="error" message="&apos;6&apos; is a magic number." source="com.puppycrawl.tools.checkstyle.checks.coding.MagicNumberCheck"/>
<error line="39" column="39" severity="error" message="&apos;6&apos; is a magic number." source="com.puppycrawl.tools.checkstyle.checks.coding.MagicNumberCheck"/>
<error line="42" column="5" severity="error" message="Class &apos;Projectile&apos; looks like designed for extension (can be subclassed), but the method &apos;getAttackPower&apos; does not have javadoc that explains how to do that safely. If class is not designed for extension consider making the class &apos;Projectile&apos; final or making the method &apos;getAttackPower&apos; static/final/abstract/empty, or adding allowed annotation for the method." source="com.puppycrawl.tools.checkstyle.checks.design.DesignForExtensionCheck"/>
<error line="42" column="5" severity="error" message="Missing a Javadoc comment." source="com.puppycrawl.tools.checkstyle.checks.javadoc.MissingJavadocMethodCheck"/>
<error line="45" column="5" severity="error" message="Missing a Javadoc comment." source="com.puppycrawl.tools.checkstyle.checks.javadoc.MissingJavadocMethodCheck"/>
<error line="45" column="28" severity="error" message="Parameter damage should be final." source="com.puppycrawl.tools.checkstyle.checks.FinalParametersCheck"/>
<error line="45" column="32" severity="error" message="Variable &apos;damage&apos; should be declared final." source="com.puppycrawl.tools.checkstyle.checks.coding.FinalLocalVariableCheck"/>
<error line="46" severity="error" message="Line has trailing spaces." source="com.puppycrawl.tools.checkstyle.checks.regexp.RegexpSinglelineCheck"/>
<error line="49" column="5" severity="error" message="Class &apos;Projectile&apos; looks like designed for extension (can be subclassed), but the method &apos;isAlive&apos; does not have javadoc that explains how to do that safely. If class is not designed for extension consider making the class &apos;Projectile&apos; final or making the method &apos;isAlive&apos; static/final/abstract/empty, or adding allowed annotation for the method." source="com.puppycrawl.tools.checkstyle.checks.design.DesignForExtensionCheck"/>
<error line="49" column="5" severity="error" message="Missing a Javadoc comment." source="com.puppycrawl.tools.checkstyle.checks.javadoc.MissingJavadocMethodCheck"/>
<error line="49" column="29" severity="error" message="&apos;{&apos; is not preceded with whitespace." source="com.puppycrawl.tools.checkstyle.checks.whitespace.WhitespaceAroundCheck"/>
<error line="55" severity="error" message="Line has trailing spaces." source="com.puppycrawl.tools.checkstyle.checks.regexp.RegexpSinglelineCheck"/>
</file>
<file name="C:\Users\Utente\Desktop\the-legend-of-bald\src\main\java\com\thelegendofbald\controller\common\SwitchToOtherPanel.java">
</file>
<file name="C:\Users\Utente\Desktop\the-legend-of-bald\src\main\java\com\thelegendofbald\controller\common\SwitchToOtherSettingsEditorPanel.java">
</file>
<file name="C:\Users\Utente\Desktop\the-legend-of-bald\src\main\java\com\thelegendofbald\controller\listeners\buttons\KeybindingButtonKeyListener.java">
</file>
<file name="C:\Users\Utente\Desktop\the-legend-of-bald\src\main\java\com\thelegendofbald\controller\listeners\buttons\KeybindingButtonMouseListener.java">
</file>
<file name="C:\Users\Utente\Desktop\the-legend-of-bald\src\main\java\com\thelegendofbald\controller\listeners\buttons\RoundedButtonMouseListener.java">
</file>
<file name="C:\Users\Utente\Desktop\the-legend-of-bald\src\main\java\com\thelegendofbald\controller\listeners\buttons\TrasparentBackgroundButtonMouseListener.java">
</file>
<file name="C:\Users\Utente\Desktop\the-legend-of-bald\src\main\java\com\thelegendofbald\controller\listeners\common\ResizeListener.java">
</file>
<file name="C:\Users\Utente\Desktop\the-legend-of-bald\src\main\java\com\thelegendofbald\controller\listeners\common\TemplateInteractiveComponentMouseListener.java">
</file>
<file name="C:\Users\Utente\Desktop\the-legend-of-bald\src\main\java\com\thelegendofbald\controller\listeners\inventory\SlotMouseListener.java">
</file>
<file name="C:\Users\Utente\Desktop\the-legend-of-bald\src\main\java\com\thelegendofbald\item\Chest.java">
<error line="5" column="1" severity="error" message="Missing a Javadoc comment." source="com.puppycrawl.tools.checkstyle.checks.javadoc.MissingJavadocTypeCheck"/>
<error line="8" column="5" severity="error" message="Static variable definition in wrong order." source="com.puppycrawl.tools.checkstyle.checks.coding.DeclarationOrderCheck"/>
<error line="9" column="5" severity="error" message="Static variable definition in wrong order." source="com.puppycrawl.tools.checkstyle.checks.coding.DeclarationOrderCheck"/>
<error line="10" column="5" severity="error" message="Static variable definition in wrong order." source="com.puppycrawl.tools.checkstyle.checks.coding.DeclarationOrderCheck"/>
<error line="14" column="5" severity="error" message="Missing a Javadoc comment." source="com.puppycrawl.tools.checkstyle.checks.javadoc.MissingJavadocMethodCheck"/>
<error line="14" column="18" severity="error" message="Parameter x should be final." source="com.puppycrawl.tools.checkstyle.checks.FinalParametersCheck"/>
<error line="14" column="22" severity="error" message="Variable &apos;x&apos; should be declared final." source="com.puppycrawl.tools.checkstyle.checks.coding.FinalLocalVariableCheck"/>
<error line="14" column="25" severity="error" message="Parameter y should be final." source="com.puppycrawl.tools.checkstyle.checks.FinalParametersCheck"/>
<error line="14" column="29" severity="error" message="Variable &apos;y&apos; should be declared final." source="com.puppycrawl.tools.checkstyle.checks.coding.FinalLocalVariableCheck"/>
<error line="14" column="32" severity="error" message="Parameter bald should be final." source="com.puppycrawl.tools.checkstyle.checks.FinalParametersCheck"/>
<error line="14" column="37" severity="error" message="Variable &apos;bald&apos; should be declared final." source="com.puppycrawl.tools.checkstyle.checks.coding.FinalLocalVariableCheck"/>
<error line="21" column="5" severity="error" message="Class &apos;Chest&apos; looks like designed for extension (can be subclassed), but the method &apos;isOpen&apos; does not have javadoc that explains how to do that safely. If class is not designed for extension consider making the class &apos;Chest&apos; final or making the method &apos;isOpen&apos; static/final/abstract/empty, or adding allowed annotation for the method." source="com.puppycrawl.tools.checkstyle.checks.design.DesignForExtensionCheck"/>
<error line="21" column="5" severity="error" message="Missing a Javadoc comment." source="com.puppycrawl.tools.checkstyle.checks.javadoc.MissingJavadocMethodCheck"/>
<error line="25" column="5" severity="error" message="Class &apos;Chest&apos; looks like designed for extension (can be subclassed), but the method &apos;setChestOpen&apos; does not have javadoc that explains how to do that safely. If class is not designed for extension consider making the class &apos;Chest&apos; final or making the method &apos;setChestOpen&apos; static/final/abstract/empty, or adding allowed annotation for the method." source="com.puppycrawl.tools.checkstyle.checks.design.DesignForExtensionCheck"/>
<error line="25" column="5" severity="error" message="Missing a Javadoc comment." source="com.puppycrawl.tools.checkstyle.checks.javadoc.MissingJavadocMethodCheck"/>
</file>
<file name="C:\Users\Utente\Desktop\the-legend-of-bald\src\main\java\com\thelegendofbald\item\GameItem.java">
<error line="8" column="1" severity="error" message="Missing a Javadoc comment." source="com.puppycrawl.tools.checkstyle.checks.javadoc.MissingJavadocTypeCheck"/>
<error line="11" column="5" severity="error" message="Missing a Javadoc comment." source="com.puppycrawl.tools.checkstyle.checks.javadoc.JavadocVariableCheck"/>
<error line="11" column="19" severity="error" message="Variable &apos;x&apos; must be private and have accessor methods." source="com.puppycrawl.tools.checkstyle.checks.design.VisibilityModifierCheck"/>
<error line="12" column="5" severity="error" message="Missing a Javadoc comment." source="com.puppycrawl.tools.checkstyle.checks.javadoc.JavadocVariableCheck"/>
<error line="12" column="19" severity="error" message="Variable &apos;y&apos; must be private and have accessor methods." source="com.puppycrawl.tools.checkstyle.checks.design.VisibilityModifierCheck"/>
<error line="13" column="5" severity="error" message="Missing a Javadoc comment." source="com.puppycrawl.tools.checkstyle.checks.javadoc.JavadocVariableCheck"/>
<error line="13" column="19" severity="error" message="Variable &apos;width&apos; must be private and have accessor methods." source="com.puppycrawl.tools.checkstyle.checks.design.VisibilityModifierCheck"/>
<error line="14" column="5" severity="error" message="Missing a Javadoc comment." source="com.puppycrawl.tools.checkstyle.checks.javadoc.JavadocVariableCheck"/>
<error line="14" column="19" severity="error" message="Variable &apos;height&apos; must be private and have accessor methods." source="com.puppycrawl.tools.checkstyle.checks.design.VisibilityModifierCheck"/>
<error line="17" column="5" severity="error" message="Missing a Javadoc comment." source="com.puppycrawl.tools.checkstyle.checks.javadoc.JavadocVariableCheck"/>
<error line="17" column="22" severity="error" message="Variable &apos;name&apos; must be private and have accessor methods." source="com.puppycrawl.tools.checkstyle.checks.design.VisibilityModifierCheck"/>
<error line="18" column="5" severity="error" message="Missing a Javadoc comment." source="com.puppycrawl.tools.checkstyle.checks.javadoc.JavadocVariableCheck"/>
<error line="18" column="22" severity="error" message="Variable &apos;description&apos; must be private and have accessor methods." source="com.puppycrawl.tools.checkstyle.checks.design.VisibilityModifierCheck"/>
<error line="19" column="5" severity="error" message="Missing a Javadoc comment." source="com.puppycrawl.tools.checkstyle.checks.javadoc.JavadocVariableCheck"/>
<error line="19" column="19" severity="error" message="Variable &apos;price&apos; must be private and have accessor methods." source="com.puppycrawl.tools.checkstyle.checks.design.VisibilityModifierCheck"/>
<error line="22" column="5" severity="error" message="Missing a Javadoc comment." source="com.puppycrawl.tools.checkstyle.checks.javadoc.JavadocVariableCheck"/>
<error line="22" column="21" severity="error" message="Variable &apos;sprite&apos; must be private and have accessor methods." source="com.puppycrawl.tools.checkstyle.checks.design.VisibilityModifierCheck"/>
<error line="25" column="5" severity="error" message="Missing a Javadoc comment." source="com.puppycrawl.tools.checkstyle.checks.javadoc.MissingJavadocMethodCheck"/>
<error line="25" column="21" severity="error" message="Parameter x should be final." source="com.puppycrawl.tools.checkstyle.checks.FinalParametersCheck"/>
<error line="25" column="25" severity="error" message="Variable &apos;x&apos; should be declared final." source="com.puppycrawl.tools.checkstyle.checks.coding.FinalLocalVariableCheck"/>
<error line="25" column="28" severity="error" message="Parameter y should be final." source="com.puppycrawl.tools.checkstyle.checks.FinalParametersCheck"/>
<error line="25" column="32" severity="error" message="Variable &apos;y&apos; should be declared final." source="com.puppycrawl.tools.checkstyle.checks.coding.FinalLocalVariableCheck"/>
<error line="25" column="35" severity="error" message="Parameter width should be final." source="com.puppycrawl.tools.checkstyle.checks.FinalParametersCheck"/>
<error line="25" column="39" severity="error" message="Variable &apos;width&apos; should be declared final." source="com.puppycrawl.tools.checkstyle.checks.coding.FinalLocalVariableCheck"/>
<error line="25" column="46" severity="error" message="Parameter height should be final." source="com.puppycrawl.tools.checkstyle.checks.FinalParametersCheck"/>
<error line="25" column="50" severity="error" message="Variable &apos;height&apos; should be declared final." source="com.puppycrawl.tools.checkstyle.checks.coding.FinalLocalVariableCheck"/>
<error line="25" column="58" severity="error" message="Parameter name should be final." source="com.puppycrawl.tools.checkstyle.checks.FinalParametersCheck"/>
<error line="25" column="65" severity="error" message="Variable &apos;name&apos; should be declared final." source="com.puppycrawl.tools.checkstyle.checks.coding.FinalLocalVariableCheck"/>
<error line="34" column="5" severity="error" message="Class &apos;GameItem&apos; looks like designed for extension (can be subclassed), but the method &apos;render&apos; does not have javadoc that explains how to do that safely. If class is not designed for extension consider making the class &apos;GameItem&apos; final or making the method &apos;render&apos; static/final/abstract/empty, or adding allowed annotation for the method." source="com.puppycrawl.tools.checkstyle.checks.design.DesignForExtensionCheck"/>
<error line="34" column="5" severity="error" message="Missing a Javadoc comment." source="com.puppycrawl.tools.checkstyle.checks.javadoc.MissingJavadocMethodCheck"/>
<error line="34" column="24" severity="error" message="Parameter g should be final." source="com.puppycrawl.tools.checkstyle.checks.FinalParametersCheck"/>
<error line="34" column="33" severity="error" message="Variable &apos;g&apos; should be declared final." source="com.puppycrawl.tools.checkstyle.checks.coding.FinalLocalVariableCheck"/>
<error line="42" column="5" severity="error" message="Class &apos;GameItem&apos; looks like designed for extension (can be subclassed), but the method &apos;getName&apos; does not have javadoc that explains how to do that safely. If class is not designed for extension consider making the class &apos;GameItem&apos; final or making the method &apos;getName&apos; static/final/abstract/empty, or adding allowed annotation for the method." source="com.puppycrawl.tools.checkstyle.checks.design.DesignForExtensionCheck"/>
<error line="42" column="5" severity="error" message="Missing a Javadoc comment." source="com.puppycrawl.tools.checkstyle.checks.javadoc.MissingJavadocMethodCheck"/>
<error line="46" column="5" severity="error" message="Class &apos;GameItem&apos; looks like designed for extension (can be subclassed), but the method &apos;getDescription&apos; does not have javadoc that explains how to do that safely. If class is not designed for extension consider making the class &apos;GameItem&apos; final or making the method &apos;getDescription&apos; static/final/abstract/empty, or adding allowed annotation for the method." source="com.puppycrawl.tools.checkstyle.checks.design.DesignForExtensionCheck"/>
<error line="46" column="5" severity="error" message="Missing a Javadoc comment." source="com.puppycrawl.tools.checkstyle.checks.javadoc.MissingJavadocMethodCheck"/>
<error line="50" column="5" severity="error" message="Class &apos;GameItem&apos; looks like designed for extension (can be subclassed), but the method &apos;getPrice&apos; does not have javadoc that explains how to do that safely. If class is not designed for extension consider making the class &apos;GameItem&apos; final or making the method &apos;getPrice&apos; static/final/abstract/empty, or adding allowed annotation for the method." source="com.puppycrawl.tools.checkstyle.checks.design.DesignForExtensionCheck"/>
<error line="50" column="5" severity="error" message="Missing a Javadoc comment." source="com.puppycrawl.tools.checkstyle.checks.javadoc.MissingJavadocMethodCheck"/>
<error line="54" column="5" severity="error" message="Class &apos;GameItem&apos; looks like designed for extension (can be subclassed), but the method &apos;getSprite&apos; does not have javadoc that explains how to do that safely. If class is not designed for extension consider making the class &apos;GameItem&apos; final or making the method &apos;getSprite&apos; static/final/abstract/empty, or adding allowed annotation for the method." source="com.puppycrawl.tools.checkstyle.checks.design.DesignForExtensionCheck"/>
<error line="54" column="5" severity="error" message="Missing a Javadoc comment." source="com.puppycrawl.tools.checkstyle.checks.javadoc.MissingJavadocMethodCheck"/>
<error line="60" column="5" severity="error" message="Class &apos;GameItem&apos; looks like designed for extension (can be subclassed), but the method &apos;setPrice&apos; does not have javadoc that explains how to do that safely. If class is not designed for extension consider making the class &apos;GameItem&apos; final or making the method &apos;setPrice&apos; static/final/abstract/empty, or adding allowed annotation for the method." source="com.puppycrawl.tools.checkstyle.checks.design.DesignForExtensionCheck"/>
<error line="60" column="5" severity="error" message="Missing a Javadoc comment." source="com.puppycrawl.tools.checkstyle.checks.javadoc.MissingJavadocMethodCheck"/>
<error line="60" column="26" severity="error" message="Parameter price should be final." source="com.puppycrawl.tools.checkstyle.checks.FinalParametersCheck"/>
<error line="60" column="30" severity="error" message="Variable &apos;price&apos; should be declared final." source="com.puppycrawl.tools.checkstyle.checks.coding.FinalLocalVariableCheck"/>
<error line="64" column="5" severity="error" message="Class &apos;GameItem&apos; looks like designed for extension (can be subclassed), but the method &apos;setDescription&apos; does not have javadoc that explains how to do that safely. If class is not designed for extension consider making the class &apos;GameItem&apos; final or making the method &apos;setDescription&apos; static/final/abstract/empty, or adding allowed annotation for the method." source="com.puppycrawl.tools.checkstyle.checks.design.DesignForExtensionCheck"/>
<error line="64" column="5" severity="error" message="Missing a Javadoc comment." source="com.puppycrawl.tools.checkstyle.checks.javadoc.MissingJavadocMethodCheck"/>
<error line="64" column="32" severity="error" message="Parameter description should be final." source="com.puppycrawl.tools.checkstyle.checks.FinalParametersCheck"/>
<error line="64" column="39" severity="error" message="Variable &apos;description&apos; should be declared final." source="com.puppycrawl.tools.checkstyle.checks.coding.FinalLocalVariableCheck"/>
<error line="68" column="5" severity="error" message="Class &apos;GameItem&apos; looks like designed for extension (can be subclassed), but the method &apos;setImagePath&apos; does not have javadoc that explains how to do that safely. If class is not designed for extension consider making the class &apos;GameItem&apos; final or making the method &apos;setImagePath&apos; static/final/abstract/empty, or adding allowed annotation for the method." source="com.puppycrawl.tools.checkstyle.checks.design.DesignForExtensionCheck"/>
<error line="68" column="5" severity="error" message="Missing a Javadoc comment." source="com.puppycrawl.tools.checkstyle.checks.javadoc.MissingJavadocMethodCheck"/>
<error line="68" column="30" severity="error" message="Parameter imagePath should be final." source="com.puppycrawl.tools.checkstyle.checks.FinalParametersCheck"/>
<error line="68" column="37" severity="error" message="Variable &apos;imagePath&apos; should be declared final." source="com.puppycrawl.tools.checkstyle.checks.coding.FinalLocalVariableCheck"/>
<error line="72" severity="error" message="Line has trailing spaces." source="com.puppycrawl.tools.checkstyle.checks.regexp.RegexpSinglelineCheck"/>
</file>
<file name="C:\Users\Utente\Desktop\the-legend-of-bald\src\main\java\com\thelegendofbald\item\ShopItem.java">
<error line="1" severity="error" message="File does not end with a newline." source="com.puppycrawl.tools.checkstyle.checks.NewlineAtEndOfFileCheck"/>
<error line="5" column="1" severity="error" message="Missing a Javadoc comment." source="com.puppycrawl.tools.checkstyle.checks.javadoc.MissingJavadocTypeCheck"/>
<error line="6" column="5" severity="error" message="Missing a Javadoc comment." source="com.puppycrawl.tools.checkstyle.checks.javadoc.MissingJavadocMethodCheck"/>
<error line="7" column="5" severity="error" message="Missing a Javadoc comment." source="com.puppycrawl.tools.checkstyle.checks.javadoc.MissingJavadocMethodCheck"/>
<error line="8" column="5" severity="error" message="Missing a Javadoc comment." source="com.puppycrawl.tools.checkstyle.checks.javadoc.MissingJavadocMethodCheck"/>
<error line="9" column="5" severity="error" message="Missing a Javadoc comment." source="com.puppycrawl.tools.checkstyle.checks.javadoc.MissingJavadocMethodCheck"/>
</file>
<file name="C:\Users\Utente\Desktop\the-legend-of-bald\src\main\java\com\thelegendofbald\item\weapons\Axe.java">
<error line="23" column="5" severity="error" message="Missing a Javadoc comment." source="com.puppycrawl.tools.checkstyle.checks.javadoc.MissingJavadocMethodCheck"/>
<error line="35" column="5" severity="error" message="Class &apos;Axe&apos; looks like designed for extension (can be subclassed), but the method &apos;getDisplayName&apos; does not have javadoc that explains how to do that safely. If class is not designed for extension consider making the class &apos;Axe&apos; final or making the method &apos;getDisplayName&apos; static/final/abstract/empty, or adding allowed annotation for the method." source="com.puppycrawl.tools.checkstyle.checks.design.DesignForExtensionCheck"/>
<error line="40" column="5" severity="error" message="Class &apos;Axe&apos; looks like designed for extension (can be subclassed), but the method &apos;getDescription&apos; does not have javadoc that explains how to do that safely. If class is not designed for extension consider making the class &apos;Axe&apos; final or making the method &apos;getDescription&apos; static/final/abstract/empty, or adding allowed annotation for the method." source="com.puppycrawl.tools.checkstyle.checks.design.DesignForExtensionCheck"/>
<error line="45" column="5" severity="error" message="Class &apos;Axe&apos; looks like designed for extension (can be subclassed), but the method &apos;getPrice&apos; does not have javadoc that explains how to do that safely. If class is not designed for extension consider making the class &apos;Axe&apos; final or making the method &apos;getPrice&apos; static/final/abstract/empty, or adding allowed annotation for the method." source="com.puppycrawl.tools.checkstyle.checks.design.DesignForExtensionCheck"/>
<error line="50" column="5" severity="error" message="Class &apos;Axe&apos; looks like designed for extension (can be subclassed), but the method &apos;getSprite&apos; does not have javadoc that explains how to do that safely. If class is not designed for extension consider making the class &apos;Axe&apos; final or making the method &apos;getSprite&apos; static/final/abstract/empty, or adding allowed annotation for the method." source="com.puppycrawl.tools.checkstyle.checks.design.DesignForExtensionCheck"/>
</file>
<file name="C:\Users\Utente\Desktop\the-legend-of-bald\src\main\java\com\thelegendofbald\item\weapons\FireBall.java">
<error line="23" column="5" severity="error" message="Missing a Javadoc comment." source="com.puppycrawl.tools.checkstyle.checks.javadoc.MissingJavadocMethodCheck"/>
<error line="35" column="5" severity="error" message="Class &apos;FireBall&apos; looks like designed for extension (can be subclassed), but the method &apos;getDisplayName&apos; does not have javadoc that explains how to do that safely. If class is not designed for extension consider making the class &apos;FireBall&apos; final or making the method &apos;getDisplayName&apos; static/final/abstract/empty, or adding allowed annotation for the method." source="com.puppycrawl.tools.checkstyle.checks.design.DesignForExtensionCheck"/>
<error line="40" column="5" severity="error" message="Class &apos;FireBall&apos; looks like designed for extension (can be subclassed), but the method &apos;getDescription&apos; does not have javadoc that explains how to do that safely. If class is not designed for extension consider making the class &apos;FireBall&apos; final or making the method &apos;getDescription&apos; static/final/abstract/empty, or adding allowed annotation for the method." source="com.puppycrawl.tools.checkstyle.checks.design.DesignForExtensionCheck"/>
<error line="45" column="5" severity="error" message="Class &apos;FireBall&apos; looks like designed for extension (can be subclassed), but the method &apos;getPrice&apos; does not have javadoc that explains how to do that safely. If class is not designed for extension consider making the class &apos;FireBall&apos; final or making the method &apos;getPrice&apos; static/final/abstract/empty, or adding allowed annotation for the method." source="com.puppycrawl.tools.checkstyle.checks.design.DesignForExtensionCheck"/>
<error line="50" column="5" severity="error" message="Class &apos;FireBall&apos; looks like designed for extension (can be subclassed), but the method &apos;getSprite&apos; does not have javadoc that explains how to do that safely. If class is not designed for extension consider making the class &apos;FireBall&apos; final or making the method &apos;getSprite&apos; static/final/abstract/empty, or adding allowed annotation for the method." source="com.puppycrawl.tools.checkstyle.checks.design.DesignForExtensionCheck"/>
</file>
<file name="C:\Users\Utente\Desktop\the-legend-of-bald\src\main\java\com\thelegendofbald\item\weapons\Sword.java">
<error line="12" column="1" severity="error" message="Missing a Javadoc comment." source="com.puppycrawl.tools.checkstyle.checks.javadoc.MissingJavadocTypeCheck"/>
<error line="19" column="5" severity="error" message="Missing a Javadoc comment." source="com.puppycrawl.tools.checkstyle.checks.javadoc.MissingJavadocMethodCheck"/>
<error line="31" column="5" severity="error" message="Class &apos;Sword&apos; looks like designed for extension (can be subclassed), but the method &apos;getDisplayName&apos; does not have javadoc that explains how to do that safely. If class is not designed for extension consider making the class &apos;Sword&apos; final or making the method &apos;getDisplayName&apos; static/final/abstract/empty, or adding allowed annotation for the method." source="com.puppycrawl.tools.checkstyle.checks.design.DesignForExtensionCheck"/>
<error line="36" column="5" severity="error" message="Class &apos;Sword&apos; looks like designed for extension (can be subclassed), but the method &apos;getDescription&apos; does not have javadoc that explains how to do that safely. If class is not designed for extension consider making the class &apos;Sword&apos; final or making the method &apos;getDescription&apos; static/final/abstract/empty, or adding allowed annotation for the method." source="com.puppycrawl.tools.checkstyle.checks.design.DesignForExtensionCheck"/>
<error line="41" column="5" severity="error" message="Class &apos;Sword&apos; looks like designed for extension (can be subclassed), but the method &apos;getPrice&apos; does not have javadoc that explains how to do that safely. If class is not designed for extension consider making the class &apos;Sword&apos; final or making the method &apos;getPrice&apos; static/final/abstract/empty, or adding allowed annotation for the method." source="com.puppycrawl.tools.checkstyle.checks.design.DesignForExtensionCheck"/>
<error line="46" column="5" severity="error" message="Class &apos;Sword&apos; looks like designed for extension (can be subclassed), but the method &apos;getSprite&apos; does not have javadoc that explains how to do that safely. If class is not designed for extension consider making the class &apos;Sword&apos; final or making the method &apos;getSprite&apos; static/final/abstract/empty, or adding allowed annotation for the method." source="com.puppycrawl.tools.checkstyle.checks.design.DesignForExtensionCheck"/>
</file>
<file name="C:\Users\Utente\Desktop\the-legend-of-bald\src\main\java\com\thelegendofbald\life\LifeComponent.java">
<error line="3" column="1" severity="error" message="Missing a Javadoc comment." source="com.puppycrawl.tools.checkstyle.checks.javadoc.MissingJavadocTypeCheck"/>
<error line="8" column="5" severity="error" message="Missing a Javadoc comment." source="com.puppycrawl.tools.checkstyle.checks.javadoc.MissingJavadocMethodCheck"/>
<error line="8" column="26" severity="error" message="Parameter maxHealth should be final." source="com.puppycrawl.tools.checkstyle.checks.FinalParametersCheck"/>
<error line="8" column="30" severity="error" message="Variable &apos;maxHealth&apos; should be declared final." source="com.puppycrawl.tools.checkstyle.checks.coding.FinalLocalVariableCheck"/>
<error line="8" column="40" severity="error" message="&apos;{&apos; is not preceded with whitespace." source="com.puppycrawl.tools.checkstyle.checks.whitespace.WhitespaceAroundCheck"/>
<error line="13" column="5" severity="error" message="Class &apos;LifeComponent&apos; looks like designed for extension (can be subclassed), but the method &apos;getCurrentHealth&apos; does not have javadoc that explains how to do that safely. If class is not designed for extension consider making the class &apos;LifeComponent&apos; final or making the method &apos;getCurrentHealth&apos; static/final/abstract/empty, or adding allowed annotation for the method." source="com.puppycrawl.tools.checkstyle.checks.design.DesignForExtensionCheck"/>
<error line="13" column="5" severity="error" message="Missing a Javadoc comment." source="com.puppycrawl.tools.checkstyle.checks.javadoc.MissingJavadocMethodCheck"/>
<error line="17" column="5" severity="error" message="Class &apos;LifeComponent&apos; looks like designed for extension (can be subclassed), but the method &apos;setCurrentHealth&apos; does not have javadoc that explains how to do that safely. If class is not designed for extension consider making the class &apos;LifeComponent&apos; final or making the method &apos;setCurrentHealth&apos; static/final/abstract/empty, or adding allowed annotation for the method." source="com.puppycrawl.tools.checkstyle.checks.design.DesignForExtensionCheck"/>
<error line="17" column="5" severity="error" message="Missing a Javadoc comment." source="com.puppycrawl.tools.checkstyle.checks.javadoc.MissingJavadocMethodCheck"/>
<error line="17" column="34" severity="error" message="Parameter currentHealth should be final." source="com.puppycrawl.tools.checkstyle.checks.FinalParametersCheck"/>
<error line="17" column="38" severity="error" message="Variable &apos;currentHealth&apos; should be declared final." source="com.puppycrawl.tools.checkstyle.checks.coding.FinalLocalVariableCheck"/>
<error line="21" column="5" severity="error" message="Class &apos;LifeComponent&apos; looks like designed for extension (can be subclassed), but the method &apos;damageTaken&apos; does not have javadoc that explains how to do that safely. If class is not designed for extension consider making the class &apos;LifeComponent&apos; final or making the method &apos;damageTaken&apos; static/final/abstract/empty, or adding allowed annotation for the method." source="com.puppycrawl.tools.checkstyle.checks.design.DesignForExtensionCheck"/>
<error line="21" column="5" severity="error" message="Missing a Javadoc comment." source="com.puppycrawl.tools.checkstyle.checks.javadoc.MissingJavadocMethodCheck"/>
<error line="21" column="29" severity="error" message="Parameter damage should be final." source="com.puppycrawl.tools.checkstyle.checks.FinalParametersCheck"/>
<error line="21" column="33" severity="error" message="Variable &apos;damage&apos; should be declared final." source="com.puppycrawl.tools.checkstyle.checks.coding.FinalLocalVariableCheck"/>
<error line="21" column="40" severity="error" message="&apos;{&apos; is not preceded with whitespace." source="com.puppycrawl.tools.checkstyle.checks.whitespace.WhitespaceAroundCheck"/>
<error line="22" column="27" severity="error" message="&apos;=&apos; is not preceded with whitespace." source="com.puppycrawl.tools.checkstyle.checks.whitespace.WhitespaceAroundCheck"/>
<error line="25" column="5" severity="error" message="Class &apos;LifeComponent&apos; looks like designed for extension (can be subclassed), but the method &apos;heal&apos; does not have javadoc that explains how to do that safely. If class is not designed for extension consider making the class &apos;LifeComponent&apos; final or making the method &apos;heal&apos; static/final/abstract/empty, or adding allowed annotation for the method." source="com.puppycrawl.tools.checkstyle.checks.design.DesignForExtensionCheck"/>
<error line="25" column="5" severity="error" message="Missing a Javadoc comment." source="com.puppycrawl.tools.checkstyle.checks.javadoc.MissingJavadocMethodCheck"/>
<error line="25" column="22" severity="error" message="Parameter amount should be final." source="com.puppycrawl.tools.checkstyle.checks.FinalParametersCheck"/>
<error line="25" column="26" severity="error" message="Variable &apos;amount&apos; should be declared final." source="com.puppycrawl.tools.checkstyle.checks.coding.FinalLocalVariableCheck"/>
<error line="25" column="33" severity="error" message="&apos;{&apos; is not preceded with whitespace." source="com.puppycrawl.tools.checkstyle.checks.whitespace.WhitespaceAroundCheck"/>
<error line="26" column="9" severity="error" message="&apos;if&apos; is not followed by whitespace." source="com.puppycrawl.tools.checkstyle.checks.whitespace.WhitespaceAfterCheck"/>
<error line="26" column="9" severity="error" message="&apos;if&apos; is not followed by whitespace." source="com.puppycrawl.tools.checkstyle.checks.whitespace.WhitespaceAroundCheck"/>
<error line="26" column="57" severity="error" message="&apos;{&apos; is not preceded with whitespace." source="com.puppycrawl.tools.checkstyle.checks.whitespace.WhitespaceAroundCheck"/>
<error line="29" severity="error" message="Line has trailing spaces." source="com.puppycrawl.tools.checkstyle.checks.regexp.RegexpSinglelineCheck"/>
<error line="33" column="5" severity="error" message="Class &apos;LifeComponent&apos; looks like designed for extension (can be subclassed), but the method &apos;isDead&apos; does not have javadoc that explains how to do that safely. If class is not designed for extension consider making the class &apos;LifeComponent&apos; final or making the method &apos;isDead&apos; static/final/abstract/empty, or adding allowed annotation for the method." source="com.puppycrawl.tools.checkstyle.checks.design.DesignForExtensionCheck"/>
<error line="33" column="5" severity="error" message="Missing a Javadoc comment." source="com.puppycrawl.tools.checkstyle.checks.javadoc.MissingJavadocMethodCheck"/>
<error line="33" column="28" severity="error" message="&apos;{&apos; is not preceded with whitespace." source="com.puppycrawl.tools.checkstyle.checks.whitespace.WhitespaceAroundCheck"/>
<error line="34" column="40" severity="error" message="&apos;;&apos; is preceded with whitespace." source="com.puppycrawl.tools.checkstyle.checks.whitespace.NoWhitespaceBeforeCheck"/>
<error line="37" column="5" severity="error" message="Class &apos;LifeComponent&apos; looks like designed for extension (can be subclassed), but the method &apos;getPercentage&apos; does not have javadoc that explains how to do that safely. If class is not designed for extension consider making the class &apos;LifeComponent&apos; final or making the method &apos;getPercentage&apos; static/final/abstract/empty, or adding allowed annotation for the method." source="com.puppycrawl.tools.checkstyle.checks.design.DesignForExtensionCheck"/>
<error line="37" column="5" severity="error" message="Missing a Javadoc comment." source="com.puppycrawl.tools.checkstyle.checks.javadoc.MissingJavadocMethodCheck"/>
<error line="37" column="34" severity="error" message="&apos;{&apos; is not preceded with whitespace." source="com.puppycrawl.tools.checkstyle.checks.whitespace.WhitespaceAroundCheck"/>
</file>
<file name="C:\Users\Utente\Desktop\the-legend-of-bald\src\main\java\com\thelegendofbald\Main.java">
<error line="8" column="1" severity="error" message="Missing a Javadoc comment." source="com.puppycrawl.tools.checkstyle.checks.javadoc.MissingJavadocTypeCheck"/>
<error line="14" column="5" severity="error" message="Missing a Javadoc comment." source="com.puppycrawl.tools.checkstyle.checks.javadoc.MissingJavadocMethodCheck"/>
<error line="14" column="29" severity="error" message="Parameter args should be final." source="com.puppycrawl.tools.checkstyle.checks.FinalParametersCheck"/>
<error line="14" column="38" severity="error" message="Variable &apos;args&apos; should be declared final." source="com.puppycrawl.tools.checkstyle.checks.coding.FinalLocalVariableCheck"/>
</file>
<file name="C:\Users\Utente\Desktop\the-legend-of-bald\src\main\java\com\thelegendofbald\model\combat\CombatManager.java">
</file>
<file name="C:\Users\Utente\Desktop\the-legend-of-bald\src\main\java\com\thelegendofbald\model\common\DataManager.java">
<error line="127" column="15" severity="info" message="Comment matches to-do format &apos;TODO:&apos;." source="com.puppycrawl.tools.checkstyle.checks.TodoCommentCheck"/>
</file>
<file name="C:\Users\Utente\Desktop\the-legend-of-bald\src\main\java\com\thelegendofbald\model\common\GameRun.java">
</file>
<file name="C:\Users\Utente\Desktop\the-legend-of-bald\src\main\java\com\thelegendofbald\model\common\Timer.java">
</file>
<file name="C:\Users\Utente\Desktop\the-legend-of-bald\src\main\java\com\thelegendofbald\model\common\Wallet.java">
<error line="3" column="1" severity="error" message="Missing a Javadoc comment." source="com.puppycrawl.tools.checkstyle.checks.javadoc.MissingJavadocTypeCheck"/>
<error line="8" column="5" severity="error" message="Missing a Javadoc comment." source="com.puppycrawl.tools.checkstyle.checks.javadoc.MissingJavadocMethodCheck"/>
<error line="13" column="5" severity="error" message="Missing a Javadoc comment." source="com.puppycrawl.tools.checkstyle.checks.javadoc.MissingJavadocMethodCheck"/>
<error line="13" column="19" severity="error" message="Parameter initialCoins should be final." source="com.puppycrawl.tools.checkstyle.checks.FinalParametersCheck"/>
<error line="13" column="23" severity="error" message="Variable &apos;initialCoins&apos; should be declared final." source="com.puppycrawl.tools.checkstyle.checks.coding.FinalLocalVariableCheck"/>
<error line="18" column="5" severity="error" message="Class &apos;Wallet&apos; looks like designed for extension (can be subclassed), but the method &apos;getCoins&apos; does not have javadoc that explains how to do that safely. If class is not designed for extension consider making the class &apos;Wallet&apos; final or making the method &apos;getCoins&apos; static/final/abstract/empty, or adding allowed annotation for the method." source="com.puppycrawl.tools.checkstyle.checks.design.DesignForExtensionCheck"/>
<error line="18" column="5" severity="error" message="Missing a Javadoc comment." source="com.puppycrawl.tools.checkstyle.checks.javadoc.MissingJavadocMethodCheck"/>
<error line="22" column="5" severity="error" message="Class &apos;Wallet&apos; looks like designed for extension (can be subclassed), but the method &apos;getGold&apos; does not have javadoc that explains how to do that safely. If class is not designed for extension consider making the class &apos;Wallet&apos; final or making the method &apos;getGold&apos; static/final/abstract/empty, or adding allowed annotation for the method." source="com.puppycrawl.tools.checkstyle.checks.design.DesignForExtensionCheck"/>
<error line="22" column="5" severity="error" message="Missing a Javadoc comment." source="com.puppycrawl.tools.checkstyle.checks.javadoc.MissingJavadocMethodCheck"/>
<error line="27" column="5" severity="error" message="Class &apos;Wallet&apos; looks like designed for extension (can be subclassed), but the method &apos;addCoins&apos; does not have javadoc that explains how to do that safely. If class is not designed for extension consider making the class &apos;Wallet&apos; final or making the method &apos;addCoins&apos; static/final/abstract/empty, or adding allowed annotation for the method." source="com.puppycrawl.tools.checkstyle.checks.design.DesignForExtensionCheck"/>
<error line="27" column="5" severity="error" message="Missing a Javadoc comment." source="com.puppycrawl.tools.checkstyle.checks.javadoc.MissingJavadocMethodCheck"/>
<error line="27" column="26" severity="error" message="Parameter amount should be final." source="com.puppycrawl.tools.checkstyle.checks.FinalParametersCheck"/>
<error line="27" column="30" severity="error" message="Variable &apos;amount&apos; should be declared final." source="com.puppycrawl.tools.checkstyle.checks.coding.FinalLocalVariableCheck"/>
<error line="32" column="5" severity="error" message="Class &apos;Wallet&apos; looks like designed for extension (can be subclassed), but the method &apos;spendCoins&apos; does not have javadoc that explains how to do that safely. If class is not designed for extension consider making the class &apos;Wallet&apos; final or making the method &apos;spendCoins&apos; static/final/abstract/empty, or adding allowed annotation for the method." source="com.puppycrawl.tools.checkstyle.checks.design.DesignForExtensionCheck"/>
<error line="32" column="5" severity="error" message="Missing a Javadoc comment." source="com.puppycrawl.tools.checkstyle.checks.javadoc.MissingJavadocMethodCheck"/>
<error line="32" column="31" severity="error" message="Parameter amount should be final." source="com.puppycrawl.tools.checkstyle.checks.FinalParametersCheck"/>
<error line="32" column="35" severity="error" message="Variable &apos;amount&apos; should be declared final." source="com.puppycrawl.tools.checkstyle.checks.coding.FinalLocalVariableCheck"/>
</file>
<file name="C:\Users\Utente\Desktop\the-legend-of-bald\src\main\java\com\thelegendofbald\model\inventory\InventoryManager.java">
</file>
<file name="C:\Users\Utente\Desktop\the-legend-of-bald\src\main\java\com\thelegendofbald\model\inventory\Slot.java">
</file>
<file name="C:\Users\Utente\Desktop\the-legend-of-bald\src\main\java\com\thelegendofbald\model\sounds\SoundManager.java">
</file>
<file name="C:\Users\Utente\Desktop\the-legend-of-bald\src\main\java\com\thelegendofbald\model\sounds\SoundPlayer.java">
</file>
<file name="C:\Users\Utente\Desktop\the-legend-of-bald\src\main\java\com\thelegendofbald\model\weapons\HeavyMeleeWeapon.java">
</file>
<file name="C:\Users\Utente\Desktop\the-legend-of-bald\src\main\java\com\thelegendofbald\model\weapons\LightMeleeWeapon.java">
</file>
<file name="C:\Users\Utente\Desktop\the-legend-of-bald\src\main\java\com\thelegendofbald\model\weapons\MeleeWeapon.java">
</file>
<file name="C:\Users\Utente\Desktop\the-legend-of-bald\src\main\java\com\thelegendofbald\model\weapons\RangedWeapon.java">
</file>
<file name="C:\Users\Utente\Desktop\the-legend-of-bald\src\main\java\com\thelegendofbald\model\weapons\Weapon.java">
</file>
<file name="C:\Users\Utente\Desktop\the-legend-of-bald\src\main\java\com\thelegendofbald\utils\ColorUtils.java">
</file>
<file name="C:\Users\Utente\Desktop\the-legend-of-bald\src\main\java\com\thelegendofbald\utils\ImageUtils.java">
</file>
<file name="C:\Users\Utente\Desktop\the-legend-of-bald\src\main\java\com\thelegendofbald\utils\MathUtils.java">
<error line="3" column="1" severity="error" message="Missing a Javadoc comment." source="com.puppycrawl.tools.checkstyle.checks.javadoc.MissingJavadocTypeCheck"/>
<error line="4" severity="error" message="Line has trailing spaces." source="com.puppycrawl.tools.checkstyle.checks.regexp.RegexpSinglelineCheck"/>
</file>
<file name="C:\Users\Utente\Desktop\the-legend-of-bald\src\main\java\com\thelegendofbald\view\buttons\JButtonFactoryImpl.java">
</file>
<file name="C:\Users\Utente\Desktop\the-legend-of-bald\src\main\java\com\thelegendofbald\view\buttons\KeybindingButton.java">
</file>
<file name="C:\Users\Utente\Desktop\the-legend-of-bald\src\main\java\com\thelegendofbald\view\buttons\RectangleButton.java">
</file>
<file name="C:\Users\Utente\Desktop\the-legend-of-bald\src\main\java\com\thelegendofbald\view\buttons\RoundedButton.java">
</file>
<file name="C:\Users\Utente\Desktop\the-legend-of-bald\src\main\java\com\thelegendofbald\view\buttons\TrasparentBackgroundButton.java">
</file>
<file name="C:\Users\Utente\Desktop\the-legend-of-bald\src\main\java\com\thelegendofbald\view\common\BackToPreviousPanel.java">
</file>
<file name="C:\Users\Utente\Desktop\the-legend-of-bald\src\main\java\com\thelegendofbald\view\common\CustomCheckBox.java">
</file>
<file name="C:\Users\Utente\Desktop\the-legend-of-bald\src\main\java\com\thelegendofbald\view\common\CustomComboBox.java">
</file>
<file name="C:\Users\Utente\Desktop\the-legend-of-bald\src\main\java\com\thelegendofbald\view\common\CustomComboBoxRenderer.java">
</file>
<file name="C:\Users\Utente\Desktop\the-legend-of-bald\src\main\java\com\thelegendofbald\view\common\CustomSlider.java">
</file>
<file name="C:\Users\Utente\Desktop\the-legend-of-bald\src\main\java\com\thelegendofbald\view\common\TextLabel.java">
</file>
<file name="C:\Users\Utente\Desktop\the-legend-of-bald\src\main\java\com\thelegendofbald\view\common\TextLabelFactoryImpl.java">
</file>
<file name="C:\Users\Utente\Desktop\the-legend-of-bald\src\main\java\com\thelegendofbald\view\constraints\BothGridBagConstraintsSupplier.java">
</file>
<file name="C:\Users\Utente\Desktop\the-legend-of-bald\src\main\java\com\thelegendofbald\view\constraints\GridBagConstraintsFactoryImpl.java">
</file>
<file name="C:\Users\Utente\Desktop\the-legend-of-bald\src\main\java\com\thelegendofbald\view\constraints\HorizontalGridBagConstraintsSupplier.java">
</file>
<file name="C:\Users\Utente\Desktop\the-legend-of-bald\src\main\java\com\thelegendofbald\view\constraints\VerticalGridBagConstraintsSupplier.java">
</file>
<file name="C:\Users\Utente\Desktop\the-legend-of-bald\src\main\java\com\thelegendofbald\view\game\GameOptionsPanel.java">
</file>
<file name="C:\Users\Utente\Desktop\the-legend-of-bald\src\main\java\com\thelegendofbald\view\game\GamePanel.java">
<error line="63" column="1" severity="error" message="Missing a Javadoc comment." source="com.puppycrawl.tools.checkstyle.checks.javadoc.MissingJavadocTypeCheck"/>
<error line="80" column="23" severity="error" message="&apos;final&apos; modifier out of order with the JLS suggestions." source="com.puppycrawl.tools.checkstyle.checks.modifier.ModifierOrderCheck"/>
<error line="84" column="23" severity="error" message="&apos;final&apos; modifier out of order with the JLS suggestions." source="com.puppycrawl.tools.checkstyle.checks.modifier.ModifierOrderCheck"/>
<error line="88" column="23" severity="error" message="&apos;final&apos; modifier out of order with the JLS suggestions." source="com.puppycrawl.tools.checkstyle.checks.modifier.ModifierOrderCheck"/>
<error line="92" column="23" severity="error" message="&apos;final&apos; modifier out of order with the JLS suggestions." source="com.puppycrawl.tools.checkstyle.checks.modifier.ModifierOrderCheck"/>
<error line="94" column="23" severity="error" message="&apos;final&apos; modifier out of order with the JLS suggestions." source="com.puppycrawl.tools.checkstyle.checks.modifier.ModifierOrderCheck"/>
<error line="95" column="23" severity="error" message="&apos;final&apos; modifier out of order with the JLS suggestions." source="com.puppycrawl.tools.checkstyle.checks.modifier.ModifierOrderCheck"/>
<error line="98" column="23" severity="error" message="&apos;final&apos; modifier out of order with the JLS suggestions." source="com.puppycrawl.tools.checkstyle.checks.modifier.ModifierOrderCheck"/>
<error line="100" column="17" severity="error" message="Name &apos;num_enemies&apos; must match pattern &apos;^[a-z][a-zA-Z0-9]*$&apos;." source="com.puppycrawl.tools.checkstyle.checks.naming.MemberNameCheck"/>
<error line="103" column="30" severity="error" message="Variable &apos;running&apos; explicitly initialized to &apos;false&apos; (default value for its type)." source="com.puppycrawl.tools.checkstyle.checks.coding.ExplicitInitializationCheck"/>
<error line="107" column="26" severity="error" message="Variable &apos;currentFPS&apos; explicitly initialized to &apos;0&apos; (default value for its type)." source="com.puppycrawl.tools.checkstyle.checks.coding.ExplicitInitializationCheck"/>
<error line="111" severity="error" message="Line has trailing spaces." source="com.puppycrawl.tools.checkstyle.checks.regexp.RegexpSinglelineCheck"/>
<error line="114" column="5" severity="error" message="Missing a Javadoc comment." source="com.puppycrawl.tools.checkstyle.checks.javadoc.MissingJavadocMethodCheck"/>
<error line="116" column="19" severity="error" message="Variable &apos;size&apos; should be declared final." source="com.puppycrawl.tools.checkstyle.checks.coding.FinalLocalVariableCheck"/>
<error line="116" column="40" severity="error" message="&apos;1280&apos; is a magic number." source="com.puppycrawl.tools.checkstyle.checks.coding.MagicNumberCheck"/>
<error line="116" column="46" severity="error" message="&apos;704&apos; is a magic number." source="com.puppycrawl.tools.checkstyle.checks.coding.MagicNumberCheck"/>
<error line="122" column="54" severity="error" message="&apos;200&apos; is a magic number." source="com.puppycrawl.tools.checkstyle.checks.coding.MagicNumberCheck"/>
<error line="122" column="57" severity="error" message="&apos;,&apos; is not followed by whitespace." source="com.puppycrawl.tools.checkstyle.checks.whitespace.WhitespaceAfterCheck"/>
<error line="122" column="58" severity="error" message="&apos;20&apos; is a magic number." source="com.puppycrawl.tools.checkstyle.checks.coding.MagicNumberCheck"/>
<error line="123" column="39" severity="error" message="&apos;800&apos; is a magic number." source="com.puppycrawl.tools.checkstyle.checks.coding.MagicNumberCheck"/>
<error line="123" column="44" severity="error" message="&apos;200&apos; is a magic number." source="com.puppycrawl.tools.checkstyle.checks.coding.MagicNumberCheck"/>
<error line="123" column="47" severity="error" message="&apos;,&apos; is not followed by whitespace." source="com.puppycrawl.tools.checkstyle.checks.whitespace.WhitespaceAfterCheck"/>
<error line="123" column="48" severity="error" message="&apos;20&apos; is a magic number." source="com.puppycrawl.tools.checkstyle.checks.coding.MagicNumberCheck"/>
<error line="126" column="63" severity="error" message="&apos;5&apos; is a magic number." source="com.puppycrawl.tools.checkstyle.checks.coding.MagicNumberCheck"/>
<error line="133" column="48" severity="error" message="&apos;50&apos; is a magic number." source="com.puppycrawl.tools.checkstyle.checks.coding.MagicNumberCheck"/>
<error line="133" column="52" severity="error" message="&apos;50&apos; is a magic number." source="com.puppycrawl.tools.checkstyle.checks.coding.MagicNumberCheck"/>
<error line="149" column="15" severity="error" message="Variable &apos;spawnPoint&apos; should be declared final." source="com.puppycrawl.tools.checkstyle.checks.coding.FinalLocalVariableCheck"/>
<error line="149" column="51" severity="error" message="&apos;5&apos; is a magic number." source="com.puppycrawl.tools.checkstyle.checks.coding.MagicNumberCheck"/>
<error line="151" column="17" severity="error" message="Variable &apos;tileSize&apos; should be declared final." source="com.puppycrawl.tools.checkstyle.checks.coding.FinalLocalVariableCheck"/>
<error line="158" column="24" severity="error" message="&apos;;&apos; is preceded with whitespace." source="com.puppycrawl.tools.checkstyle.checks.whitespace.NoWhitespaceBeforeCheck"/>
<error line="158" column="42" severity="error" message="&apos;;&apos; is preceded with whitespace." source="com.puppycrawl.tools.checkstyle.checks.whitespace.NoWhitespaceBeforeCheck"/>
<error line="159" column="76" severity="error" message="&apos;300&apos; is a magic number." source="com.puppycrawl.tools.checkstyle.checks.coding.MagicNumberCheck"/>
<error line="160" column="76" severity="error" message="&apos;300&apos; is a magic number." source="com.puppycrawl.tools.checkstyle.checks.coding.MagicNumberCheck"/>
<error line="160" column="81" severity="error" message="&apos;600&apos; is a magic number." source="com.puppycrawl.tools.checkstyle.checks.coding.MagicNumberCheck"/>
<error line="161" column="40" severity="error" message="&apos;60&apos; is a magic number." source="com.puppycrawl.tools.checkstyle.checks.coding.MagicNumberCheck"/>
<error line="184" column="22" severity="error" message="Variable &apos;weapons&apos; should be declared final." source="com.puppycrawl.tools.checkstyle.checks.coding.FinalLocalVariableCheck"/>
<error line="184" column="59" severity="error" message="&apos;50&apos; is a magic number." source="com.puppycrawl.tools.checkstyle.checks.coding.MagicNumberCheck"/>
<error line="184" column="63" severity="error" message="&apos;50&apos; is a magic number." source="com.puppycrawl.tools.checkstyle.checks.coding.MagicNumberCheck"/>
<error line="185" column="56" severity="error" message="&apos;50&apos; is a magic number." source="com.puppycrawl.tools.checkstyle.checks.coding.MagicNumberCheck"/>
<error line="185" column="60" severity="error" message="&apos;50&apos; is a magic number." source="com.puppycrawl.tools.checkstyle.checks.coding.MagicNumberCheck"/>
<error line="186" column="54" severity="error" message="&apos;50&apos; is a magic number." source="com.puppycrawl.tools.checkstyle.checks.coding.MagicNumberCheck"/>
<error line="186" column="58" severity="error" message="&apos;50&apos; is a magic number." source="com.puppycrawl.tools.checkstyle.checks.coding.MagicNumberCheck"/>
<error line="192" column="18" severity="error" message="Variable &apos;im&apos; should be declared final." source="com.puppycrawl.tools.checkstyle.checks.coding.FinalLocalVariableCheck"/>
<error line="193" column="19" severity="error" message="Variable &apos;am&apos; should be declared final." source="com.puppycrawl.tools.checkstyle.checks.coding.FinalLocalVariableCheck"/>
<error line="209" column="26" severity="error" message="Parameter im should be final." source="com.puppycrawl.tools.checkstyle.checks.FinalParametersCheck"/>
<error line="209" column="35" severity="error" message="Variable &apos;im&apos; should be declared final." source="com.puppycrawl.tools.checkstyle.checks.coding.FinalLocalVariableCheck"/>
<error line="209" column="39" severity="error" message="Parameter am should be final." source="com.puppycrawl.tools.checkstyle.checks.FinalParametersCheck"/>
<error line="209" column="49" severity="error" message="Variable &apos;am&apos; should be declared final." source="com.puppycrawl.tools.checkstyle.checks.coding.FinalLocalVariableCheck"/>
<error line="209" column="53" severity="error" message="Parameter name should be final." source="com.puppycrawl.tools.checkstyle.checks.FinalParametersCheck"/>
<error line="209" column="60" severity="error" message="Variable &apos;name&apos; should be declared final." source="com.puppycrawl.tools.checkstyle.checks.coding.FinalLocalVariableCheck"/>
<error line="209" column="66" severity="error" message="Parameter key should be final." source="com.puppycrawl.tools.checkstyle.checks.FinalParametersCheck"/>
<error line="209" column="70" severity="error" message="Variable &apos;key&apos; should be declared final." source="com.puppycrawl.tools.checkstyle.checks.coding.FinalLocalVariableCheck"/>
<error line="209" column="75" severity="error" message="Parameter pressed should be final." source="com.puppycrawl.tools.checkstyle.checks.FinalParametersCheck"/>
<error line="209" column="83" severity="error" message="Variable &apos;pressed&apos; should be declared final." source="com.puppycrawl.tools.checkstyle.checks.coding.FinalLocalVariableCheck"/>
<error line="209" column="92" severity="error" message="Parameter action should be final." source="com.puppycrawl.tools.checkstyle.checks.FinalParametersCheck"/>
<error line="209" column="101" severity="error" message="Variable &apos;action&apos; should be declared final." source="com.puppycrawl.tools.checkstyle.checks.coding.FinalLocalVariableCheck"/>
<error line="213" column="41" severity="error" message="Parameter e should be final." source="com.puppycrawl.tools.checkstyle.checks.FinalParametersCheck"/>
<error line="213" column="68" severity="error" message="Variable &apos;e&apos; should be declared final." source="com.puppycrawl.tools.checkstyle.checks.coding.FinalLocalVariableCheck"/>
<error line="219" column="5" severity="error" message="Static variable definition in wrong order." source="com.puppycrawl.tools.checkstyle.checks.coding.DeclarationOrderCheck"/>
<error line="225" column="9" severity="error" message="&apos;if&apos; construct must use &apos;{}&apos;s." source="com.puppycrawl.tools.checkstyle.checks.blocks.NeedBracesCheck"/>
<error line="227" column="9" severity="error" message="&apos;if&apos; construct must use &apos;{}&apos;s." source="com.puppycrawl.tools.checkstyle.checks.blocks.NeedBracesCheck"/>
<error line="229" column="9" severity="error" message="&apos;if&apos; construct must use &apos;{}&apos;s." source="com.puppycrawl.tools.checkstyle.checks.blocks.NeedBracesCheck"/>
<error line="231" column="9" severity="error" message="&apos;if&apos; construct must use &apos;{}&apos;s." source="com.puppycrawl.tools.checkstyle.checks.blocks.NeedBracesCheck"/>
<error line="239" column="16" severity="error" message="Variable &apos;magnitude&apos; should be declared final." source="com.puppycrawl.tools.checkstyle.checks.coding.FinalLocalVariableCheck"/>
<error line="255" column="5" severity="error" message="Class &apos;GamePanel&apos; looks like designed for extension (can be subclassed), but the method &apos;intersects&apos; does not have javadoc that explains how to do that safely. If class is not designed for extension consider making the class &apos;GamePanel&apos; final or making the method &apos;intersects&apos; static/final/abstract/empty, or adding allowed annotation for the method." source="com.puppycrawl.tools.checkstyle.checks.design.DesignForExtensionCheck"/>
<error line="255" column="24" severity="error" message="Parameter e1 should be final." source="com.puppycrawl.tools.checkstyle.checks.FinalParametersCheck"/>
<error line="255" column="34" severity="error" message="Variable &apos;e1&apos; should be declared final." source="com.puppycrawl.tools.checkstyle.checks.coding.FinalLocalVariableCheck"/>
<error line="255" column="38" severity="error" message="Parameter e2 should be final." source="com.puppycrawl.tools.checkstyle.checks.FinalParametersCheck"/>
<error line="255" column="48" severity="error" message="Variable &apos;e2&apos; should be declared final." source="com.puppycrawl.tools.checkstyle.checks.coding.FinalLocalVariableCheck"/>
<error line="259" column="5" severity="error" message="Class &apos;GamePanel&apos; looks like designed for extension (can be subclassed), but the method &apos;getGameRun&apos; does not have javadoc that explains how to do that safely. If class is not designed for extension consider making the class &apos;GamePanel&apos; final or making the method &apos;getGameRun&apos; static/final/abstract/empty, or adding allowed annotation for the method." source="com.puppycrawl.tools.checkstyle.checks.design.DesignForExtensionCheck"/>
<error line="259" column="5" severity="error" message="Missing a Javadoc comment." source="com.puppycrawl.tools.checkstyle.checks.javadoc.MissingJavadocMethodCheck"/>
<error line="266" column="11" severity="info" message="Comment matches to-do format &apos;TODO:&apos;." source="com.puppycrawl.tools.checkstyle.checks.TodoCommentCheck"/>
<error line="273" column="11" severity="info" message="Comment matches to-do format &apos;TODO:&apos;." source="com.puppycrawl.tools.checkstyle.checks.TodoCommentCheck"/>
<error line="276" column="5" severity="error" message="Class &apos;GamePanel&apos; looks like designed for extension (can be subclassed), but the method &apos;startGame&apos; does not have javadoc that explains how to do that safely. If class is not designed for extension consider making the class &apos;GamePanel&apos; final or making the method &apos;startGame&apos; static/final/abstract/empty, or adding allowed annotation for the method." source="com.puppycrawl.tools.checkstyle.checks.design.DesignForExtensionCheck"/>
<error line="284" column="5" severity="error" message="Class &apos;GamePanel&apos; looks like designed for extension (can be subclassed), but the method &apos;finishGame&apos; does not have javadoc that explains how to do that safely. If class is not designed for extension consider making the class &apos;GamePanel&apos; final or making the method &apos;finishGame&apos; static/final/abstract/empty, or adding allowed annotation for the method." source="com.puppycrawl.tools.checkstyle.checks.design.DesignForExtensionCheck"/>
<error line="289" column="30" severity="error" message="Variable &apos;e&apos; should be declared final." source="com.puppycrawl.tools.checkstyle.checks.coding.FinalLocalVariableCheck"/>
<error line="296" column="5" severity="error" message="Class &apos;GamePanel&apos; looks like designed for extension (can be subclassed), but the method &apos;run&apos; does not have javadoc that explains how to do that safely. If class is not designed for extension consider making the class &apos;GamePanel&apos; final or making the method &apos;run&apos; static/final/abstract/empty, or adding allowed annotation for the method." source="com.puppycrawl.tools.checkstyle.checks.design.DesignForExtensionCheck"/>
<error line="309" column="18" severity="error" message="Variable &apos;now&apos; should be declared final." source="com.puppycrawl.tools.checkstyle.checks.coding.FinalLocalVariableCheck"/>
<error line="311" column="24" severity="error" message="&apos;1e9&apos; is a magic number." source="com.puppycrawl.tools.checkstyle.checks.coding.MagicNumberCheck"/>
<error line="322" column="35" severity="error" message="&apos;1e9&apos; is a magic number." source="com.puppycrawl.tools.checkstyle.checks.coding.MagicNumberCheck"/>
<error line="337" column="13" severity="error" message="Variable &apos;baldX&apos; should be declared final." source="com.puppycrawl.tools.checkstyle.checks.coding.FinalLocalVariableCheck"/>
<error line="338" column="13" severity="error" message="Variable &apos;baldY&apos; should be declared final." source="com.puppycrawl.tools.checkstyle.checks.coding.FinalLocalVariableCheck"/>
<error line="339" column="13" severity="error" message="Variable &apos;baldW&apos; should be declared final." source="com.puppycrawl.tools.checkstyle.checks.coding.FinalLocalVariableCheck"/>
<error line="340" column="13" severity="error" message="Variable &apos;baldH&apos; should be declared final." source="com.puppycrawl.tools.checkstyle.checks.coding.FinalLocalVariableCheck"/>
<error line="341" column="13" severity="error" message="Variable &apos;tileSize&apos; should be declared final." source="com.puppycrawl.tools.checkstyle.checks.coding.FinalLocalVariableCheck"/>
<error line="344" column="13" severity="error" message="Variable &apos;feetY&apos; should be declared final." source="com.puppycrawl.tools.checkstyle.checks.coding.FinalLocalVariableCheck"/>
<error line="345" column="13" severity="error" message="Variable &apos;tileFeetY&apos; should be declared final." source="com.puppycrawl.tools.checkstyle.checks.coding.FinalLocalVariableCheck"/>
<error line="346" column="13" severity="error" message="Variable &apos;tileCenterX&apos; should be declared final." source="com.puppycrawl.tools.checkstyle.checks.coding.FinalLocalVariableCheck"/>
<error line="349" column="14" severity="error" message="Variable &apos;tileUnderFeet&apos; should be declared final." source="com.puppycrawl.tools.checkstyle.checks.coding.FinalLocalVariableCheck"/>
<error line="360" column="13" severity="error" message="&apos;if&apos; is not followed by whitespace." source="com.puppycrawl.tools.checkstyle.checks.whitespace.WhitespaceAfterCheck"/>
<error line="360" column="13" severity="error" message="&apos;if&apos; is not followed by whitespace." source="com.puppycrawl.tools.checkstyle.checks.whitespace.WhitespaceAroundCheck"/>
<error line="360" column="38" severity="error" message="&apos;{&apos; is not preceded with whitespace." source="com.puppycrawl.tools.checkstyle.checks.whitespace.WhitespaceAroundCheck"/>
<error line="373" column="5" severity="error" message="Class &apos;GamePanel&apos; looks like designed for extension (can be subclassed), but the method &apos;changeMap&apos; does not have javadoc that explains how to do that safely. If class is not designed for extension consider making the class &apos;GamePanel&apos; final or making the method &apos;changeMap&apos; static/final/abstract/empty, or adding allowed annotation for the method." source="com.puppycrawl.tools.checkstyle.checks.design.DesignForExtensionCheck"/>
<error line="373" column="5" severity="error" message="Missing a Javadoc comment." source="com.puppycrawl.tools.checkstyle.checks.javadoc.MissingJavadocMethodCheck"/>
<error line="373" column="27" severity="error" message="Parameter mapName should be final." source="com.puppycrawl.tools.checkstyle.checks.FinalParametersCheck"/>
<error line="373" column="34" severity="error" message="Variable &apos;mapName&apos; should be declared final." source="com.puppycrawl.tools.checkstyle.checks.coding.FinalLocalVariableCheck"/>
<error line="378" column="15" severity="error" message="Variable &apos;spawnPoint&apos; should be declared final." source="com.puppycrawl.tools.checkstyle.checks.coding.FinalLocalVariableCheck"/>
<error line="378" column="51" severity="error" message="&apos;5&apos; is a magic number." source="com.puppycrawl.tools.checkstyle.checks.coding.MagicNumberCheck"/>
<error line="380" column="17" severity="error" message="Variable &apos;tileSize&apos; should be declared final." source="com.puppycrawl.tools.checkstyle.checks.coding.FinalLocalVariableCheck"/>
<error line="389" column="34" severity="error" message="String literal expressions should be on the left side of an equals comparison." source="com.puppycrawl.tools.checkstyle.checks.coding.EqualsAvoidNullCheck"/>
<error line="391" column="41" severity="error" message="String literal expressions should be on the left side of an equals comparison." source="com.puppycrawl.tools.checkstyle.checks.coding.EqualsAvoidNullCheck"/>
<error line="398" column="5" severity="error" message="Class &apos;GamePanel&apos; looks like designed for extension (can be subclassed), but the method &apos;paintComponent&apos; does not have javadoc that explains how to do that safely. If class is not designed for extension consider making the class &apos;GamePanel&apos; final or making the method &apos;paintComponent&apos; static/final/abstract/empty, or adding allowed annotation for the method." source="com.puppycrawl.tools.checkstyle.checks.design.DesignForExtensionCheck"/>
<error line="399" column="35" severity="error" message="Parameter g should be final." source="com.puppycrawl.tools.checkstyle.checks.FinalParametersCheck"/>
<error line="399" column="44" severity="error" message="Variable &apos;g&apos; should be declared final." source="com.puppycrawl.tools.checkstyle.checks.coding.FinalLocalVariableCheck"/>
<error line="400" column="20" severity="error" message="Variable &apos;g2d&apos; should be declared final." source="com.puppycrawl.tools.checkstyle.checks.coding.FinalLocalVariableCheck"/>
<error line="408" severity="error" message="Line has trailing spaces." source="com.puppycrawl.tools.checkstyle.checks.regexp.RegexpSinglelineCheck"/>
<error line="417" column="33" severity="error" message="Parameter g should be final." source="com.puppycrawl.tools.checkstyle.checks.FinalParametersCheck"/>
<error line="417" column="42" severity="error" message="Variable &apos;g&apos; should be declared final." source="com.puppycrawl.tools.checkstyle.checks.coding.FinalLocalVariableCheck"/>
<error line="418" column="20" severity="error" message="Variable &apos;g2d&apos; should be declared final." source="com.puppycrawl.tools.checkstyle.checks.coding.FinalLocalVariableCheck"/>
<error line="419" severity="error" message="Line has trailing spaces." source="com.puppycrawl.tools.checkstyle.checks.regexp.RegexpSinglelineCheck"/>
<error line="422" column="23" severity="error" message="Variable &apos;attackArea&apos; should be declared final." source="com.puppycrawl.tools.checkstyle.checks.coding.FinalLocalVariableCheck"/>
<error line="431" column="26" severity="error" message="Parameter g should be final." source="com.puppycrawl.tools.checkstyle.checks.FinalParametersCheck"/>
<error line="431" column="35" severity="error" message="Variable &apos;g&apos; should be declared final." source="com.puppycrawl.tools.checkstyle.checks.coding.FinalLocalVariableCheck"/>
<error line="439" column="28" severity="error" message="Parameter g should be final." source="com.puppycrawl.tools.checkstyle.checks.FinalParametersCheck"/>
<error line="439" column="37" severity="error" message="Variable &apos;g&apos; should be declared final." source="com.puppycrawl.tools.checkstyle.checks.coding.FinalLocalVariableCheck"/>
<error line="441" column="22" severity="error" message="Variable &apos;timeData&apos; should be declared final." source="com.puppycrawl.tools.checkstyle.checks.coding.FinalLocalVariableCheck"/>
<error line="452" column="32" severity="error" message="Parameter g should be final." source="com.puppycrawl.tools.checkstyle.checks.FinalParametersCheck"/>
<error line="452" column="41" severity="error" message="Variable &apos;g&apos; should be declared final." source="com.puppycrawl.tools.checkstyle.checks.coding.FinalLocalVariableCheck"/>
<error line="457" column="28" severity="error" message="Variable &apos;scaleX&apos; should be declared final." source="com.puppycrawl.tools.checkstyle.checks.coding.FinalLocalVariableCheck"/>
<error line="458" column="28" severity="error" message="Variable &apos;scaleY&apos; should be declared final." source="com.puppycrawl.tools.checkstyle.checks.coding.FinalLocalVariableCheck"/>
<error line="463" column="5" severity="error" message="Class &apos;GamePanel&apos; looks like designed for extension (can be subclassed), but the method &apos;updateComponentsSize&apos; does not have javadoc that explains how to do that safely. If class is not designed for extension consider making the class &apos;GamePanel&apos; final or making the method &apos;updateComponentsSize&apos; static/final/abstract/empty, or adding allowed annotation for the method." source="com.puppycrawl.tools.checkstyle.checks.design.DesignForExtensionCheck"/>
<error line="473" column="5" severity="error" message="Class &apos;GamePanel&apos; looks like designed for extension (can be subclassed), but the method &apos;addComponentsToPanel&apos; does not have javadoc that explains how to do that safely. If class is not designed for extension consider making the class &apos;GamePanel&apos; final or making the method &apos;addComponentsToPanel&apos; static/final/abstract/empty, or adding allowed annotation for the method." source="com.puppycrawl.tools.checkstyle.checks.design.DesignForExtensionCheck"/>
<error line="485" column="23" severity="error" message="Variable &apos;shopPanel&apos; should be declared final." source="com.puppycrawl.tools.checkstyle.checks.coding.FinalLocalVariableCheck"/>
<error line="490" column="28" severity="error" message="Variable &apos;fillerGBC&apos; should be declared final." source="com.puppycrawl.tools.checkstyle.checks.coding.FinalLocalVariableCheck"/>
<error line="499" column="28" severity="error" message="Variable &apos;shopButtonGBC&apos; should be declared final." source="com.puppycrawl.tools.checkstyle.checks.coding.FinalLocalVariableCheck"/>
<error line="513" column="13" severity="error" message="Variable &apos;tileX&apos; should be declared final." source="com.puppycrawl.tools.checkstyle.checks.coding.FinalLocalVariableCheck"/>
<error line="514" column="13" severity="error" message="Variable &apos;tileY&apos; should be declared final." source="com.puppycrawl.tools.checkstyle.checks.coding.FinalLocalVariableCheck"/>
<error line="518" column="21" severity="error" message="Variable &apos;checkX&apos; should be declared final." source="com.puppycrawl.tools.checkstyle.checks.coding.FinalLocalVariableCheck"/>
<error line="519" column="21" severity="error" message="Variable &apos;checkY&apos; should be declared final." source="com.puppycrawl.tools.checkstyle.checks.coding.FinalLocalVariableCheck"/>
<error line="521" column="17" severity="error" message="&apos;if&apos; construct must use &apos;{}&apos;s." source="com.puppycrawl.tools.checkstyle.checks.blocks.NeedBracesCheck"/>
<error line="522" column="21" severity="error" message="Variable &apos;tile&apos; should be declared final." source="com.puppycrawl.tools.checkstyle.checks.coding.FinalLocalVariableCheck"/>
<error line="523" column="53" severity="error" message="&apos;6&apos; is a magic number." source="com.puppycrawl.tools.checkstyle.checks.coding.MagicNumberCheck"/>
<error line="533" column="5" severity="error" message="Class &apos;GamePanel&apos; looks like designed for extension (can be subclassed), but the method &apos;isRunning&apos; does not have javadoc that explains how to do that safely. If class is not designed for extension consider making the class &apos;GamePanel&apos; final or making the method &apos;isRunning&apos; static/final/abstract/empty, or adding allowed annotation for the method." source="com.puppycrawl.tools.checkstyle.checks.design.DesignForExtensionCheck"/>
<error line="538" column="5" severity="error" message="Class &apos;GamePanel&apos; looks like designed for extension (can be subclassed), but the method &apos;stopGame&apos; does not have javadoc that explains how to do that safely. If class is not designed for extension consider making the class &apos;GamePanel&apos; final or making the method &apos;stopGame&apos; static/final/abstract/empty, or adding allowed annotation for the method." source="com.puppycrawl.tools.checkstyle.checks.design.DesignForExtensionCheck"/>
<error line="543" column="5" severity="error" message="Class &apos;GamePanel&apos; looks like designed for extension (can be subclassed), but the method &apos;setFPS&apos; does not have javadoc that explains how to do that safely. If class is not designed for extension consider making the class &apos;GamePanel&apos; final or making the method &apos;setFPS&apos; static/final/abstract/empty, or adding allowed annotation for the method." source="com.puppycrawl.tools.checkstyle.checks.design.DesignForExtensionCheck"/>
<error line="544" column="24" severity="error" message="Parameter fps should be final." source="com.puppycrawl.tools.checkstyle.checks.FinalParametersCheck"/>
<error line="544" column="28" severity="error" message="Variable &apos;fps&apos; should be declared final." source="com.puppycrawl.tools.checkstyle.checks.coding.FinalLocalVariableCheck"/>
<error line="548" column="5" severity="error" message="Class &apos;GamePanel&apos; looks like designed for extension (can be subclassed), but the method &apos;setShowingFPS&apos; does not have javadoc that explains how to do that safely. If class is not designed for extension consider making the class &apos;GamePanel&apos; final or making the method &apos;setShowingFPS&apos; static/final/abstract/empty, or adding allowed annotation for the method." source="com.puppycrawl.tools.checkstyle.checks.design.DesignForExtensionCheck"/>
<error line="549" column="31" severity="error" message="Parameter showingFPS should be final." source="com.puppycrawl.tools.checkstyle.checks.FinalParametersCheck"/>
<error line="549" column="39" severity="error" message="Variable &apos;showingFPS&apos; should be declared final." source="com.puppycrawl.tools.checkstyle.checks.coding.FinalLocalVariableCheck"/>
<error line="553" column="5" severity="error" message="Class &apos;GamePanel&apos; looks like designed for extension (can be subclassed), but the method &apos;isShowingFPS&apos; does not have javadoc that explains how to do that safely. If class is not designed for extension consider making the class &apos;GamePanel&apos; final or making the method &apos;isShowingFPS&apos; static/final/abstract/empty, or adding allowed annotation for the method." source="com.puppycrawl.tools.checkstyle.checks.design.DesignForExtensionCheck"/>
<error line="553" column="5" severity="error" message="Missing a Javadoc comment." source="com.puppycrawl.tools.checkstyle.checks.javadoc.MissingJavadocMethodCheck"/>
<error line="557" column="5" severity="error" message="Class &apos;GamePanel&apos; looks like designed for extension (can be subclassed), but the method &apos;setShowingTimer&apos; does not have javadoc that explains how to do that safely. If class is not designed for extension consider making the class &apos;GamePanel&apos; final or making the method &apos;setShowingTimer&apos; static/final/abstract/empty, or adding allowed annotation for the method." source="com.puppycrawl.tools.checkstyle.checks.design.DesignForExtensionCheck"/>
<error line="557" column="5" severity="error" message="Missing a Javadoc comment." source="com.puppycrawl.tools.checkstyle.checks.javadoc.MissingJavadocMethodCheck"/>
<error line="557" column="33" severity="error" message="Parameter showingTimer should be final." source="com.puppycrawl.tools.checkstyle.checks.FinalParametersCheck"/>
<error line="557" column="41" severity="error" message="Variable &apos;showingTimer&apos; should be declared final." source="com.puppycrawl.tools.checkstyle.checks.coding.FinalLocalVariableCheck"/>
<error line="561" column="5" severity="error" message="Class &apos;GamePanel&apos; looks like designed for extension (can be subclassed), but the method &apos;isShowingTimer&apos; does not have javadoc that explains how to do that safely. If class is not designed for extension consider making the class &apos;GamePanel&apos; final or making the method &apos;isShowingTimer&apos; static/final/abstract/empty, or adding allowed annotation for the method." source="com.puppycrawl.tools.checkstyle.checks.design.DesignForExtensionCheck"/>
<error line="561" column="5" severity="error" message="Missing a Javadoc comment." source="com.puppycrawl.tools.checkstyle.checks.javadoc.MissingJavadocMethodCheck"/>
</file>
<file name="C:\Users\Utente\Desktop\the-legend-of-bald\src\main\java\com\thelegendofbald\view\inventory\InventoryContent.java">
</file>
<file name="C:\Users\Utente\Desktop\the-legend-of-bald\src\main\java\com\thelegendofbald\view\inventory\InventoryPanel.java">
</file>
<file name="C:\Users\Utente\Desktop\the-legend-of-bald\src\main\java\com\thelegendofbald\view\inventory\SlotPanel.java">
</file>
<file name="C:\Users\Utente\Desktop\the-legend-of-bald\src\main\java\com\thelegendofbald\view\leaderboard\ContentPanel.java">
</file>
<file name="C:\Users\Utente\Desktop\the-legend-of-bald\src\main\java\com\thelegendofbald\view\leaderboard\LeaderBoardPanel.java">
</file>
<file name="C:\Users\Utente\Desktop\the-legend-of-bald\src\main\java\com\thelegendofbald\view\leaderboard\PlayerTimePanel.java">
</file>
<file name="C:\Users\Utente\Desktop\the-legend-of-bald\src\main\java\com\thelegendofbald\view\leaderboard\ScrollingPanel.java">
</file>
<file name="C:\Users\Utente\Desktop\the-legend-of-bald\src\main\java\com\thelegendofbald\view\main\GameWindow.java">
</file>
<file name="C:\Users\Utente\Desktop\the-legend-of-bald\src\main\java\com\thelegendofbald\view\main\GridPanel.java">
<error line="9" column="1" severity="error" message="Missing a Javadoc comment." source="com.puppycrawl.tools.checkstyle.checks.javadoc.MissingJavadocTypeCheck"/>
<error line="13" column="5" severity="error" message="Class &apos;GridPanel&apos; looks like designed for extension (can be subclassed), but the method &apos;paintComponent&apos; does not have javadoc that explains how to do that safely. If class is not designed for extension consider making the class &apos;GridPanel&apos; final or making the method &apos;paintComponent&apos; static/final/abstract/empty, or adding allowed annotation for the method." source="com.puppycrawl.tools.checkstyle.checks.design.DesignForExtensionCheck"/>
<error line="14" column="32" severity="error" message="Parameter g should be final." source="com.puppycrawl.tools.checkstyle.checks.FinalParametersCheck"/>
<error line="14" column="41" severity="error" message="Variable &apos;g&apos; should be declared final." source="com.puppycrawl.tools.checkstyle.checks.coding.FinalLocalVariableCheck"/>
<error line="19" column="27" severity="error" message="Parameter g should be final." source="com.puppycrawl.tools.checkstyle.checks.FinalParametersCheck"/>
<error line="19" column="36" severity="error" message="Variable &apos;g&apos; should be declared final." source="com.puppycrawl.tools.checkstyle.checks.coding.FinalLocalVariableCheck"/>
<error line="20" column="13" severity="error" message="Variable &apos;width&apos; should be declared final." source="com.puppycrawl.tools.checkstyle.checks.coding.FinalLocalVariableCheck"/>
<error line="21" column="13" severity="error" message="Variable &apos;height&apos; should be declared final." source="com.puppycrawl.tools.checkstyle.checks.coding.FinalLocalVariableCheck"/>
<error line="23" column="30" severity="error" message="&apos;255&apos; is a magic number." source="com.puppycrawl.tools.checkstyle.checks.coding.MagicNumberCheck"/>
<error line="23" column="35" severity="error" message="&apos;255&apos; is a magic number." source="com.puppycrawl.tools.checkstyle.checks.coding.MagicNumberCheck"/>
<error line="23" column="40" severity="error" message="&apos;255&apos; is a magic number." source="com.puppycrawl.tools.checkstyle.checks.coding.MagicNumberCheck"/>
<error line="23" column="45" severity="error" message="&apos;40&apos; is a magic number." source="com.puppycrawl.tools.checkstyle.checks.coding.MagicNumberCheck"/>
<error line="34" column="5" severity="error" message="Class &apos;GridPanel&apos; looks like designed for extension (can be subclassed), but the method &apos;getPreferredSize&apos; does not have javadoc that explains how to do that safely. If class is not designed for extension consider making the class &apos;GridPanel&apos; final or making the method &apos;getPreferredSize&apos; static/final/abstract/empty, or adding allowed annotation for the method." source="com.puppycrawl.tools.checkstyle.checks.design.DesignForExtensionCheck"/>
<error line="36" column="76" severity="error" message="&apos;1280&apos; is a magic number." source="com.puppycrawl.tools.checkstyle.checks.coding.MagicNumberCheck"/>
<error line="36" column="82" severity="error" message="&apos;704&apos; is a magic number." source="com.puppycrawl.tools.checkstyle.checks.coding.MagicNumberCheck"/>
</file>
<file name="C:\Users\Utente\Desktop\the-legend-of-bald\src\main\java\com\thelegendofbald\view\main\ShopPanel.java">
<error line="25" column="1" severity="error" message="Missing a Javadoc comment." source="com.puppycrawl.tools.checkstyle.checks.javadoc.MissingJavadocTypeCheck"/>
<error line="32" column="5" severity="error" message="Missing a Javadoc comment." source="com.puppycrawl.tools.checkstyle.checks.javadoc.MissingJavadocMethodCheck"/>
<error line="32" column="22" severity="error" message="Parameter combatManager should be final." source="com.puppycrawl.tools.checkstyle.checks.FinalParametersCheck"/>
<error line="32" column="36" severity="error" message="Variable &apos;combatManager&apos; should be declared final." source="com.puppycrawl.tools.checkstyle.checks.coding.FinalLocalVariableCheck"/>
<error line="32" column="51" severity="error" message="Parameter wallet should be final." source="com.puppycrawl.tools.checkstyle.checks.FinalParametersCheck"/>
<error line="32" column="58" severity="error" message="Variable &apos;wallet&apos; should be declared final." source="com.puppycrawl.tools.checkstyle.checks.coding.FinalLocalVariableCheck"/>
<error line="41" column="40" severity="error" message="&apos;400&apos; is a magic number." source="com.puppycrawl.tools.checkstyle.checks.coding.MagicNumberCheck"/>
<error line="41" column="45" severity="error" message="&apos;300&apos; is a magic number." source="com.puppycrawl.tools.checkstyle.checks.coding.MagicNumberCheck"/>
<error line="47" column="61" severity="error" message="&apos;14&apos; is a magic number." source="com.puppycrawl.tools.checkstyle.checks.coding.MagicNumberCheck"/>
<error line="49" column="19" severity="error" message="Variable &apos;size&apos; should be declared final." source="com.puppycrawl.tools.checkstyle.checks.coding.FinalLocalVariableCheck"/>
<error line="50" column="29" severity="error" message="&apos;400&apos; is a magic number." source="com.puppycrawl.tools.checkstyle.checks.coding.MagicNumberCheck"/>
<error line="50" column="48" severity="error" message="&apos;20&apos; is a magic number." source="com.puppycrawl.tools.checkstyle.checks.coding.MagicNumberCheck"/>
<error line="50" column="52" severity="error" message="&apos;270&apos; is a magic number." source="com.puppycrawl.tools.checkstyle.checks.coding.MagicNumberCheck"/>
<error line="56" column="38" severity="error" message="Parameter e should be final." source="com.puppycrawl.tools.checkstyle.checks.FinalParametersCheck"/>
<error line="56" column="49" severity="error" message="Variable &apos;e&apos; should be declared final." source="com.puppycrawl.tools.checkstyle.checks.coding.FinalLocalVariableCheck"/>
<error line="57" column="25" severity="error" message="&apos;80&apos; is a magic number." source="com.puppycrawl.tools.checkstyle.checks.coding.MagicNumberCheck"/>
<error line="59" column="31" severity="error" message="Variable &apos;rect&apos; should be declared final." source="com.puppycrawl.tools.checkstyle.checks.coding.FinalLocalVariableCheck"/>
<error line="59" column="52" severity="error" message="&apos;20&apos; is a magic number." source="com.puppycrawl.tools.checkstyle.checks.coding.MagicNumberCheck"/>
<error line="59" column="60" severity="error" message="&apos;25&apos; is a magic number." source="com.puppycrawl.tools.checkstyle.checks.coding.MagicNumberCheck"/>
<error line="59" column="69" severity="error" message="&apos;35&apos; is a magic number." source="com.puppycrawl.tools.checkstyle.checks.coding.MagicNumberCheck"/>
<error line="66" column="26" severity="error" message="&apos;50&apos; is a magic number." source="com.puppycrawl.tools.checkstyle.checks.coding.MagicNumberCheck"/>
<error line="72" column="5" severity="error" message="Class &apos;ShopPanel&apos; looks like designed for extension (can be subclassed), but the method &apos;updateGoldDisplay&apos; does not have javadoc that explains how to do that safely. If class is not designed for extension consider making the class &apos;ShopPanel&apos; final or making the method &apos;updateGoldDisplay&apos; static/final/abstract/empty, or adding allowed annotation for the method." source="com.puppycrawl.tools.checkstyle.checks.design.DesignForExtensionCheck"/>
<error line="72" column="5" severity="error" message="Missing a Javadoc comment." source="com.puppycrawl.tools.checkstyle.checks.javadoc.MissingJavadocMethodCheck"/>
<error line="77" column="5" severity="error" message="Class &apos;ShopPanel&apos; looks like designed for extension (can be subclassed), but the method &apos;paintComponent&apos; does not have javadoc that explains how to do that safely. If class is not designed for extension consider making the class &apos;ShopPanel&apos; final or making the method &apos;paintComponent&apos; static/final/abstract/empty, or adding allowed annotation for the method." source="com.puppycrawl.tools.checkstyle.checks.design.DesignForExtensionCheck"/>
<error line="78" column="35" severity="error" message="Parameter g should be final." source="com.puppycrawl.tools.checkstyle.checks.FinalParametersCheck"/>
<error line="78" column="44" severity="error" message="Variable &apos;g&apos; should be declared final." source="com.puppycrawl.tools.checkstyle.checks.coding.FinalLocalVariableCheck"/>
<error line="80" column="20" severity="error" message="Variable &apos;g2&apos; should be declared final." source="com.puppycrawl.tools.checkstyle.checks.coding.FinalLocalVariableCheck"/>
<error line="84" column="49" severity="error" message="&apos;22&apos; is a magic number." source="com.puppycrawl.tools.checkstyle.checks.coding.MagicNumberCheck"/>
<error line="85" column="34" severity="error" message="&apos;20&apos; is a magic number." source="com.puppycrawl.tools.checkstyle.checks.coding.MagicNumberCheck"/>
<error line="85" column="38" severity="error" message="&apos;40&apos; is a magic number." source="com.puppycrawl.tools.checkstyle.checks.coding.MagicNumberCheck"/>
<error line="87" column="17" severity="error" message="&apos;80&apos; is a magic number." source="com.puppycrawl.tools.checkstyle.checks.coding.MagicNumberCheck"/>
<error line="89" column="22" severity="error" message="Variable &apos;item&apos; should be declared final." source="com.puppycrawl.tools.checkstyle.checks.coding.FinalLocalVariableCheck"/>
<error line="93" column="39" severity="error" message="&apos;70&apos; is a magic number." source="com.puppycrawl.tools.checkstyle.checks.coding.MagicNumberCheck"/>
<error line="93" column="43" severity="error" message="&apos;130&apos; is a magic number." source="com.puppycrawl.tools.checkstyle.checks.coding.MagicNumberCheck"/>
<error line="94" column="34" severity="error" message="&apos;20&apos; is a magic number." source="com.puppycrawl.tools.checkstyle.checks.coding.MagicNumberCheck"/>
<error line="94" column="42" severity="error" message="&apos;25&apos; is a magic number." source="com.puppycrawl.tools.checkstyle.checks.coding.MagicNumberCheck"/>
<error line="94" column="51" severity="error" message="&apos;40&apos; is a magic number." source="com.puppycrawl.tools.checkstyle.checks.coding.MagicNumberCheck"/>
<error line="100" column="48" severity="error" message="&apos;30&apos; is a magic number." source="com.puppycrawl.tools.checkstyle.checks.coding.MagicNumberCheck"/>
<error line="100" column="56" severity="error" message="&apos;20&apos; is a magic number." source="com.puppycrawl.tools.checkstyle.checks.coding.MagicNumberCheck"/>
<error line="100" column="60" severity="error" message="&apos;24&apos; is a magic number." source="com.puppycrawl.tools.checkstyle.checks.coding.MagicNumberCheck"/>
<error line="100" column="64" severity="error" message="&apos;24&apos; is a magic number." source="com.puppycrawl.tools.checkstyle.checks.coding.MagicNumberCheck"/>
<error line="104" column="82" severity="error" message="&apos;60&apos; is a magic number." source="com.puppycrawl.tools.checkstyle.checks.coding.MagicNumberCheck"/>
<error line="106" column="18" severity="error" message="&apos;50&apos; is a magic number." source="com.puppycrawl.tools.checkstyle.checks.coding.MagicNumberCheck"/>
<error line="111" column="22" severity="error" message="Variable &apos;selectedItem&apos; should be declared final." source="com.puppycrawl.tools.checkstyle.checks.coding.FinalLocalVariableCheck"/>
<error line="113" column="55" severity="error" message="&apos;14&apos; is a magic number." source="com.puppycrawl.tools.checkstyle.checks.coding.MagicNumberCheck"/>
<error line="114" column="58" severity="error" message="&apos;20&apos; is a magic number." source="com.puppycrawl.tools.checkstyle.checks.coding.MagicNumberCheck"/>
<error line="114" column="76" severity="error" message="&apos;30&apos; is a magic number." source="com.puppycrawl.tools.checkstyle.checks.coding.MagicNumberCheck"/>
</file>
<file name="C:\Users\Utente\Desktop\the-legend-of-bald\src\main\java\com\thelegendofbald\view\main\Tile.java">
<error line="9" column="1" severity="error" message="Missing a Javadoc comment." source="com.puppycrawl.tools.checkstyle.checks.javadoc.MissingJavadocTypeCheck"/>
<error line="16" severity="error" message="Line has trailing spaces." source="com.puppycrawl.tools.checkstyle.checks.regexp.RegexpSinglelineCheck"/>
<error line="20" severity="error" message="Line is longer than 130 characters (found 163)." source="com.puppycrawl.tools.checkstyle.checks.sizes.LineLengthCheck"/>
<error line="20" column="5" severity="error" message="Missing a Javadoc comment." source="com.puppycrawl.tools.checkstyle.checks.javadoc.MissingJavadocMethodCheck"/>
<error line="20" column="17" severity="error" message="Parameter image should be final." source="com.puppycrawl.tools.checkstyle.checks.FinalParametersCheck"/>
<error line="20" column="31" severity="error" message="Variable &apos;image&apos; should be declared final." source="com.puppycrawl.tools.checkstyle.checks.coding.FinalLocalVariableCheck"/>
<error line="20" column="38" severity="error" message="Parameter width should be final." source="com.puppycrawl.tools.checkstyle.checks.FinalParametersCheck"/>
<error line="20" column="42" severity="error" message="Variable &apos;width&apos; should be declared final." source="com.puppycrawl.tools.checkstyle.checks.coding.FinalLocalVariableCheck"/>
<error line="20" column="49" severity="error" message="Parameter height should be final." source="com.puppycrawl.tools.checkstyle.checks.FinalParametersCheck"/>
<error line="20" column="53" severity="error" message="Variable &apos;height&apos; should be declared final." source="com.puppycrawl.tools.checkstyle.checks.coding.FinalLocalVariableCheck"/>
<error line="20" column="61" severity="error" message="Parameter id should be final." source="com.puppycrawl.tools.checkstyle.checks.FinalParametersCheck"/>
<error line="20" column="65" severity="error" message="Variable &apos;id&apos; should be declared final." source="com.puppycrawl.tools.checkstyle.checks.coding.FinalLocalVariableCheck"/>
<error line="20" column="69" severity="error" message="Parameter solid should be final." source="com.puppycrawl.tools.checkstyle.checks.FinalParametersCheck"/>
<error line="20" column="77" severity="error" message="Variable &apos;solid&apos; should be declared final." source="com.puppycrawl.tools.checkstyle.checks.coding.FinalLocalVariableCheck"/>
<error line="20" column="84" severity="error" message="Parameter resize should be final." source="com.puppycrawl.tools.checkstyle.checks.FinalParametersCheck"/>
<error line="20" column="92" severity="error" message="Variable &apos;resize&apos; should be declared final." source="com.puppycrawl.tools.checkstyle.checks.coding.FinalLocalVariableCheck"/>
<error line="20" column="100" severity="error" message="Parameter isSpawn should be final." source="com.puppycrawl.tools.checkstyle.checks.FinalParametersCheck"/>
<error line="20" column="108" severity="error" message="Variable &apos;isSpawn&apos; should be declared final." source="com.puppycrawl.tools.checkstyle.checks.coding.FinalLocalVariableCheck"/>
<error line="20" column="117" severity="error" message="Parameter walkable should be final." source="com.puppycrawl.tools.checkstyle.checks.FinalParametersCheck"/>
<error line="20" column="125" severity="error" message="Variable &apos;walkable&apos; should be declared final." source="com.puppycrawl.tools.checkstyle.checks.coding.FinalLocalVariableCheck"/>
<error line="20" column="135" severity="error" message="Parameter overlayImage should be final." source="com.puppycrawl.tools.checkstyle.checks.FinalParametersCheck"/>
<error line="20" column="149" severity="error" message="Variable &apos;overlayImage&apos; should be declared final." source="com.puppycrawl.tools.checkstyle.checks.coding.FinalLocalVariableCheck"/>
<error line="30" column="28" severity="error" message="Variable &apos;g&apos; should be declared final." source="com.puppycrawl.tools.checkstyle.checks.coding.FinalLocalVariableCheck"/>
<error line="45" column="5" severity="error" message="Missing a Javadoc comment." source="com.puppycrawl.tools.checkstyle.checks.javadoc.MissingJavadocMethodCheck"/>
<error line="45" column="17" severity="error" message="Parameter image should be final." source="com.puppycrawl.tools.checkstyle.checks.FinalParametersCheck"/>
<error line="45" column="31" severity="error" message="Variable &apos;image&apos; should be declared final." source="com.puppycrawl.tools.checkstyle.checks.coding.FinalLocalVariableCheck"/>
<error line="45" column="38" severity="error" message="Parameter width should be final." source="com.puppycrawl.tools.checkstyle.checks.FinalParametersCheck"/>
<error line="45" column="42" severity="error" message="Variable &apos;width&apos; should be declared final." source="com.puppycrawl.tools.checkstyle.checks.coding.FinalLocalVariableCheck"/>
<error line="45" column="49" severity="error" message="Parameter height should be final." source="com.puppycrawl.tools.checkstyle.checks.FinalParametersCheck"/>
<error line="45" column="53" severity="error" message="Variable &apos;height&apos; should be declared final." source="com.puppycrawl.tools.checkstyle.checks.coding.FinalLocalVariableCheck"/>
<error line="49" column="5" severity="error" message="Class &apos;Tile&apos; looks like designed for extension (can be subclassed), but the method &apos;getImage&apos; does not have javadoc that explains how to do that safely. If class is not designed for extension consider making the class &apos;Tile&apos; final or making the method &apos;getImage&apos; static/final/abstract/empty, or adding allowed annotation for the method." source="com.puppycrawl.tools.checkstyle.checks.design.DesignForExtensionCheck"/>
<error line="49" column="5" severity="error" message="Missing a Javadoc comment." source="com.puppycrawl.tools.checkstyle.checks.javadoc.MissingJavadocMethodCheck"/>
<error line="53" column="5" severity="error" message="Class &apos;Tile&apos; looks like designed for extension (can be subclassed), but the method &apos;getWidth&apos; does not have javadoc that explains how to do that safely. If class is not designed for extension consider making the class &apos;Tile&apos; final or making the method &apos;getWidth&apos; static/final/abstract/empty, or adding allowed annotation for the method." source="com.puppycrawl.tools.checkstyle.checks.design.DesignForExtensionCheck"/>
<error line="53" column="5" severity="error" message="Missing a Javadoc comment." source="com.puppycrawl.tools.checkstyle.checks.javadoc.MissingJavadocMethodCheck"/>
<error line="57" column="5" severity="error" message="Class &apos;Tile&apos; looks like designed for extension (can be subclassed), but the method &apos;getHeight&apos; does not have javadoc that explains how to do that safely. If class is not designed for extension consider making the class &apos;Tile&apos; final or making the method &apos;getHeight&apos; static/final/abstract/empty, or adding allowed annotation for the method." source="com.puppycrawl.tools.checkstyle.checks.design.DesignForExtensionCheck"/>
<error line="57" column="5" severity="error" message="Missing a Javadoc comment." source="com.puppycrawl.tools.checkstyle.checks.javadoc.MissingJavadocMethodCheck"/>
<error line="61" column="5" severity="error" message="Class &apos;Tile&apos; looks like designed for extension (can be subclassed), but the method &apos;getId&apos; does not have javadoc that explains how to do that safely. If class is not designed for extension consider making the class &apos;Tile&apos; final or making the method &apos;getId&apos; static/final/abstract/empty, or adding allowed annotation for the method." source="com.puppycrawl.tools.checkstyle.checks.design.DesignForExtensionCheck"/>
<error line="61" column="5" severity="error" message="Missing a Javadoc comment." source="com.puppycrawl.tools.checkstyle.checks.javadoc.MissingJavadocMethodCheck"/>
<error line="65" column="5" severity="error" message="Class &apos;Tile&apos; looks like designed for extension (can be subclassed), but the method &apos;isSolid&apos; does not have javadoc that explains how to do that safely. If class is not designed for extension consider making the class &apos;Tile&apos; final or making the method &apos;isSolid&apos; static/final/abstract/empty, or adding allowed annotation for the method." source="com.puppycrawl.tools.checkstyle.checks.design.DesignForExtensionCheck"/>
<error line="65" column="5" severity="error" message="Missing a Javadoc comment." source="com.puppycrawl.tools.checkstyle.checks.javadoc.MissingJavadocMethodCheck"/>
<error line="69" column="5" severity="error" message="Class &apos;Tile&apos; looks like designed for extension (can be subclassed), but the method &apos;isSpawn&apos; does not have javadoc that explains how to do that safely. If class is not designed for extension consider making the class &apos;Tile&apos; final or making the method &apos;isSpawn&apos; static/final/abstract/empty, or adding allowed annotation for the method." source="com.puppycrawl.tools.checkstyle.checks.design.DesignForExtensionCheck"/>
<error line="69" column="5" severity="error" message="Missing a Javadoc comment." source="com.puppycrawl.tools.checkstyle.checks.javadoc.MissingJavadocMethodCheck"/>
<error line="73" column="5" severity="error" message="Class &apos;Tile&apos; looks like designed for extension (can be subclassed), but the method &apos;isWalkable&apos; does not have javadoc that explains how to do that safely. If class is not designed for extension consider making the class &apos;Tile&apos; final or making the method &apos;isWalkable&apos; static/final/abstract/empty, or adding allowed annotation for the method." source="com.puppycrawl.tools.checkstyle.checks.design.DesignForExtensionCheck"/>
<error line="73" column="5" severity="error" message="Missing a Javadoc comment." source="com.puppycrawl.tools.checkstyle.checks.javadoc.MissingJavadocMethodCheck"/>
<error line="77" column="5" severity="error" message="Class &apos;Tile&apos; looks like designed for extension (can be subclassed), but the method &apos;hasId&apos; does not have javadoc that explains how to do that safely. If class is not designed for extension consider making the class &apos;Tile&apos; final or making the method &apos;hasId&apos; static/final/abstract/empty, or adding allowed annotation for the method." source="com.puppycrawl.tools.checkstyle.checks.design.DesignForExtensionCheck"/>
<error line="77" column="5" severity="error" message="Missing a Javadoc comment." source="com.puppycrawl.tools.checkstyle.checks.javadoc.MissingJavadocMethodCheck"/>
<error line="81" column="5" severity="error" message="Class &apos;Tile&apos; looks like designed for extension (can be subclassed), but the method &apos;getOverlayImage&apos; does not have javadoc that explains how to do that safely. If class is not designed for extension consider making the class &apos;Tile&apos; final or making the method &apos;getOverlayImage&apos; static/final/abstract/empty, or adding allowed annotation for the method." source="com.puppycrawl.tools.checkstyle.checks.design.DesignForExtensionCheck"/>
<error line="81" column="5" severity="error" message="Missing a Javadoc comment." source="com.puppycrawl.tools.checkstyle.checks.javadoc.MissingJavadocMethodCheck"/>
<error line="85" column="5" severity="error" message="Class &apos;Tile&apos; looks like designed for extension (can be subclassed), but the method &apos;render&apos; does not have javadoc that explains how to do that safely. If class is not designed for extension consider making the class &apos;Tile&apos; final or making the method &apos;render&apos; static/final/abstract/empty, or adding allowed annotation for the method." source="com.puppycrawl.tools.checkstyle.checks.design.DesignForExtensionCheck"/>
<error line="85" column="5" severity="error" message="Missing a Javadoc comment." source="com.puppycrawl.tools.checkstyle.checks.javadoc.MissingJavadocMethodCheck"/>
<error line="85" column="24" severity="error" message="Parameter g should be final." source="com.puppycrawl.tools.checkstyle.checks.FinalParametersCheck"/>
<error line="85" column="33" severity="error" message="Variable &apos;g&apos; should be declared final." source="com.puppycrawl.tools.checkstyle.checks.coding.FinalLocalVariableCheck"/>
<error line="85" column="36" severity="error" message="Parameter x should be final." source="com.puppycrawl.tools.checkstyle.checks.FinalParametersCheck"/>
<error line="85" column="40" severity="error" message="Variable &apos;x&apos; should be declared final." source="com.puppycrawl.tools.checkstyle.checks.coding.FinalLocalVariableCheck"/>
<error line="85" column="43" severity="error" message="Parameter y should be final." source="com.puppycrawl.tools.checkstyle.checks.FinalParametersCheck"/>
<error line="85" column="47" severity="error" message="Variable &apos;y&apos; should be declared final." source="com.puppycrawl.tools.checkstyle.checks.coding.FinalLocalVariableCheck"/>
<error line="95" column="5" severity="error" message="Class &apos;Tile&apos; looks like designed for extension (can be subclassed), but the method &apos;equals&apos; does not have javadoc that explains how to do that safely. If class is not designed for extension consider making the class &apos;Tile&apos; final or making the method &apos;equals&apos; static/final/abstract/empty, or adding allowed annotation for the method." source="com.puppycrawl.tools.checkstyle.checks.design.DesignForExtensionCheck"/>
<error line="96" column="27" severity="error" message="Parameter obj should be final." source="com.puppycrawl.tools.checkstyle.checks.FinalParametersCheck"/>
<error line="96" column="34" severity="error" message="Variable &apos;obj&apos; should be declared final." source="com.puppycrawl.tools.checkstyle.checks.coding.FinalLocalVariableCheck"/>
<error line="97" column="9" severity="error" message="&apos;if&apos; construct must use &apos;{}&apos;s." source="com.puppycrawl.tools.checkstyle.checks.blocks.NeedBracesCheck"/>
<error line="98" column="9" severity="error" message="&apos;if&apos; construct must use &apos;{}&apos;s." source="com.puppycrawl.tools.checkstyle.checks.blocks.NeedBracesCheck"/>
<error line="99" column="14" severity="error" message="Variable &apos;other&apos; should be declared final." source="com.puppycrawl.tools.checkstyle.checks.coding.FinalLocalVariableCheck"/>
<error line="103" column="5" severity="error" message="Class &apos;Tile&apos; looks like designed for extension (can be subclassed), but the method &apos;hashCode&apos; does not have javadoc that explains how to do that safely. If class is not designed for extension consider making the class &apos;Tile&apos; final or making the method &apos;hashCode&apos; static/final/abstract/empty, or adding allowed annotation for the method." source="com.puppycrawl.tools.checkstyle.checks.design.DesignForExtensionCheck"/>
<error line="108" column="5" severity="error" message="Class &apos;Tile&apos; looks like designed for extension (can be subclassed), but the method &apos;isResizeable&apos; does not have javadoc that explains how to do that safely. If class is not designed for extension consider making the class &apos;Tile&apos; final or making the method &apos;isResizeable&apos; static/final/abstract/empty, or adding allowed annotation for the method." source="com.puppycrawl.tools.checkstyle.checks.design.DesignForExtensionCheck"/>
<error line="108" column="5" severity="error" message="Missing a Javadoc comment." source="com.puppycrawl.tools.checkstyle.checks.javadoc.MissingJavadocMethodCheck"/>
<error line="112" column="5" severity="error" message="Class &apos;Tile&apos; looks like designed for extension (can be subclassed), but the method &apos;toString&apos; does not have javadoc that explains how to do that safely. If class is not designed for extension consider making the class &apos;Tile&apos; final or making the method &apos;toString&apos; static/final/abstract/empty, or adding allowed annotation for the method." source="com.puppycrawl.tools.checkstyle.checks.design.DesignForExtensionCheck"/>
<error line="114" column="24" severity="error" message="&apos;+&apos; should be on a new line." source="com.puppycrawl.tools.checkstyle.checks.whitespace.OperatorWrapCheck"/>
<error line="115" column="28" severity="error" message="&apos;+&apos; should be on a new line." source="com.puppycrawl.tools.checkstyle.checks.whitespace.OperatorWrapCheck"/>
<error line="116" column="36" severity="error" message="&apos;+&apos; should be on a new line." source="com.puppycrawl.tools.checkstyle.checks.whitespace.OperatorWrapCheck"/>
<error line="117" column="40" severity="error" message="&apos;+&apos; should be on a new line." source="com.puppycrawl.tools.checkstyle.checks.whitespace.OperatorWrapCheck"/>
<error line="118" column="42" severity="error" message="&apos;+&apos; should be on a new line." source="com.puppycrawl.tools.checkstyle.checks.whitespace.OperatorWrapCheck"/>
<error line="121" severity="error" message="Line has trailing spaces." source="com.puppycrawl.tools.checkstyle.checks.regexp.RegexpSinglelineCheck"/>
</file>
<file name="C:\Users\Utente\Desktop\the-legend-of-bald\src\main\java\com\thelegendofbald\view\main\TileMap.java">
<error line="17" column="1" severity="error" message="Missing a Javadoc comment." source="com.puppycrawl.tools.checkstyle.checks.javadoc.MissingJavadocTypeCheck"/>
<error line="22" column="5" severity="error" message="Variable access definition in wrong order." source="com.puppycrawl.tools.checkstyle.checks.coding.DeclarationOrderCheck"/>
<error line="22" column="5" severity="error" message="Missing a Javadoc comment." source="com.puppycrawl.tools.checkstyle.checks.javadoc.JavadocVariableCheck"/>
<error line="22" column="22" severity="error" message="Variable &apos;TILE_SIZE&apos; must be private and have accessor methods." source="com.puppycrawl.tools.checkstyle.checks.design.VisibilityModifierCheck"/>
<error line="22" column="22" severity="error" message="Name &apos;TILE_SIZE&apos; must match pattern &apos;^[a-z][a-zA-Z0-9]*$&apos;." source="com.puppycrawl.tools.checkstyle.checks.naming.MemberNameCheck"/>
<error line="25" severity="error" message="Line has trailing spaces." source="com.puppycrawl.tools.checkstyle.checks.regexp.RegexpSinglelineCheck"/>
<error line="26" column="5" severity="error" message="Missing a Javadoc comment." source="com.puppycrawl.tools.checkstyle.checks.javadoc.MissingJavadocMethodCheck"/>
<error line="26" column="20" severity="error" message="Parameter width should be final." source="com.puppycrawl.tools.checkstyle.checks.FinalParametersCheck"/>
<error line="26" column="24" severity="error" message="Variable &apos;width&apos; should be declared final." source="com.puppycrawl.tools.checkstyle.checks.coding.FinalLocalVariableCheck"/>
<error line="26" column="31" severity="error" message="Parameter height should be final." source="com.puppycrawl.tools.checkstyle.checks.FinalParametersCheck"/>
<error line="26" column="35" severity="error" message="Variable &apos;height&apos; should be declared final." source="com.puppycrawl.tools.checkstyle.checks.coding.FinalLocalVariableCheck"/>
<error line="26" column="43" severity="error" message="Parameter TILE_SIZE should be final." source="com.puppycrawl.tools.checkstyle.checks.FinalParametersCheck"/>
<error line="26" column="47" severity="error" message="Variable &apos;TILE_SIZE&apos; should be declared final." source="com.puppycrawl.tools.checkstyle.checks.coding.FinalLocalVariableCheck"/>
<error line="26" column="47" severity="error" message="Name &apos;TILE_SIZE&apos; must match pattern &apos;^[a-z][a-zA-Z0-9]*$&apos;." source="com.puppycrawl.tools.checkstyle.checks.naming.ParameterNameCheck"/>
<error line="26" column="57" severity="error" message="&apos;{&apos; is not preceded with whitespace." source="com.puppycrawl.tools.checkstyle.checks.whitespace.WhitespaceAroundCheck"/>
<error line="37" column="27" severity="error" message="Variable &apos;floor&apos; should be declared final." source="com.puppycrawl.tools.checkstyle.checks.coding.FinalLocalVariableCheck"/>
<error line="38" column="27" severity="error" message="Variable &apos;wall&apos; should be declared final." source="com.puppycrawl.tools.checkstyle.checks.coding.FinalLocalVariableCheck"/>
<error line="39" column="27" severity="error" message="Variable &apos;shop&apos; should be declared final." source="com.puppycrawl.tools.checkstyle.checks.coding.FinalLocalVariableCheck"/>
<error line="40" column="27" severity="error" message="Variable &apos;chest&apos; should be declared final." source="com.puppycrawl.tools.checkstyle.checks.coding.FinalLocalVariableCheck"/>
<error line="44" severity="error" message="Line is longer than 130 characters (found 135)." source="com.puppycrawl.tools.checkstyle.checks.sizes.LineLengthCheck"/>
<error line="46" severity="error" message="Line is longer than 130 characters (found 141)." source="com.puppycrawl.tools.checkstyle.checks.sizes.LineLengthCheck"/>
<error line="46" column="27" severity="error" message="&apos;5&apos; is a magic number." source="com.puppycrawl.tools.checkstyle.checks.coding.MagicNumberCheck"/>
<error line="46" column="68" severity="error" message="&apos;5&apos; is a magic number." source="com.puppycrawl.tools.checkstyle.checks.coding.MagicNumberCheck"/>
<error line="47" column="27" severity="error" message="&apos;6&apos; is a magic number." source="com.puppycrawl.tools.checkstyle.checks.coding.MagicNumberCheck"/>
<error line="47" column="68" severity="error" message="&apos;6&apos; is a magic number." source="com.puppycrawl.tools.checkstyle.checks.coding.MagicNumberCheck"/>
<error line="48" column="27" severity="error" message="&apos;7&apos; is a magic number." source="com.puppycrawl.tools.checkstyle.checks.coding.MagicNumberCheck"/>
<error line="48" column="68" severity="error" message="&apos;7&apos; is a magic number." source="com.puppycrawl.tools.checkstyle.checks.coding.MagicNumberCheck"/>
<error line="50" column="30" severity="error" message="Variable &apos;e&apos; should be declared final." source="com.puppycrawl.tools.checkstyle.checks.coding.FinalLocalVariableCheck"/>
<error line="56" column="26" severity="error" message="Parameter mapName should be final." source="com.puppycrawl.tools.checkstyle.checks.FinalParametersCheck"/>
<error line="56" column="33" severity="error" message="Variable &apos;mapName&apos; should be declared final." source="com.puppycrawl.tools.checkstyle.checks.coding.FinalLocalVariableCheck"/>
<error line="57" severity="error" message="Line has trailing spaces." source="com.puppycrawl.tools.checkstyle.checks.regexp.RegexpSinglelineCheck"/>
<error line="58" column="43" severity="error" message="&apos;22&apos; is a magic number." source="com.puppycrawl.tools.checkstyle.checks.coding.MagicNumberCheck"/>
<error line="58" column="47" severity="error" message="&apos;40&apos; is a magic number." source="com.puppycrawl.tools.checkstyle.checks.coding.MagicNumberCheck"/>
<error line="78" column="21" severity="error" message="Variable &apos;tileId&apos; should be declared final." source="com.puppycrawl.tools.checkstyle.checks.coding.FinalLocalVariableCheck"/>
<error line="79" column="22" severity="error" message="Variable &apos;baseTile&apos; should be declared final." source="com.puppycrawl.tools.checkstyle.checks.coding.FinalLocalVariableCheck"/>
<error line="101" column="37" severity="error" message="Parameter fileName should be final." source="com.puppycrawl.tools.checkstyle.checks.FinalParametersCheck"/>
<error line="101" column="44" severity="error" message="Variable &apos;fileName&apos; should be declared final." source="com.puppycrawl.tools.checkstyle.checks.coding.FinalLocalVariableCheck"/>
<error line="102" column="21" severity="error" message="Variable &apos;rows&apos; should be declared final." source="com.puppycrawl.tools.checkstyle.checks.coding.FinalLocalVariableCheck"/>
<error line="109" column="17" severity="error" message="&apos;if&apos; construct must use &apos;{}&apos;s." source="com.puppycrawl.tools.checkstyle.checks.blocks.NeedBracesCheck"/>
<error line="110" column="26" severity="error" message="Variable &apos;tokens&apos; should be declared final." source="com.puppycrawl.tools.checkstyle.checks.coding.FinalLocalVariableCheck"/>
<error line="111" column="23" severity="error" message="Variable &apos;row&apos; should be declared final." source="com.puppycrawl.tools.checkstyle.checks.coding.FinalLocalVariableCheck"/>
<error line="117" column="30" severity="error" message="Variable &apos;e&apos; should be declared final." source="com.puppycrawl.tools.checkstyle.checks.coding.FinalLocalVariableCheck"/>
<error line="121" column="17" severity="error" message="Variable &apos;map&apos; should be declared final." source="com.puppycrawl.tools.checkstyle.checks.coding.FinalLocalVariableCheck"/>
<error line="129" column="37" severity="error" message="Parameter path should be final." source="com.puppycrawl.tools.checkstyle.checks.FinalParametersCheck"/>
<error line="129" column="44" severity="error" message="Variable &apos;path&apos; should be declared final." source="com.puppycrawl.tools.checkstyle.checks.coding.FinalLocalVariableCheck"/>
<error line="132" column="30" severity="error" message="Variable &apos;e&apos; should be declared final." source="com.puppycrawl.tools.checkstyle.checks.coding.FinalLocalVariableCheck"/>
<error line="138" column="37" severity="error" message="Parameter rows should be final." source="com.puppycrawl.tools.checkstyle.checks.FinalParametersCheck"/>
<error line="138" column="41" severity="error" message="Variable &apos;rows&apos; should be declared final." source="com.puppycrawl.tools.checkstyle.checks.coding.FinalLocalVariableCheck"/>
<error line="138" column="47" severity="error" message="Parameter cols should be final." source="com.puppycrawl.tools.checkstyle.checks.FinalParametersCheck"/>
<error line="138" column="51" severity="error" message="Variable &apos;cols&apos; should be declared final." source="com.puppycrawl.tools.checkstyle.checks.coding.FinalLocalVariableCheck"/>
<error line="138" column="57" severity="error" message="Parameter tileType should be final." source="com.puppycrawl.tools.checkstyle.checks.FinalParametersCheck"/>
<error line="138" column="61" severity="error" message="Variable &apos;tileType&apos; should be declared final." source="com.puppycrawl.tools.checkstyle.checks.coding.FinalLocalVariableCheck"/>
<error line="139" column="17" severity="error" message="Variable &apos;map&apos; should be declared final." source="com.puppycrawl.tools.checkstyle.checks.coding.FinalLocalVariableCheck"/>
<error line="148" column="5" severity="error" message="Class &apos;TileMap&apos; looks like designed for extension (can be subclassed), but the method &apos;getTileIdAt&apos; does not have javadoc that explains how to do that safely. If class is not designed for extension consider making the class &apos;TileMap&apos; final or making the method &apos;getTileIdAt&apos; static/final/abstract/empty, or adding allowed annotation for the method." source="com.puppycrawl.tools.checkstyle.checks.design.DesignForExtensionCheck"/>
<error line="148" column="5" severity="error" message="Missing a Javadoc comment." source="com.puppycrawl.tools.checkstyle.checks.javadoc.MissingJavadocMethodCheck"/>
<error line="148" column="28" severity="error" message="Parameter x should be final." source="com.puppycrawl.tools.checkstyle.checks.FinalParametersCheck"/>
<error line="148" column="32" severity="error" message="Variable &apos;x&apos; should be declared final." source="com.puppycrawl.tools.checkstyle.checks.coding.FinalLocalVariableCheck"/>
<error line="148" column="35" severity="error" message="Parameter y should be final." source="com.puppycrawl.tools.checkstyle.checks.FinalParametersCheck"/>
<error line="148" column="39" severity="error" message="Variable &apos;y&apos; should be declared final." source="com.puppycrawl.tools.checkstyle.checks.coding.FinalLocalVariableCheck"/>
<error line="149" column="13" severity="error" message="Variable &apos;tileX&apos; should be declared final." source="com.puppycrawl.tools.checkstyle.checks.coding.FinalLocalVariableCheck"/>
<error line="150" column="13" severity="error" message="Variable &apos;tileY&apos; should be declared final." source="com.puppycrawl.tools.checkstyle.checks.coding.FinalLocalVariableCheck"/>
<error line="153" column="18" severity="error" message="Variable &apos;tile&apos; should be declared final." source="com.puppycrawl.tools.checkstyle.checks.coding.FinalLocalVariableCheck"/>
<error line="159" column="5" severity="error" message="Class &apos;TileMap&apos; looks like designed for extension (can be subclassed), but the method &apos;getTileAt&apos; does not have javadoc that explains how to do that safely. If class is not designed for extension consider making the class &apos;TileMap&apos; final or making the method &apos;getTileAt&apos; static/final/abstract/empty, or adding allowed annotation for the method." source="com.puppycrawl.tools.checkstyle.checks.design.DesignForExtensionCheck"/>
<error line="159" column="5" severity="error" message="Missing a Javadoc comment." source="com.puppycrawl.tools.checkstyle.checks.javadoc.MissingJavadocMethodCheck"/>
<error line="159" column="27" severity="error" message="Parameter tileX should be final." source="com.puppycrawl.tools.checkstyle.checks.FinalParametersCheck"/>
<error line="159" column="31" severity="error" message="Variable &apos;tileX&apos; should be declared final." source="com.puppycrawl.tools.checkstyle.checks.coding.FinalLocalVariableCheck"/>
<error line="159" column="38" severity="error" message="Parameter tileY should be final." source="com.puppycrawl.tools.checkstyle.checks.FinalParametersCheck"/>
<error line="159" column="42" severity="error" message="Variable &apos;tileY&apos; should be declared final." source="com.puppycrawl.tools.checkstyle.checks.coding.FinalLocalVariableCheck"/>
<error line="166" column="5" severity="error" message="Class &apos;TileMap&apos; looks like designed for extension (can be subclassed), but the method &apos;getMapWidthInTiles&apos; does not have javadoc that explains how to do that safely. If class is not designed for extension consider making the class &apos;TileMap&apos; final or making the method &apos;getMapWidthInTiles&apos; static/final/abstract/empty, or adding allowed annotation for the method." source="com.puppycrawl.tools.checkstyle.checks.design.DesignForExtensionCheck"/>
<error line="166" column="5" severity="error" message="Missing a Javadoc comment." source="com.puppycrawl.tools.checkstyle.checks.javadoc.MissingJavadocMethodCheck"/>
<error line="173" column="5" severity="error" message="Class &apos;TileMap&apos; looks like designed for extension (can be subclassed), but the method &apos;getMapHeightInTiles&apos; does not have javadoc that explains how to do that safely. If class is not designed for extension consider making the class &apos;TileMap&apos; final or making the method &apos;getMapHeightInTiles&apos; static/final/abstract/empty, or adding allowed annotation for the method." source="com.puppycrawl.tools.checkstyle.checks.design.DesignForExtensionCheck"/>
<error line="173" column="5" severity="error" message="Missing a Javadoc comment." source="com.puppycrawl.tools.checkstyle.checks.javadoc.MissingJavadocMethodCheck"/>
<error line="181" column="5" severity="error" message="Class &apos;TileMap&apos; looks like designed for extension (can be subclassed), but the method &apos;changeMap&apos; does not have javadoc that explains how to do that safely. If class is not designed for extension consider making the class &apos;TileMap&apos; final or making the method &apos;changeMap&apos; static/final/abstract/empty, or adding allowed annotation for the method." source="com.puppycrawl.tools.checkstyle.checks.design.DesignForExtensionCheck"/>
<error line="181" column="5" severity="error" message="Missing a Javadoc comment." source="com.puppycrawl.tools.checkstyle.checks.javadoc.MissingJavadocMethodCheck"/>
<error line="181" column="27" severity="error" message="Parameter mapName should be final." source="com.puppycrawl.tools.checkstyle.checks.FinalParametersCheck"/>
<error line="181" column="34" severity="error" message="Variable &apos;mapName&apos; should be declared final." source="com.puppycrawl.tools.checkstyle.checks.coding.FinalLocalVariableCheck"/>
<error line="185" column="5" severity="error" message="Class &apos;TileMap&apos; looks like designed for extension (can be subclassed), but the method &apos;findSpawnPoint&apos; does not have javadoc that explains how to do that safely. If class is not designed for extension consider making the class &apos;TileMap&apos; final or making the method &apos;findSpawnPoint&apos; static/final/abstract/empty, or adding allowed annotation for the method." source="com.puppycrawl.tools.checkstyle.checks.design.DesignForExtensionCheck"/>
<error line="185" column="5" severity="error" message="Missing a Javadoc comment." source="com.puppycrawl.tools.checkstyle.checks.javadoc.MissingJavadocMethodCheck"/>
<error line="185" column="33" severity="error" message="Parameter spawnTileId should be final." source="com.puppycrawl.tools.checkstyle.checks.FinalParametersCheck"/>
<error line="185" column="37" severity="error" message="Variable &apos;spawnTileId&apos; should be declared final." source="com.puppycrawl.tools.checkstyle.checks.coding.FinalLocalVariableCheck"/>
<error line="188" column="22" severity="error" message="Variable &apos;tile&apos; should be declared final." source="com.puppycrawl.tools.checkstyle.checks.coding.FinalLocalVariableCheck"/>
<error line="198" column="5" severity="error" message="Class &apos;TileMap&apos; looks like designed for extension (can be subclassed), but the method &apos;paint&apos; does not have javadoc that explains how to do that safely. If class is not designed for extension consider making the class &apos;TileMap&apos; final or making the method &apos;paint&apos; static/final/abstract/empty, or adding allowed annotation for the method." source="com.puppycrawl.tools.checkstyle.checks.design.DesignForExtensionCheck"/>
<error line="198" column="5" severity="error" message="Missing a Javadoc comment." source="com.puppycrawl.tools.checkstyle.checks.javadoc.MissingJavadocMethodCheck"/>
<error line="198" column="23" severity="error" message="Parameter g should be final." source="com.puppycrawl.tools.checkstyle.checks.FinalParametersCheck"/>
<error line="198" column="32" severity="error" message="Variable &apos;g&apos; should be declared final." source="com.puppycrawl.tools.checkstyle.checks.coding.FinalLocalVariableCheck"/>
<error line="203" column="9" severity="error" message="&apos;if&apos; construct must use &apos;{}&apos;s." source="com.puppycrawl.tools.checkstyle.checks.blocks.NeedBracesCheck"/>
<error line="206" column="22" severity="error" message="Variable &apos;tile&apos; should be declared final." source="com.puppycrawl.tools.checkstyle.checks.coding.FinalLocalVariableCheck"/>
<error line="215" severity="error" message="Line has trailing spaces." source="com.puppycrawl.tools.checkstyle.checks.regexp.RegexpSinglelineCheck"/>
<error line="216" severity="error" message="Line has trailing spaces." source="com.puppycrawl.tools.checkstyle.checks.regexp.RegexpSinglelineCheck"/>
</file>
<file name="C:\Users\Utente\Desktop\the-legend-of-bald\src\main\java\com\thelegendofbald\view\mainmenu\CenterPanel.java">
</file>
<file name="C:\Users\Utente\Desktop\the-legend-of-bald\src\main\java\com\thelegendofbald\view\mainmenu\MainPanel.java">
</file>
<file name="C:\Users\Utente\Desktop\the-legend-of-bald\src\main\java\com\thelegendofbald\view\settingsmenu\CategoriesPanel.java">
</file>
<file name="C:\Users\Utente\Desktop\the-legend-of-bald\src\main\java\com\thelegendofbald\view\settingsmenu\ConfigPanel.java">
</file>
<file name="C:\Users\Utente\Desktop\the-legend-of-bald\src\main\java\com\thelegendofbald\view\settingsmenu\NorthPanel.java">
</file>
<file name="C:\Users\Utente\Desktop\the-legend-of-bald\src\main\java\com\thelegendofbald\view\settingsmenu\SettingsEditor.java">
</file>
<file name="C:\Users\Utente\Desktop\the-legend-of-bald\src\main\java\com\thelegendofbald\view\settingsmenu\SettingsEditorManagerPanel.java">
</file>
<file name="C:\Users\Utente\Desktop\the-legend-of-bald\src\main\java\com\thelegendofbald\view\settingsmenu\SettingsPanel.java">
</file>
</checkstyle>
